<?xml version="1.0" encoding="UTF-8"?>
<!-- Generated by org.testng.reporters.JUnitXMLReporter -->
<testsuite ignored="0" hostname="DESKTOP-AH0EAR4" failures="0" tests="3007" name="Erudex Apache HTTP Login API  Tests" time="97.732" errors="0" timestamp="2023-07-04T23:52:34 EDT">
  <testcase classname="com.erudex.test.login.LoginTestApache" name="testNavToLoginPage" time="0.271"/>
  <testcase classname="com.erudex.test.login.LoginTestApache" name="testLogin" time="0.324"/>
  <testcase classname="com.erudex.test.login.LoginTestApache" name="testLogin" time="0.316"/>
  <testcase classname="com.erudex.test.login.LoginTestApache" name="testLogin" time="0.316"/>
  <testcase classname="com.erudex.test.login.LoginTestApache" name="testLogin" time="0.335"/>
  <testcase classname="com.erudex.test.login.LoginTestApache" name="testLogin" time="0.323"/>
  <testcase classname="com.erudex.test.login.LoginTestApache" name="testLogin" time="0.335"/>
  <testcase classname="com.erudex.test.login.LoginTestApache" name="testLogin" time="0.319"/>
  <testcase classname="com.erudex.test.login.LoginTestApache" name="testLogin" time="0.342"/>
  <testcase classname="com.erudex.test.login.LoginTestApache" name="testLogin" time="0.333"/>
  <testcase classname="com.erudex.test.login.LoginTestApache" name="testLogin" time="0.342"/>
  <testcase classname="com.erudex.test.login.LoginTestApache" name="testLogin" time="0.314"/>
  <testcase classname="com.erudex.test.login.LoginTestApache" name="testLogin" time="0.327"/>
  <testcase classname="com.erudex.test.login.LoginTestApache" name="testLogin" time="0.325"/>
  <testcase classname="com.erudex.test.login.LoginTestApache" name="testLogin" time="0.321"/>
  <testcase classname="com.erudex.test.login.LoginTestApache" name="testLogin" time="0.32"/>
  <testcase classname="com.erudex.test.login.LoginTestApache" name="testLogin" time="0.321"/>
  <testcase classname="com.erudex.test.login.LoginTestApache" name="testLogin" time="0.319"/>
  <testcase classname="com.erudex.test.login.LoginTestApache" name="testLogin" time="0.334"/>
  <testcase classname="com.erudex.test.login.LoginTestApache" name="testLogin" time="0.317"/>
  <testcase classname="com.erudex.test.login.LoginTestApache" name="testLogin" time="0.319"/>
  <testcase classname="com.erudex.test.login.LoginTestApache" name="testLogin" time="0.311"/>
  <testcase classname="com.erudex.test.login.LoginTestApache" name="testLogin" time="0.328"/>
  <testcase classname="com.erudex.test.login.LoginTestApache" name="testLogin" time="0.325"/>
  <testcase classname="com.erudex.test.login.LoginTestApache" name="testLogin" time="0.327"/>
  <testcase classname="com.erudex.test.login.LoginTestApache" name="testLogin" time="0.32"/>
  <testcase classname="com.erudex.test.login.LoginTestApache" name="testLogin" time="0.331"/>
  <testcase classname="com.erudex.test.login.LoginTestApache" name="testLogin" time="0.314"/>
  <testcase classname="com.erudex.test.login.LoginTestApache" name="testLogin" time="0.319"/>
  <testcase classname="com.erudex.test.login.LoginTestApache" name="testLogin" time="0.312"/>
  <testcase classname="com.erudex.test.login.LoginTestApache" name="testLogin" time="0.318"/>
  <testcase classname="com.erudex.test.login.LoginTestApache" name="testLogin" time="0.309"/>
  <testcase classname="com.erudex.test.login.LoginTestApache" name="testLogin" time="0.32"/>
  <testcase classname="com.erudex.test.login.LoginTestApache" name="testLogin" time="0.315"/>
  <testcase classname="com.erudex.test.login.LoginTestApache" name="testLogin" time="0.322"/>
  <testcase classname="com.erudex.test.login.LoginTestApache" name="testLogin" time="0.31"/>
  <testcase classname="com.erudex.test.login.LoginTestApache" name="testLogin" time="0.316"/>
  <testcase classname="com.erudex.test.login.LoginTestApache" name="testLogin" time="0.32"/>
  <testcase classname="com.erudex.test.login.LoginTestApache" name="testLogin" time="0.32"/>
  <testcase classname="com.erudex.test.login.LoginTestApache" name="testLogin" time="0.309"/>
  <testcase classname="com.erudex.test.login.LoginTestApache" name="testLogin" time="0.319"/>
  <testcase classname="com.erudex.test.login.LoginTestApache" name="testLogin" time="0.313"/>
  <testcase classname="com.erudex.test.login.LoginTestApache" name="testLogin" time="0.32"/>
  <testcase classname="com.erudex.test.login.LoginTestApache" name="testLogin" time="0.33"/>
  <testcase classname="com.erudex.test.login.LoginTestApache" name="testLogin" time="0.322"/>
  <testcase classname="com.erudex.test.login.LoginTestApache" name="testLogin" time="0.323"/>
  <testcase classname="com.erudex.test.login.LoginTestApache" name="testLogin" time="0.323"/>
  <testcase classname="com.erudex.test.login.LoginTestApache" name="testLogin" time="0.315"/>
  <testcase classname="com.erudex.test.login.LoginTestApache" name="testLogin" time="0.326"/>
  <testcase classname="com.erudex.test.login.LoginTestApache" name="testLogin" time="0.337"/>
  <testcase classname="com.erudex.test.login.LoginTestApache" name="testLogin" time="0.343"/>
  <testcase classname="com.erudex.test.login.LoginTestApache" name="testLogin" time="0.312"/>
  <testcase classname="com.erudex.test.login.LoginTestApache" name="testLogin" time="0.313"/>
  <testcase classname="com.erudex.test.login.LoginTestApache" name="testLogin" time="0.325"/>
  <testcase classname="com.erudex.test.login.LoginTestApache" name="testLogin" time="0.316"/>
  <testcase classname="com.erudex.test.login.LoginTestApache" name="testLogin" time="0.324"/>
  <testcase classname="com.erudex.test.login.LoginTestApache" name="testLogin" time="0.326"/>
  <testcase classname="com.erudex.test.login.LoginTestApache" name="testLogin" time="0.32"/>
  <testcase classname="com.erudex.test.login.LoginTestApache" name="testLogin" time="0.33"/>
  <testcase classname="com.erudex.test.login.LoginTestApache" name="testLogin" time="0.319"/>
  <testcase classname="com.erudex.test.login.LoginTestApache" name="testLogin" time="0.316"/>
  <testcase classname="com.erudex.test.login.LoginTestApache" name="testLogin" time="0.307"/>
  <testcase classname="com.erudex.test.login.LoginTestApache" name="testLogin" time="0.318"/>
  <testcase classname="com.erudex.test.login.LoginTestApache" name="testLogin" time="0.31"/>
  <testcase classname="com.erudex.test.login.LoginTestApache" name="testLogin" time="0.331"/>
  <testcase classname="com.erudex.test.login.LoginTestApache" name="testLogin" time="0.328"/>
  <testcase classname="com.erudex.test.login.LoginTestApache" name="testLogin" time="0.317"/>
  <testcase classname="com.erudex.test.login.LoginTestApache" name="testLogin" time="0.331"/>
  <testcase classname="com.erudex.test.login.LoginTestApache" name="testLogin" time="0.321"/>
  <testcase classname="com.erudex.test.login.LoginTestApache" name="testLogin" time="0.315"/>
  <testcase classname="com.erudex.test.login.LoginTestApache" name="testLogin" time="0.311"/>
  <testcase classname="com.erudex.test.login.LoginTestApache" name="testLogin" time="0.319"/>
  <testcase classname="com.erudex.test.login.LoginTestApache" name="testLogin" time="0.317"/>
  <testcase classname="com.erudex.test.login.LoginTestApache" name="testLogin" time="0.307"/>
  <testcase classname="com.erudex.test.login.LoginTestApache" name="testLogin" time="0.312"/>
  <testcase classname="com.erudex.test.login.LoginTestApache" name="testLogin" time="0.305"/>
  <testcase classname="com.erudex.test.login.LoginTestApache" name="testLogin" time="0.321"/>
  <testcase classname="com.erudex.test.login.LoginTestApache" name="testLogin" time="0.327"/>
  <testcase classname="com.erudex.test.login.LoginTestApache" name="testLogin" time="0.718"/>
  <testcase classname="com.erudex.test.login.LoginTestApache" name="testLogin" time="0.316"/>
  <testcase classname="com.erudex.test.login.LoginTestApache" name="testLogin" time="0.316"/>
  <testcase classname="com.erudex.test.login.LoginTestApache" name="testLogin" time="0.31"/>
  <testcase classname="com.erudex.test.login.LoginTestApache" name="testLogin" time="0.31"/>
  <testcase classname="com.erudex.test.login.LoginTestApache" name="testLogin" time="0.345"/>
  <testcase classname="com.erudex.test.login.LoginTestApache" name="testLogin" time="0.327"/>
  <testcase classname="com.erudex.test.login.LoginTestApache" name="testLogin" time="0.336"/>
  <testcase classname="com.erudex.test.login.LoginTestApache" name="testLogin" time="0.698"/>
  <testcase classname="com.erudex.test.login.LoginTestApache" name="testLogin" time="0.322"/>
  <testcase classname="com.erudex.test.login.LoginTestApache" name="testLogin" time="0.303"/>
  <testcase classname="com.erudex.test.login.LoginTestApache" name="testLogin" time="0.309"/>
  <testcase classname="com.erudex.test.login.LoginTestApache" name="testLogin" time="0.317"/>
  <testcase classname="com.erudex.test.login.LoginTestApache" name="testLogin" time="0.312"/>
  <testcase classname="com.erudex.test.login.LoginTestApache" name="testLogin" time="0.305"/>
  <testcase classname="com.erudex.test.login.LoginTestApache" name="testLogin" time="0.31"/>
  <testcase classname="com.erudex.test.login.LoginTestApache" name="testLogin" time="0.317"/>
  <testcase classname="com.erudex.test.login.LoginTestApache" name="testLogin" time="0.303"/>
  <testcase classname="com.erudex.test.login.LoginTestApache" name="testLogin" time="0.3"/>
  <testcase classname="com.erudex.test.login.LoginTestApache" name="testLogin" time="0.707"/>
  <testcase classname="com.erudex.test.login.LoginTestApache" name="testLogin" time="0.313"/>
  <testcase classname="com.erudex.test.login.LoginTestApache" name="testLogin" time="0.316"/>
  <testcase classname="com.erudex.test.login.LoginTestApache" name="testLogin" time="0.308"/>
  <testcase classname="com.erudex.test.login.LoginTestApache" name="testLogin" time="0.309"/>
  <testcase classname="com.erudex.test.login.LoginTestApache" name="testLogin" time="0.314"/>
  <testcase classname="com.erudex.test.login.LoginTestApache" name="testLogin" time="0.317"/>
  <testcase classname="com.erudex.test.login.LoginTestApache" name="testLogin" time="0.322"/>
  <testcase classname="com.erudex.test.login.LoginTestApache" name="testLogin" time="0.313"/>
  <testcase classname="com.erudex.test.login.LoginTestApache" name="testLogin" time="0.308"/>
  <testcase classname="com.erudex.test.login.LoginTestApache" name="testLogin" time="0.321"/>
  <testcase classname="com.erudex.test.login.LoginTestApache" name="testLogin" time="0.315"/>
  <testcase classname="com.erudex.test.login.LoginTestApache" name="testLogin" time="0.301"/>
  <testcase classname="com.erudex.test.login.LoginTestApache" name="testLogin" time="0.306"/>
  <testcase classname="com.erudex.test.login.LoginTestApache" name="testLogin" time="0.307"/>
  <testcase classname="com.erudex.test.login.LoginTestApache" name="testLogin" time="0.309"/>
  <testcase classname="com.erudex.test.login.LoginTestApache" name="testLogin" time="0.319"/>
  <testcase classname="com.erudex.test.login.LoginTestApache" name="testLogin" time="0.317"/>
  <testcase classname="com.erudex.test.login.LoginTestApache" name="testLogin" time="0.315"/>
  <testcase classname="com.erudex.test.login.LoginTestApache" name="testLogin" time="0.327"/>
  <testcase classname="com.erudex.test.login.LoginTestApache" name="testLogin" time="0.308"/>
  <testcase classname="com.erudex.test.login.LoginTestApache" name="testLogin" time="0.313"/>
  <testcase classname="com.erudex.test.login.LoginTestApache" name="testLogin" time="0.313"/>
  <testcase classname="com.erudex.test.login.LoginTestApache" name="testLogin" time="0.31"/>
  <testcase classname="com.erudex.test.login.LoginTestApache" name="testLogin" time="0.321"/>
  <testcase classname="com.erudex.test.login.LoginTestApache" name="testLogin" time="0.309"/>
  <testcase classname="com.erudex.test.login.LoginTestApache" name="testLogin" time="0.309"/>
  <testcase classname="com.erudex.test.login.LoginTestApache" name="testLogin" time="0.317"/>
  <testcase classname="com.erudex.test.login.LoginTestApache" name="testLogin" time="0.316"/>
  <testcase classname="com.erudex.test.login.LoginTestApache" name="testLogin" time="0.314"/>
  <testcase classname="com.erudex.test.login.LoginTestApache" name="testLogin" time="0.313"/>
  <testcase classname="com.erudex.test.login.LoginTestApache" name="testLogin" time="0.313"/>
  <testcase classname="com.erudex.test.login.LoginTestApache" name="testLogin" time="0.314"/>
  <testcase classname="com.erudex.test.login.LoginTestApache" name="testLogin" time="0.935"/>
  <testcase classname="com.erudex.test.login.LoginTestApache" name="testLogin" time="0.327"/>
  <testcase classname="com.erudex.test.login.LoginTestApache" name="testLogin" time="0.32"/>
  <testcase classname="com.erudex.test.login.LoginTestApache" name="testLogin" time="0.305"/>
  <testcase classname="com.erudex.test.login.LoginTestApache" name="testLogin" time="0.727"/>
  <testcase classname="com.erudex.test.login.LoginTestApache" name="testLogin" time="0.309"/>
  <testcase classname="com.erudex.test.login.LoginTestApache" name="testLogin" time="0.314"/>
  <testcase classname="com.erudex.test.login.LoginTestApache" name="testLogin" time="0.311"/>
  <testcase classname="com.erudex.test.login.LoginTestApache" name="testLogin" time="0.327"/>
  <testcase classname="com.erudex.test.login.LoginTestApache" name="testLogin" time="0.313"/>
  <testcase classname="com.erudex.test.login.LoginTestApache" name="testLogin" time="0.301"/>
  <testcase classname="com.erudex.test.login.LoginTestApache" name="testLogin" time="0.317"/>
  <testcase classname="com.erudex.test.login.LoginTestApache" name="testLogin" time="0.308"/>
  <testcase classname="com.erudex.test.login.LoginTestApache" name="testLogin" time="0.316"/>
  <testcase classname="com.erudex.test.login.LoginTestApache" name="testLogin" time="0.311"/>
  <testcase classname="com.erudex.test.login.LoginTestApache" name="testLogin" time="0.311"/>
  <testcase classname="com.erudex.test.login.LoginTestApache" name="testLogin" time="0.313"/>
  <testcase classname="com.erudex.test.login.LoginTestApache" name="testLogin" time="0.308"/>
  <testcase classname="com.erudex.test.login.LoginTestApache" name="testLogin" time="0.318"/>
  <testcase classname="com.erudex.test.login.LoginTestApache" name="testLogin" time="0.315"/>
  <testcase classname="com.erudex.test.login.LoginTestApache" name="testLogin" time="0.311"/>
  <testcase classname="com.erudex.test.login.LoginTestApache" name="testLogin" time="0.316"/>
  <testcase classname="com.erudex.test.login.LoginTestApache" name="testLogin" time="0.314"/>
  <testcase classname="com.erudex.test.login.LoginTestApache" name="testLogin" time="0.324"/>
  <testcase classname="com.erudex.test.login.LoginTestApache" name="testLogin" time="0.323"/>
  <testcase classname="com.erudex.test.login.LoginTestApache" name="testLogin" time="0.316"/>
  <testcase classname="com.erudex.test.login.LoginTestApache" name="testLogin" time="0.315"/>
  <testcase classname="com.erudex.test.login.LoginTestApache" name="testLogin" time="0.324"/>
  <testcase classname="com.erudex.test.login.LoginTestApache" name="testLogin" time="0.326"/>
  <testcase classname="com.erudex.test.login.LoginTestApache" name="testLogin" time="0.325"/>
  <testcase classname="com.erudex.test.login.LoginTestApache" name="testLogin" time="0.311"/>
  <testcase classname="com.erudex.test.login.LoginTestApache" name="testLogin" time="0.313"/>
  <testcase classname="com.erudex.test.login.LoginTestApache" name="testLogin" time="0.314"/>
  <testcase classname="com.erudex.test.login.LoginTestApache" name="testLogin" time="0.309"/>
  <testcase classname="com.erudex.test.login.LoginTestApache" name="testLogin" time="0.313"/>
  <testcase classname="com.erudex.test.login.LoginTestApache" name="testLogin" time="0.313"/>
  <testcase classname="com.erudex.test.login.LoginTestApache" name="testLogin" time="0.307"/>
  <testcase classname="com.erudex.test.login.LoginTestApache" name="testLogin" time="0.314"/>
  <testcase classname="com.erudex.test.login.LoginTestApache" name="testLogin" time="0.313"/>
  <testcase classname="com.erudex.test.login.LoginTestApache" name="testLogin" time="0.306"/>
  <testcase classname="com.erudex.test.login.LoginTestApache" name="testLogin" time="0.309"/>
  <testcase classname="com.erudex.test.login.LoginTestApache" name="testLogin" time="0.31"/>
  <testcase classname="com.erudex.test.login.LoginTestApache" name="testLogin" time="0.306"/>
  <testcase classname="com.erudex.test.login.LoginTestApache" name="testLogin" time="0.304"/>
  <testcase classname="com.erudex.test.login.LoginTestApache" name="testLogin" time="0.303"/>
  <testcase classname="com.erudex.test.login.LoginTestApache" name="testLogin" time="0.301"/>
  <testcase classname="com.erudex.test.login.LoginTestApache" name="testLogin" time="0.313"/>
  <testcase classname="com.erudex.test.login.LoginTestApache" name="testLogin" time="0.316"/>
  <testcase classname="com.erudex.test.login.LoginTestApache" name="testLogin" time="0.315"/>
  <testcase classname="com.erudex.test.login.LoginTestApache" name="testLogin" time="0.308"/>
  <testcase classname="com.erudex.test.login.LoginTestApache" name="testLogin" time="0.306"/>
  <testcase classname="com.erudex.test.login.LoginTestApache" name="testLogin" time="0.299"/>
  <testcase classname="com.erudex.test.login.LoginTestApache" name="testLogin" time="0.309"/>
  <testcase classname="com.erudex.test.login.LoginTestApache" name="testLogin" time="0.312"/>
  <testcase classname="com.erudex.test.login.LoginTestApache" name="testLogin" time="0.304"/>
  <testcase classname="com.erudex.test.login.LoginTestApache" name="testLogin" time="0.313"/>
  <testcase classname="com.erudex.test.login.LoginTestApache" name="testLogin" time="0.327"/>
  <testcase classname="com.erudex.test.login.LoginTestApache" name="testLogin" time="0.316"/>
  <testcase classname="com.erudex.test.login.LoginTestApache" name="testLogin" time="0.315"/>
  <testcase classname="com.erudex.test.login.LoginTestApache" name="testLogin" time="0.312"/>
  <testcase classname="com.erudex.test.login.LoginTestApache" name="testLogin" time="0.305"/>
  <testcase classname="com.erudex.test.login.LoginTestApache" name="testLogin" time="0.298"/>
  <testcase classname="com.erudex.test.login.LoginTestApache" name="testLogin" time="0.316"/>
  <testcase classname="com.erudex.test.login.LoginTestApache" name="testLogin" time="0.318"/>
  <testcase classname="com.erudex.test.login.LoginTestApache" name="testLogin" time="0.313"/>
  <testcase classname="com.erudex.test.login.LoginTestApache" name="testLogin" time="0.31"/>
  <testcase classname="com.erudex.test.login.LoginTestApache" name="testLogin" time="0.306"/>
  <testcase classname="com.erudex.test.login.LoginTestApache" name="testLogin" time="0.312"/>
  <testcase classname="com.erudex.test.login.LoginTestApache" name="testLogin" time="0.317"/>
  <testcase classname="com.erudex.test.login.LoginTestApache" name="testLogin" time="0.32"/>
  <testcase classname="com.erudex.test.login.LoginTestApache" name="testLogin" time="0.316"/>
  <testcase classname="com.erudex.test.login.LoginTestApache" name="testLogin" time="0.307"/>
  <testcase classname="com.erudex.test.login.LoginTestApache" name="testLogin" time="0.316"/>
  <testcase classname="com.erudex.test.login.LoginTestApache" name="testLogin" time="0.307"/>
  <testcase classname="com.erudex.test.login.LoginTestApache" name="testLogin" time="0.318"/>
  <testcase classname="com.erudex.test.login.LoginTestApache" name="testLogin" time="0.306"/>
  <testcase classname="com.erudex.test.login.LoginTestApache" name="testLogin" time="0.32"/>
  <testcase classname="com.erudex.test.login.LoginTestApache" name="testLogin" time="0.314"/>
  <testcase classname="com.erudex.test.login.LoginTestApache" name="testLogin" time="0.313"/>
  <testcase classname="com.erudex.test.login.LoginTestApache" name="testLogin" time="0.328"/>
  <testcase classname="com.erudex.test.login.LoginTestApache" name="testLogin" time="0.319"/>
  <testcase classname="com.erudex.test.login.LoginTestApache" name="testLogin" time="0.319"/>
  <testcase classname="com.erudex.test.login.LoginTestApache" name="testLogin" time="0.33"/>
  <testcase classname="com.erudex.test.login.LoginTestApache" name="testLogin" time="0.311"/>
  <testcase classname="com.erudex.test.login.LoginTestApache" name="testLogin" time="0.305"/>
  <testcase classname="com.erudex.test.login.LoginTestApache" name="testLogin" time="0.301"/>
  <testcase classname="com.erudex.test.login.LoginTestApache" name="testLogin" time="0.311"/>
  <testcase classname="com.erudex.test.login.LoginTestApache" name="testLogin" time="0.302"/>
  <testcase classname="com.erudex.test.login.LoginTestApache" name="testLogin" time="0.316"/>
  <testcase classname="com.erudex.test.login.LoginTestApache" name="testLogin" time="0.312"/>
  <testcase classname="com.erudex.test.login.LoginTestApache" name="testLogin" time="0.311"/>
  <testcase classname="com.erudex.test.login.LoginTestApache" name="testLogin" time="0.319"/>
  <testcase classname="com.erudex.test.login.LoginTestApache" name="testLogin" time="0.315"/>
  <testcase classname="com.erudex.test.login.LoginTestApache" name="testLogin" time="0.323"/>
  <testcase classname="com.erudex.test.login.LoginTestApache" name="testLogin" time="0.312"/>
  <testcase classname="com.erudex.test.login.LoginTestApache" name="testLogin" time="0.31"/>
  <testcase classname="com.erudex.test.login.LoginTestApache" name="testLogin" time="0.323"/>
  <testcase classname="com.erudex.test.login.LoginTestApache" name="testLogin" time="0.318"/>
  <testcase classname="com.erudex.test.login.LoginTestApache" name="testLogin" time="0.305"/>
  <testcase classname="com.erudex.test.login.LoginTestApache" name="testLogin" time="0.326"/>
  <testcase classname="com.erudex.test.login.LoginTestApache" name="testLogin" time="0.314"/>
  <testcase classname="com.erudex.test.login.LoginTestApache" name="testLogin" time="0.324"/>
  <testcase classname="com.erudex.test.login.LoginTestApache" name="testLogin" time="0.326"/>
  <testcase classname="com.erudex.test.login.LoginTestApache" name="testLogin" time="0.331"/>
  <testcase classname="com.erudex.test.login.LoginTestApache" name="testLogin" time="0.315"/>
  <testcase classname="com.erudex.test.login.LoginTestApache" name="testLogin" time="0.311"/>
  <testcase classname="com.erudex.test.login.LoginTestApache" name="testLogin" time="0.317"/>
  <testcase classname="com.erudex.test.login.LoginTestApache" name="testLogin" time="0.308"/>
  <testcase classname="com.erudex.test.login.LoginTestApache" name="testLogin" time="0.307"/>
  <testcase classname="com.erudex.test.login.LoginTestApache" name="testLogin" time="0.304"/>
  <testcase classname="com.erudex.test.login.LoginTestApache" name="testLogin" time="0.314"/>
  <testcase classname="com.erudex.test.login.LoginTestApache" name="testLogin" time="0.355"/>
  <testcase classname="com.erudex.test.login.LoginTestApache" name="testLogin" time="0.301"/>
  <testcase classname="com.erudex.test.login.LoginTestApache" name="testLogin" time="0.297"/>
  <testcase classname="com.erudex.test.login.LoginTestApache" name="testLogin" time="0.306"/>
  <testcase classname="com.erudex.test.login.LoginTestApache" name="testLogin" time="0.304"/>
  <testcase classname="com.erudex.test.login.LoginTestApache" name="testLogin" time="0.299"/>
  <testcase classname="com.erudex.test.login.LoginTestApache" name="testLogin" time="0.31"/>
  <testcase classname="com.erudex.test.login.LoginTestApache" name="testLogin" time="0.308"/>
  <testcase classname="com.erudex.test.login.LoginTestApache" name="testLogin" time="0.312"/>
  <testcase classname="com.erudex.test.login.LoginTestApache" name="testLogin" time="0.315"/>
  <testcase classname="com.erudex.test.login.LoginTestApache" name="testLogin" time="0.318"/>
  <testcase classname="com.erudex.test.login.LoginTestApache" name="testLogin" time="0.311"/>
  <testcase classname="com.erudex.test.login.LoginTestApache" name="testLogin" time="0.301"/>
  <testcase classname="com.erudex.test.login.LoginTestApache" name="testLogin" time="0.308"/>
  <testcase classname="com.erudex.test.login.LoginTestApache" name="testLogin" time="0.306"/>
  <testcase classname="com.erudex.test.login.LoginTestApache" name="testLogin" time="0.322"/>
  <testcase classname="com.erudex.test.login.LoginTestApache" name="testLogin" time="0.298"/>
  <testcase classname="com.erudex.test.login.LoginTestApache" name="testLogin" time="0.313"/>
  <testcase classname="com.erudex.test.login.LoginTestApache" name="testLogin" time="0.312"/>
  <testcase classname="com.erudex.test.login.LoginTestApache" name="testLogin" time="0.307"/>
  <testcase classname="com.erudex.test.login.LoginTestApache" name="testLogin" time="0.307"/>
  <testcase classname="com.erudex.test.login.LoginTestApache" name="testLogin" time="0.308"/>
  <testcase classname="com.erudex.test.login.LoginTestApache" name="testLogin" time="0.314"/>
  <testcase classname="com.erudex.test.login.LoginTestApache" name="testLogin" time="0.309"/>
  <testcase classname="com.erudex.test.login.LoginTestApache" name="testLogin" time="0.311"/>
  <testcase classname="com.erudex.test.login.LoginTestApache" name="testLogin" time="0.308"/>
  <testcase classname="com.erudex.test.login.LoginTestApache" name="testLogin" time="0.313"/>
  <testcase classname="com.erudex.test.login.LoginTestApache" name="testLogin" time="0.314"/>
  <testcase classname="com.erudex.test.login.LoginTestApache" name="testLogin" time="0.31"/>
  <testcase classname="com.erudex.test.login.LoginTestApache" name="testLogin" time="0.304"/>
  <testcase classname="com.erudex.test.login.LoginTestApache" name="testLogin" time="0.32"/>
  <testcase classname="com.erudex.test.login.LoginTestApache" name="testLogin" time="0.352"/>
  <testcase classname="com.erudex.test.login.LoginTestApache" name="testLogin" time="0.359"/>
  <testcase classname="com.erudex.test.login.LoginTestApache" name="testLogin" time="0.322"/>
  <testcase classname="com.erudex.test.login.LoginTestApache" name="testLogin" time="0.313"/>
  <testcase classname="com.erudex.test.login.LoginTestApache" name="testLogin" time="0.306"/>
  <testcase classname="com.erudex.test.login.LoginTestApache" name="testLogin" time="0.309"/>
  <testcase classname="com.erudex.test.login.LoginTestApache" name="testLogin" time="0.318"/>
  <testcase classname="com.erudex.test.login.LoginTestApache" name="testLogin" time="0.321"/>
  <testcase classname="com.erudex.test.login.LoginTestApache" name="testLogin" time="0.305"/>
  <testcase classname="com.erudex.test.login.LoginTestApache" name="testLogin" time="0.311"/>
  <testcase classname="com.erudex.test.login.LoginTestApache" name="testLogin" time="0.305"/>
  <testcase classname="com.erudex.test.login.LoginTestApache" name="testLogin" time="0.318"/>
  <testcase classname="com.erudex.test.login.LoginTestApache" name="testLogin" time="0.309"/>
  <testcase classname="com.erudex.test.login.LoginTestApache" name="testLogin" time="0.306"/>
  <testcase classname="com.erudex.test.login.LoginTestApache" name="testLogin" time="0.314"/>
  <testcase classname="com.erudex.test.login.LoginTestApache" name="testLogin" time="0.311"/>
  <testcase classname="com.erudex.test.login.LoginTestApache" name="testLogin" time="0.303"/>
  <testcase classname="com.erudex.test.login.LoginTestApache" name="testLogin" time="0.317"/>
  <testcase classname="com.erudex.test.login.LoginTestApache" name="testLogin" time="0.311"/>
  <testcase classname="com.erudex.test.login.LoginTestApache" name="testLogin" time="0.305"/>
  <testcase classname="com.erudex.test.login.LoginTestApache" name="testLogin" time="0.31"/>
  <testcase classname="com.erudex.test.login.LoginTestApache" name="testLogin" time="0.309"/>
  <testcase classname="com.erudex.test.login.LoginTestApache" name="testLogin" time="0.31"/>
  <testcase classname="com.erudex.test.login.LoginTestApache" name="testLogin" time="0.309"/>
  <testcase classname="com.erudex.test.login.LoginTestApache" name="testLogin" time="0.313"/>
  <testcase classname="com.erudex.test.login.LoginTestApache" name="testLogin" time="0.317"/>
  <testcase classname="com.erudex.test.login.LoginTestApache" name="testLogin" time="0.319"/>
  <testcase classname="com.erudex.test.login.LoginTestApache" name="testLogin" time="0.31"/>
  <testcase classname="com.erudex.test.login.LoginTestApache" name="testLogin" time="0.331"/>
  <testcase classname="com.erudex.test.login.LoginTestApache" name="testLogin" time="0.324"/>
  <testcase classname="com.erudex.test.login.LoginTestApache" name="testLogin" time="0.3"/>
  <testcase classname="com.erudex.test.login.LoginTestApache" name="testLogin" time="0.368"/>
  <testcase classname="com.erudex.test.login.LoginTestApache" name="testLogin" time="0.306"/>
  <testcase classname="com.erudex.test.login.LoginTestApache" name="testLogin" time="0.323"/>
  <testcase classname="com.erudex.test.login.LoginTestApache" name="testLogin" time="0.311"/>
  <testcase classname="com.erudex.test.login.LoginTestApache" name="testLogin" time="0.319"/>
  <testcase classname="com.erudex.test.login.LoginTestApache" name="testLogin" time="0.326"/>
  <testcase classname="com.erudex.test.login.LoginTestApache" name="testLogin" time="0.311"/>
  <testcase classname="com.erudex.test.login.LoginTestApache" name="testLogin" time="0.368"/>
  <testcase classname="com.erudex.test.login.LoginTestApache" name="testLogin" time="0.367"/>
  <testcase classname="com.erudex.test.login.LoginTestApache" name="testLogin" time="0.349"/>
  <testcase classname="com.erudex.test.login.LoginTestApache" name="testLogin" time="0.308"/>
  <testcase classname="com.erudex.test.login.LoginTestApache" name="testLogin" time="0.307"/>
  <testcase classname="com.erudex.test.login.LoginTestApache" name="testLogin" time="0.323"/>
  <testcase classname="com.erudex.test.login.LoginTestApache" name="testLogin" time="0.309"/>
  <testcase classname="com.erudex.test.login.LoginTestApache" name="testLogin" time="0.343"/>
  <testcase classname="com.erudex.test.login.LoginTestApache" name="testLogin" time="0.306"/>
  <testcase classname="com.erudex.test.login.LoginTestApache" name="testLogin" time="0.313"/>
  <testcase classname="com.erudex.test.login.LoginTestApache" name="testLogin" time="0.306"/>
  <testcase classname="com.erudex.test.login.LoginTestApache" name="testLogin" time="0.309"/>
  <testcase classname="com.erudex.test.login.LoginTestApache" name="testLogin" time="0.309"/>
  <testcase classname="com.erudex.test.login.LoginTestApache" name="testLogin" time="0.297"/>
  <testcase classname="com.erudex.test.login.LoginTestApache" name="testLogin" time="0.307"/>
  <testcase classname="com.erudex.test.login.LoginTestApache" name="testLogin" time="0.303"/>
  <testcase classname="com.erudex.test.login.LoginTestApache" name="testLogin" time="0.303"/>
  <testcase classname="com.erudex.test.login.LoginTestApache" name="testLogin" time="0.314"/>
  <testcase classname="com.erudex.test.login.LoginTestApache" name="testLogin" time="0.311"/>
  <testcase classname="com.erudex.test.login.LoginTestApache" name="testLogin" time="0.312"/>
  <testcase classname="com.erudex.test.login.LoginTestApache" name="testLogin" time="0.305"/>
  <testcase classname="com.erudex.test.login.LoginTestApache" name="testLogin" time="0.305"/>
  <testcase classname="com.erudex.test.login.LoginTestApache" name="testLogin" time="0.314"/>
  <testcase classname="com.erudex.test.login.LoginTestApache" name="testLogin" time="0.308"/>
  <testcase classname="com.erudex.test.login.LoginTestApache" name="testLogin" time="0.314"/>
  <testcase classname="com.erudex.test.login.LoginTestApache" name="testLogin" time="0.317"/>
  <testcase classname="com.erudex.test.login.LoginTestApache" name="testLogin" time="0.302"/>
  <testcase classname="com.erudex.test.login.LoginTestApache" name="testLogin" time="0.308"/>
  <testcase classname="com.erudex.test.login.LoginTestApache" name="testLogin" time="0.308"/>
  <testcase classname="com.erudex.test.login.LoginTestApache" name="testLogin" time="0.316"/>
  <testcase classname="com.erudex.test.login.LoginTestApache" name="testLogin" time="0.31"/>
  <testcase classname="com.erudex.test.login.LoginTestApache" name="testLogin" time="0.306"/>
  <testcase classname="com.erudex.test.login.LoginTestApache" name="testLogin" time="0.307"/>
  <testcase classname="com.erudex.test.login.LoginTestApache" name="testLogin" time="0.312"/>
  <testcase classname="com.erudex.test.login.LoginTestApache" name="testLogin" time="0.309"/>
  <testcase classname="com.erudex.test.login.LoginTestApache" name="testLogin" time="0.316"/>
  <testcase classname="com.erudex.test.login.LoginTestApache" name="testLogin" time="0.316"/>
  <testcase classname="com.erudex.test.login.LoginTestApache" name="testLogin" time="0.307"/>
  <testcase classname="com.erudex.test.login.LoginTestApache" name="testLogin" time="0.307"/>
  <testcase classname="com.erudex.test.login.LoginTestApache" name="testLogin" time="0.321"/>
  <testcase classname="com.erudex.test.login.LoginTestApache" name="testLogin" time="0.315"/>
  <testcase classname="com.erudex.test.login.LoginTestApache" name="testLogin" time="0.31"/>
  <testcase classname="com.erudex.test.login.LoginTestApache" name="testLogin" time="0.304"/>
  <testcase classname="com.erudex.test.login.LoginTestApache" name="testLogin" time="0.306"/>
  <testcase classname="com.erudex.test.login.LoginTestApache" name="testLogin" time="0.303"/>
  <testcase classname="com.erudex.test.login.LoginTestApache" name="testLogin" time="0.312"/>
  <testcase classname="com.erudex.test.login.LoginTestApache" name="testLogin" time="0.307"/>
  <testcase classname="com.erudex.test.login.LoginTestApache" name="testLogin" time="0.325"/>
  <testcase classname="com.erudex.test.login.LoginTestApache" name="testLogin" time="0.312"/>
  <testcase classname="com.erudex.test.login.LoginTestApache" name="testLogin" time="0.314"/>
  <testcase classname="com.erudex.test.login.LoginTestApache" name="testLogin" time="0.307"/>
  <testcase classname="com.erudex.test.login.LoginTestApache" name="testLogin" time="0.318"/>
  <testcase classname="com.erudex.test.login.LoginTestApache" name="testLogin" time="0.306"/>
  <testcase classname="com.erudex.test.login.LoginTestApache" name="testLogin" time="0.309"/>
  <testcase classname="com.erudex.test.login.LoginTestApache" name="testLogin" time="0.307"/>
  <testcase classname="com.erudex.test.login.LoginTestApache" name="testLogin" time="0.305"/>
  <testcase classname="com.erudex.test.login.LoginTestApache" name="testLogin" time="0.295"/>
  <testcase classname="com.erudex.test.login.LoginTestApache" name="testLogin" time="0.308"/>
  <testcase classname="com.erudex.test.login.LoginTestApache" name="testLogin" time="0.312"/>
  <testcase classname="com.erudex.test.login.LoginTestApache" name="testLogin" time="0.309"/>
  <testcase classname="com.erudex.test.login.LoginTestApache" name="testLogin" time="0.318"/>
  <testcase classname="com.erudex.test.login.LoginTestApache" name="testLogin" time="0.304"/>
  <testcase classname="com.erudex.test.login.LoginTestApache" name="testLogin" time="0.32"/>
  <testcase classname="com.erudex.test.login.LoginTestApache" name="testLogin" time="0.298"/>
  <testcase classname="com.erudex.test.login.LoginTestApache" name="testLogin" time="0.305"/>
  <testcase classname="com.erudex.test.login.LoginTestApache" name="testLogin" time="0.315"/>
  <testcase classname="com.erudex.test.login.LoginTestApache" name="testLogin" time="0.304"/>
  <testcase classname="com.erudex.test.login.LoginTestApache" name="testLogin" time="0.314"/>
  <testcase classname="com.erudex.test.login.LoginTestApache" name="testLogin" time="0.316"/>
  <testcase classname="com.erudex.test.login.LoginTestApache" name="testLogin" time="0.313"/>
  <testcase classname="com.erudex.test.login.LoginTestApache" name="testLogin" time="0.324"/>
  <testcase classname="com.erudex.test.login.LoginTestApache" name="testLogin" time="0.323"/>
  <testcase classname="com.erudex.test.login.LoginTestApache" name="testLogin" time="0.308"/>
  <testcase classname="com.erudex.test.login.LoginTestApache" name="testLogin" time="0.311"/>
  <testcase classname="com.erudex.test.login.LoginTestApache" name="testLogin" time="0.313"/>
  <testcase classname="com.erudex.test.login.LoginTestApache" name="testLogin" time="0.315"/>
  <testcase classname="com.erudex.test.login.LoginTestApache" name="testLogin" time="0.305"/>
  <testcase classname="com.erudex.test.login.LoginTestApache" name="testLogin" time="0.316"/>
  <testcase classname="com.erudex.test.login.LoginTestApache" name="testLogin" time="0.307"/>
  <testcase classname="com.erudex.test.login.LoginTestApache" name="testLogin" time="0.314"/>
  <testcase classname="com.erudex.test.login.LoginTestApache" name="testLogin" time="0.317"/>
  <testcase classname="com.erudex.test.login.LoginTestApache" name="testLogin" time="0.309"/>
  <testcase classname="com.erudex.test.login.LoginTestApache" name="testLogin" time="0.317"/>
  <testcase classname="com.erudex.test.login.LoginTestApache" name="testLogin" time="0.31"/>
  <testcase classname="com.erudex.test.login.LoginTestApache" name="testLogin" time="0.315"/>
  <testcase classname="com.erudex.test.login.LoginTestApache" name="testLogin" time="0.312"/>
  <testcase classname="com.erudex.test.login.LoginTestApache" name="testLogin" time="0.318"/>
  <testcase classname="com.erudex.test.login.LoginTestApache" name="testLogin" time="0.314"/>
  <testcase classname="com.erudex.test.login.LoginTestApache" name="testLogin" time="0.305"/>
  <testcase classname="com.erudex.test.login.LoginTestApache" name="testLogin" time="0.308"/>
  <testcase classname="com.erudex.test.login.LoginTestApache" name="testLogin" time="0.299"/>
  <testcase classname="com.erudex.test.login.LoginTestApache" name="testLogin" time="0.326"/>
  <testcase classname="com.erudex.test.login.LoginTestApache" name="testLogin" time="0.302"/>
  <testcase classname="com.erudex.test.login.LoginTestApache" name="testLogin" time="0.299"/>
  <testcase classname="com.erudex.test.login.LoginTestApache" name="testLogin" time="0.319"/>
  <testcase classname="com.erudex.test.login.LoginTestApache" name="testLogin" time="0.307"/>
  <testcase classname="com.erudex.test.login.LoginTestApache" name="testLogin" time="0.316"/>
  <testcase classname="com.erudex.test.login.LoginTestApache" name="testLogin" time="0.31"/>
  <testcase classname="com.erudex.test.login.LoginTestApache" name="testLogin" time="0.308"/>
  <testcase classname="com.erudex.test.login.LoginTestApache" name="testLogin" time="0.304"/>
  <testcase classname="com.erudex.test.login.LoginTestApache" name="testLogin" time="0.316"/>
  <testcase classname="com.erudex.test.login.LoginTestApache" name="testLogin" time="0.308"/>
  <testcase classname="com.erudex.test.login.LoginTestApache" name="testLogin" time="0.316"/>
  <testcase classname="com.erudex.test.login.LoginTestApache" name="testLogin" time="0.303"/>
  <testcase classname="com.erudex.test.login.LoginTestApache" name="testLogin" time="0.308"/>
  <testcase classname="com.erudex.test.login.LoginTestApache" name="testLogin" time="0.302"/>
  <testcase classname="com.erudex.test.login.LoginTestApache" name="testLogin" time="0.312"/>
  <testcase classname="com.erudex.test.login.LoginTestApache" name="testLogin" time="0.309"/>
  <testcase classname="com.erudex.test.login.LoginTestApache" name="testLogin" time="0.302"/>
  <testcase classname="com.erudex.test.login.LoginTestApache" name="testLogin" time="0.303"/>
  <testcase classname="com.erudex.test.login.LoginTestApache" name="testLogin" time="0.309"/>
  <testcase classname="com.erudex.test.login.LoginTestApache" name="testLogin" time="0.313"/>
  <testcase classname="com.erudex.test.login.LoginTestApache" name="testLogin" time="0.308"/>
  <testcase classname="com.erudex.test.login.LoginTestApache" name="testLogin" time="0.326"/>
  <testcase classname="com.erudex.test.login.LoginTestApache" name="testLogin" time="0.317"/>
  <testcase classname="com.erudex.test.login.LoginTestApache" name="testLogin" time="0.299"/>
  <testcase classname="com.erudex.test.login.LoginTestApache" name="testLogin" time="0.316"/>
  <testcase classname="com.erudex.test.login.LoginTestApache" name="testLogin" time="0.303"/>
  <testcase classname="com.erudex.test.login.LoginTestApache" name="testLogin" time="0.309"/>
  <testcase classname="com.erudex.test.login.LoginTestApache" name="testLogin" time="0.306"/>
  <testcase classname="com.erudex.test.login.LoginTestApache" name="testLogin" time="0.311"/>
  <testcase classname="com.erudex.test.login.LoginTestApache" name="testLogin" time="0.707"/>
  <testcase classname="com.erudex.test.login.LoginTestApache" name="testLogin" time="0.304"/>
  <testcase classname="com.erudex.test.login.LoginTestApache" name="testLogin" time="0.301"/>
  <testcase classname="com.erudex.test.login.LoginTestApache" name="testLogin" time="0.318"/>
  <testcase classname="com.erudex.test.login.LoginTestApache" name="testLogin" time="0.299"/>
  <testcase classname="com.erudex.test.login.LoginTestApache" name="testLogin" time="0.306"/>
  <testcase classname="com.erudex.test.login.LoginTestApache" name="testLogin" time="0.325"/>
  <testcase classname="com.erudex.test.login.LoginTestApache" name="testLogin" time="0.308"/>
  <testcase classname="com.erudex.test.login.LoginTestApache" name="testLogin" time="0.312"/>
  <testcase classname="com.erudex.test.login.LoginTestApache" name="testLogin" time="0.307"/>
  <testcase classname="com.erudex.test.login.LoginTestApache" name="testLogin" time="0.312"/>
  <testcase classname="com.erudex.test.login.LoginTestApache" name="testLogin" time="0.309"/>
  <testcase classname="com.erudex.test.login.LoginTestApache" name="testLogin" time="0.313"/>
  <testcase classname="com.erudex.test.login.LoginTestApache" name="testLogin" time="0.306"/>
  <testcase classname="com.erudex.test.login.LoginTestApache" name="testLogin" time="0.305"/>
  <testcase classname="com.erudex.test.login.LoginTestApache" name="testLogin" time="0.312"/>
  <testcase classname="com.erudex.test.login.LoginTestApache" name="testLogin" time="0.317"/>
  <testcase classname="com.erudex.test.login.LoginTestApache" name="testLogin" time="0.309"/>
  <testcase classname="com.erudex.test.login.LoginTestApache" name="testLogin" time="0.31"/>
  <testcase classname="com.erudex.test.login.LoginTestApache" name="testLogin" time="0.319"/>
  <testcase classname="com.erudex.test.login.LoginTestApache" name="testLogin" time="0.326"/>
  <testcase classname="com.erudex.test.login.LoginTestApache" name="testLogin" time="0.324"/>
  <testcase classname="com.erudex.test.login.LoginTestApache" name="testLogin" time="0.341"/>
  <testcase classname="com.erudex.test.login.LoginTestApache" name="testLogin" time="0.308"/>
  <testcase classname="com.erudex.test.login.LoginTestApache" name="testLogin" time="0.311"/>
  <testcase classname="com.erudex.test.login.LoginTestApache" name="testLogin" time="0.304"/>
  <testcase classname="com.erudex.test.login.LoginTestApache" name="testLogin" time="0.357"/>
  <testcase classname="com.erudex.test.login.LoginTestApache" name="testLogin" time="0.306"/>
  <testcase classname="com.erudex.test.login.LoginTestApache" name="testLogin" time="0.331"/>
  <testcase classname="com.erudex.test.login.LoginTestApache" name="testLogin" time="0.32"/>
  <testcase classname="com.erudex.test.login.LoginTestApache" name="testLogin" time="0.303"/>
  <testcase classname="com.erudex.test.login.LoginTestApache" name="testLogin" time="0.303"/>
  <testcase classname="com.erudex.test.login.LoginTestApache" name="testLogin" time="0.31"/>
  <testcase classname="com.erudex.test.login.LoginTestApache" name="testLogin" time="0.298"/>
  <testcase classname="com.erudex.test.login.LoginTestApache" name="testLogin" time="0.301"/>
  <testcase classname="com.erudex.test.login.LoginTestApache" name="testLogin" time="0.306"/>
  <testcase classname="com.erudex.test.login.LoginTestApache" name="testLogin" time="0.31"/>
  <testcase classname="com.erudex.test.login.LoginTestApache" name="testLogin" time="0.303"/>
  <testcase classname="com.erudex.test.login.LoginTestApache" name="testLogin" time="0.314"/>
  <testcase classname="com.erudex.test.login.LoginTestApache" name="testLogin" time="0.315"/>
  <testcase classname="com.erudex.test.login.LoginTestApache" name="testLogin" time="0.308"/>
  <testcase classname="com.erudex.test.login.LoginTestApache" name="testLogin" time="0.317"/>
  <testcase classname="com.erudex.test.login.LoginTestApache" name="testLogin" time="0.316"/>
  <testcase classname="com.erudex.test.login.LoginTestApache" name="testLogin" time="0.307"/>
  <testcase classname="com.erudex.test.login.LoginTestApache" name="testLogin" time="0.304"/>
  <testcase classname="com.erudex.test.login.LoginTestApache" name="testLogin" time="0.302"/>
  <testcase classname="com.erudex.test.login.LoginTestApache" name="testLogin" time="0.305"/>
  <testcase classname="com.erudex.test.login.LoginTestApache" name="testLogin" time="0.314"/>
  <testcase classname="com.erudex.test.login.LoginTestApache" name="testLogin" time="0.314"/>
  <testcase classname="com.erudex.test.login.LoginTestApache" name="testLogin" time="0.308"/>
  <testcase classname="com.erudex.test.login.LoginTestApache" name="testLogin" time="0.306"/>
  <testcase classname="com.erudex.test.login.LoginTestApache" name="testLogin" time="0.308"/>
  <testcase classname="com.erudex.test.login.LoginTestApache" name="testLogin" time="0.303"/>
  <testcase classname="com.erudex.test.login.LoginTestApache" name="testLogin" time="0.316"/>
  <testcase classname="com.erudex.test.login.LoginTestApache" name="testLogin" time="0.306"/>
  <testcase classname="com.erudex.test.login.LoginTestApache" name="testLogin" time="0.303"/>
  <testcase classname="com.erudex.test.login.LoginTestApache" name="testLogin" time="0.312"/>
  <testcase classname="com.erudex.test.login.LoginTestApache" name="testLogin" time="0.316"/>
  <testcase classname="com.erudex.test.login.LoginTestApache" name="testLogin" time="0.3"/>
  <testcase classname="com.erudex.test.login.LoginTestApache" name="testLogin" time="0.319"/>
  <testcase classname="com.erudex.test.login.LoginTestApache" name="testLogin" time="0.316"/>
  <testcase classname="com.erudex.test.login.LoginTestApache" name="testLogin" time="0.319"/>
  <testcase classname="com.erudex.test.login.LoginTestApache" name="testLogin" time="0.313"/>
  <testcase classname="com.erudex.test.login.LoginTestApache" name="testLogin" time="0.318"/>
  <testcase classname="com.erudex.test.login.LoginTestApache" name="testLogin" time="0.301"/>
  <testcase classname="com.erudex.test.login.LoginTestApache" name="testLogin" time="0.306"/>
  <testcase classname="com.erudex.test.login.LoginTestApache" name="testLogin" time="0.308"/>
  <testcase classname="com.erudex.test.login.LoginTestApache" name="testLogin" time="0.304"/>
  <testcase classname="com.erudex.test.login.LoginTestApache" name="testLogin" time="0.307"/>
  <testcase classname="com.erudex.test.login.LoginTestApache" name="testLogin" time="0.3"/>
  <testcase classname="com.erudex.test.login.LoginTestApache" name="testLogin" time="0.309"/>
  <testcase classname="com.erudex.test.login.LoginTestApache" name="testLogin" time="0.318"/>
  <testcase classname="com.erudex.test.login.LoginTestApache" name="testLogin" time="0.307"/>
  <testcase classname="com.erudex.test.login.LoginTestApache" name="testLogin" time="0.305"/>
  <testcase classname="com.erudex.test.login.LoginTestApache" name="testLogin" time="0.302"/>
  <testcase classname="com.erudex.test.login.LoginTestApache" name="testLogin" time="0.31"/>
  <testcase classname="com.erudex.test.login.LoginTestApache" name="testLogin" time="0.312"/>
  <testcase classname="com.erudex.test.login.LoginTestApache" name="testLogin" time="0.309"/>
  <testcase classname="com.erudex.test.login.LoginTestApache" name="testLogin" time="0.297"/>
  <testcase classname="com.erudex.test.login.LoginTestApache" name="testLogin" time="0.303"/>
  <testcase classname="com.erudex.test.login.LoginTestApache" name="testLogin" time="0.302"/>
  <testcase classname="com.erudex.test.login.LoginTestApache" name="testLogin" time="0.307"/>
  <testcase classname="com.erudex.test.login.LoginTestApache" name="testLogin" time="0.311"/>
  <testcase classname="com.erudex.test.login.LoginTestApache" name="testLogin" time="0.304"/>
  <testcase classname="com.erudex.test.login.LoginTestApache" name="testLogin" time="0.305"/>
  <testcase classname="com.erudex.test.login.LoginTestApache" name="testLogin" time="0.313"/>
  <testcase classname="com.erudex.test.login.LoginTestApache" name="testLogin" time="0.315"/>
  <testcase classname="com.erudex.test.login.LoginTestApache" name="testLogin" time="0.309"/>
  <testcase classname="com.erudex.test.login.LoginTestApache" name="testLogin" time="0.31"/>
  <testcase classname="com.erudex.test.login.LoginTestApache" name="testLogin" time="0.315"/>
  <testcase classname="com.erudex.test.login.LoginTestApache" name="testLogin" time="0.306"/>
  <testcase classname="com.erudex.test.login.LoginTestApache" name="testLogin" time="0.314"/>
  <testcase classname="com.erudex.test.login.LoginTestApache" name="testLogin" time="0.315"/>
  <testcase classname="com.erudex.test.login.LoginTestApache" name="testLogin" time="0.296"/>
  <testcase classname="com.erudex.test.login.LoginTestApache" name="testLogin" time="0.308"/>
  <testcase classname="com.erudex.test.login.LoginTestApache" name="testLogin" time="0.309"/>
  <testcase classname="com.erudex.test.login.LoginTestApache" name="testLogin" time="0.323"/>
  <testcase classname="com.erudex.test.login.LoginTestApache" name="testLogin" time="0.326"/>
  <testcase classname="com.erudex.test.login.LoginTestApache" name="testLogin" time="0.309"/>
  <testcase classname="com.erudex.test.login.LoginTestApache" name="testLogin" time="0.312"/>
  <testcase classname="com.erudex.test.login.LoginTestApache" name="testLogin" time="0.307"/>
  <testcase classname="com.erudex.test.login.LoginTestApache" name="testLogin" time="0.311"/>
  <testcase classname="com.erudex.test.login.LoginTestApache" name="testLogin" time="0.31"/>
  <testcase classname="com.erudex.test.login.LoginTestApache" name="testLogin" time="0.299"/>
  <testcase classname="com.erudex.test.login.LoginTestApache" name="testLogin" time="0.308"/>
  <testcase classname="com.erudex.test.login.LoginTestApache" name="testLogin" time="0.311"/>
  <testcase classname="com.erudex.test.login.LoginTestApache" name="testLogin" time="0.313"/>
  <testcase classname="com.erudex.test.login.LoginTestApache" name="testLogin" time="0.322"/>
  <testcase classname="com.erudex.test.login.LoginTestApache" name="testLogin" time="0.32"/>
  <testcase classname="com.erudex.test.login.LoginTestApache" name="testLogin" time="0.307"/>
  <testcase classname="com.erudex.test.login.LoginTestApache" name="testLogin" time="0.313"/>
  <testcase classname="com.erudex.test.login.LoginTestApache" name="testLogin" time="0.301"/>
  <testcase classname="com.erudex.test.login.LoginTestApache" name="testLogin" time="0.309"/>
  <testcase classname="com.erudex.test.login.LoginTestApache" name="testLogin" time="0.31"/>
  <testcase classname="com.erudex.test.login.LoginTestApache" name="testLogin" time="0.303"/>
  <testcase classname="com.erudex.test.login.LoginTestApache" name="testLogin" time="0.335"/>
  <testcase classname="com.erudex.test.login.LoginTestApache" name="testLogin" time="0.309"/>
  <testcase classname="com.erudex.test.login.LoginTestApache" name="testLogin" time="0.306"/>
  <testcase classname="com.erudex.test.login.LoginTestApache" name="testLogin" time="0.323"/>
  <testcase classname="com.erudex.test.login.LoginTestApache" name="testLogin" time="0.315"/>
  <testcase classname="com.erudex.test.login.LoginTestApache" name="testLogin" time="0.315"/>
  <testcase classname="com.erudex.test.login.LoginTestApache" name="testLogin" time="0.321"/>
  <testcase classname="com.erudex.test.login.LoginTestApache" name="testLogin" time="0.304"/>
  <testcase classname="com.erudex.test.login.LoginTestApache" name="testLogin" time="0.318"/>
  <testcase classname="com.erudex.test.login.LoginTestApache" name="testLogin" time="0.317"/>
  <testcase classname="com.erudex.test.login.LoginTestApache" name="testLogin" time="0.322"/>
  <testcase classname="com.erudex.test.login.LoginTestApache" name="testLogin" time="0.311"/>
  <testcase classname="com.erudex.test.login.LoginTestApache" name="testLogin" time="0.313"/>
  <testcase classname="com.erudex.test.login.LoginTestApache" name="testLogin" time="0.309"/>
  <testcase classname="com.erudex.test.login.LoginTestApache" name="testLogin" time="0.316"/>
  <testcase classname="com.erudex.test.login.LoginTestApache" name="testLogin" time="0.308"/>
  <testcase classname="com.erudex.test.login.LoginTestApache" name="testLogin" time="0.315"/>
  <testcase classname="com.erudex.test.login.LoginTestApache" name="testLogin" time="0.312"/>
  <testcase classname="com.erudex.test.login.LoginTestApache" name="testLogin" time="0.314"/>
  <testcase classname="com.erudex.test.login.LoginTestApache" name="testLogin" time="0.312"/>
  <testcase classname="com.erudex.test.login.LoginTestApache" name="testLogin" time="0.305"/>
  <testcase classname="com.erudex.test.login.LoginTestApache" name="testLogin" time="0.302"/>
  <testcase classname="com.erudex.test.login.LoginTestApache" name="testLogin" time="0.313"/>
  <testcase classname="com.erudex.test.login.LoginTestApache" name="testLogin" time="0.308"/>
  <testcase classname="com.erudex.test.login.LoginTestApache" name="testLogin" time="0.308"/>
  <testcase classname="com.erudex.test.login.LoginTestApache" name="testLogin" time="0.314"/>
  <testcase classname="com.erudex.test.login.LoginTestApache" name="testLogin" time="0.301"/>
  <testcase classname="com.erudex.test.login.LoginTestApache" name="testLogin" time="0.302"/>
  <testcase classname="com.erudex.test.login.LoginTestApache" name="testLogin" time="0.312"/>
  <testcase classname="com.erudex.test.login.LoginTestApache" name="testLogin" time="0.305"/>
  <testcase classname="com.erudex.test.login.LoginTestApache" name="testLogin" time="0.311"/>
  <testcase classname="com.erudex.test.login.LoginTestApache" name="testLogin" time="0.31"/>
  <testcase classname="com.erudex.test.login.LoginTestApache" name="testLogin" time="0.307"/>
  <testcase classname="com.erudex.test.login.LoginTestApache" name="testLogin" time="0.308"/>
  <testcase classname="com.erudex.test.login.LoginTestApache" name="testLogin" time="0.307"/>
  <testcase classname="com.erudex.test.login.LoginTestApache" name="testLogin" time="0.308"/>
  <testcase classname="com.erudex.test.login.LoginTestApache" name="testLogin" time="0.314"/>
  <testcase classname="com.erudex.test.login.LoginTestApache" name="testLogin" time="0.301"/>
  <testcase classname="com.erudex.test.login.LoginTestApache" name="testLogin" time="0.356"/>
  <testcase classname="com.erudex.test.login.LoginTestApache" name="testLogin" time="0.312"/>
  <testcase classname="com.erudex.test.login.LoginTestApache" name="testLogin" time="0.296"/>
  <testcase classname="com.erudex.test.login.LoginTestApache" name="testLogin" time="0.318"/>
  <testcase classname="com.erudex.test.login.LoginTestApache" name="testLogin" time="0.295"/>
  <testcase classname="com.erudex.test.login.LoginTestApache" name="testLogin" time="0.311"/>
  <testcase classname="com.erudex.test.login.LoginTestApache" name="testLogin" time="0.324"/>
  <testcase classname="com.erudex.test.login.LoginTestApache" name="testLogin" time="0.318"/>
  <testcase classname="com.erudex.test.login.LoginTestApache" name="testLogin" time="0.317"/>
  <testcase classname="com.erudex.test.login.LoginTestApache" name="testLogin" time="0.706"/>
  <testcase classname="com.erudex.test.login.LoginTestApache" name="testLogin" time="0.299"/>
  <testcase classname="com.erudex.test.login.LoginTestApache" name="testLogin" time="0.311"/>
  <testcase classname="com.erudex.test.login.LoginTestApache" name="testLogin" time="0.33"/>
  <testcase classname="com.erudex.test.login.LoginTestApache" name="testLogin" time="0.315"/>
  <testcase classname="com.erudex.test.login.LoginTestApache" name="testLogin" time="0.337"/>
  <testcase classname="com.erudex.test.login.LoginTestApache" name="testLogin" time="0.321"/>
  <testcase classname="com.erudex.test.login.LoginTestApache" name="testLogin" time="0.317"/>
  <testcase classname="com.erudex.test.login.LoginTestApache" name="testLogin" time="0.315"/>
  <testcase classname="com.erudex.test.login.LoginTestApache" name="testLogin" time="0.315"/>
  <testcase classname="com.erudex.test.login.LoginTestApache" name="testLogin" time="0.323"/>
  <testcase classname="com.erudex.test.login.LoginTestApache" name="testLogin" time="0.302"/>
  <testcase classname="com.erudex.test.login.LoginTestApache" name="testLogin" time="0.307"/>
  <testcase classname="com.erudex.test.login.LoginTestApache" name="testLogin" time="0.313"/>
  <testcase classname="com.erudex.test.login.LoginTestApache" name="testLogin" time="0.313"/>
  <testcase classname="com.erudex.test.login.LoginTestApache" name="testLogin" time="0.306"/>
  <testcase classname="com.erudex.test.login.LoginTestApache" name="testLogin" time="0.301"/>
  <testcase classname="com.erudex.test.login.LoginTestApache" name="testLogin" time="0.315"/>
  <testcase classname="com.erudex.test.login.LoginTestApache" name="testLogin" time="0.316"/>
  <testcase classname="com.erudex.test.login.LoginTestApache" name="testLogin" time="0.314"/>
  <testcase classname="com.erudex.test.login.LoginTestApache" name="testLogin" time="0.314"/>
  <testcase classname="com.erudex.test.login.LoginTestApache" name="testLogin" time="0.307"/>
  <testcase classname="com.erudex.test.login.LoginTestApache" name="testLogin" time="0.31"/>
  <testcase classname="com.erudex.test.login.LoginTestApache" name="testLogin" time="0.317"/>
  <testcase classname="com.erudex.test.login.LoginTestApache" name="testLogin" time="0.328"/>
  <testcase classname="com.erudex.test.login.LoginTestApache" name="testLogin" time="0.319"/>
  <testcase classname="com.erudex.test.login.LoginTestApache" name="testLogin" time="0.314"/>
  <testcase classname="com.erudex.test.login.LoginTestApache" name="testLogin" time="0.3"/>
  <testcase classname="com.erudex.test.login.LoginTestApache" name="testLogin" time="0.301"/>
  <testcase classname="com.erudex.test.login.LoginTestApache" name="testLogin" time="0.296"/>
  <testcase classname="com.erudex.test.login.LoginTestApache" name="testLogin" time="0.305"/>
  <testcase classname="com.erudex.test.login.LoginTestApache" name="testLogin" time="0.3"/>
  <testcase classname="com.erudex.test.login.LoginTestApache" name="testLogin" time="0.303"/>
  <testcase classname="com.erudex.test.login.LoginTestApache" name="testLogin" time="0.311"/>
  <testcase classname="com.erudex.test.login.LoginTestApache" name="testLogin" time="0.312"/>
  <testcase classname="com.erudex.test.login.LoginTestApache" name="testLogin" time="0.31"/>
  <testcase classname="com.erudex.test.login.LoginTestApache" name="testLogin" time="0.319"/>
  <testcase classname="com.erudex.test.login.LoginTestApache" name="testLogin" time="0.313"/>
  <testcase classname="com.erudex.test.login.LoginTestApache" name="testLogin" time="0.315"/>
  <testcase classname="com.erudex.test.login.LoginTestApache" name="testLogin" time="0.313"/>
  <testcase classname="com.erudex.test.login.LoginTestApache" name="testLogin" time="0.313"/>
  <testcase classname="com.erudex.test.login.LoginTestApache" name="testLogin" time="0.299"/>
  <testcase classname="com.erudex.test.login.LoginTestApache" name="testLogin" time="0.304"/>
  <testcase classname="com.erudex.test.login.LoginTestApache" name="testLogin" time="0.308"/>
  <testcase classname="com.erudex.test.login.LoginTestApache" name="testLogin" time="0.308"/>
  <testcase classname="com.erudex.test.login.LoginTestApache" name="testLogin" time="0.309"/>
  <testcase classname="com.erudex.test.login.LoginTestApache" name="testLogin" time="0.317"/>
  <testcase classname="com.erudex.test.login.LoginTestApache" name="testLogin" time="0.314"/>
  <testcase classname="com.erudex.test.login.LoginTestApache" name="testLogin" time="0.3"/>
  <testcase classname="com.erudex.test.login.LoginTestApache" name="testLogin" time="0.299"/>
  <testcase classname="com.erudex.test.login.LoginTestApache" name="testLogin" time="0.313"/>
  <testcase classname="com.erudex.test.login.LoginTestApache" name="testLogin" time="0.309"/>
  <testcase classname="com.erudex.test.login.LoginTestApache" name="testLogin" time="0.315"/>
  <testcase classname="com.erudex.test.login.LoginTestApache" name="testLogin" time="0.314"/>
  <testcase classname="com.erudex.test.login.LoginTestApache" name="testLogin" time="0.312"/>
  <testcase classname="com.erudex.test.login.LoginTestApache" name="testLogin" time="0.311"/>
  <testcase classname="com.erudex.test.login.LoginTestApache" name="testLogin" time="0.309"/>
  <testcase classname="com.erudex.test.login.LoginTestApache" name="testLogin" time="0.307"/>
  <testcase classname="com.erudex.test.login.LoginTestApache" name="testLogin" time="0.316"/>
  <testcase classname="com.erudex.test.login.LoginTestApache" name="testLogin" time="0.301"/>
  <testcase classname="com.erudex.test.login.LoginTestApache" name="testLogin" time="0.333"/>
  <testcase classname="com.erudex.test.login.LoginTestApache" name="testLogin" time="0.31"/>
  <testcase classname="com.erudex.test.login.LoginTestApache" name="testLogin" time="0.315"/>
  <testcase classname="com.erudex.test.login.LoginTestApache" name="testLogin" time="0.298"/>
  <testcase classname="com.erudex.test.login.LoginTestApache" name="testLogin" time="0.311"/>
  <testcase classname="com.erudex.test.login.LoginTestApache" name="testLogin" time="0.306"/>
  <testcase classname="com.erudex.test.login.LoginTestApache" name="testLogin" time="0.315"/>
  <testcase classname="com.erudex.test.login.LoginTestApache" name="testLogin" time="0.313"/>
  <testcase classname="com.erudex.test.login.LoginTestApache" name="testLogin" time="0.304"/>
  <testcase classname="com.erudex.test.login.LoginTestApache" name="testLogin" time="0.31"/>
  <testcase classname="com.erudex.test.login.LoginTestApache" name="testLogin" time="0.315"/>
  <testcase classname="com.erudex.test.login.LoginTestApache" name="testLogin" time="0.304"/>
  <testcase classname="com.erudex.test.login.LoginTestApache" name="testLogin" time="0.3"/>
  <testcase classname="com.erudex.test.login.LoginTestApache" name="testLogin" time="0.323"/>
  <testcase classname="com.erudex.test.login.LoginTestApache" name="testLogin" time="0.312"/>
  <testcase classname="com.erudex.test.login.LoginTestApache" name="testLogin" time="0.312"/>
  <testcase classname="com.erudex.test.login.LoginTestApache" name="testLogin" time="0.32"/>
  <testcase classname="com.erudex.test.login.LoginTestApache" name="testLogin" time="0.325"/>
  <testcase classname="com.erudex.test.login.LoginTestApache" name="testLogin" time="0.313"/>
  <testcase classname="com.erudex.test.login.LoginTestApache" name="testLogin" time="0.31"/>
  <testcase classname="com.erudex.test.login.LoginTestApache" name="testLogin" time="0.326"/>
  <testcase classname="com.erudex.test.login.LoginTestApache" name="testLogin" time="0.305"/>
  <testcase classname="com.erudex.test.login.LoginTestApache" name="testLogin" time="0.318"/>
  <testcase classname="com.erudex.test.login.LoginTestApache" name="testLogin" time="0.304"/>
  <testcase classname="com.erudex.test.login.LoginTestApache" name="testLogin" time="0.318"/>
  <testcase classname="com.erudex.test.login.LoginTestApache" name="testLogin" time="0.322"/>
  <testcase classname="com.erudex.test.login.LoginTestApache" name="testLogin" time="0.303"/>
  <testcase classname="com.erudex.test.login.LoginTestApache" name="testLogin" time="0.321"/>
  <testcase classname="com.erudex.test.login.LoginTestApache" name="testLogin" time="0.325"/>
  <testcase classname="com.erudex.test.login.LoginTestApache" name="testLogin" time="0.317"/>
  <testcase classname="com.erudex.test.login.LoginTestApache" name="testLogin" time="0.317"/>
  <testcase classname="com.erudex.test.login.LoginTestApache" name="testLogin" time="0.31"/>
  <testcase classname="com.erudex.test.login.LoginTestApache" name="testLogin" time="0.31"/>
  <testcase classname="com.erudex.test.login.LoginTestApache" name="testLogin" time="0.315"/>
  <testcase classname="com.erudex.test.login.LoginTestApache" name="testLogin" time="0.309"/>
  <testcase classname="com.erudex.test.login.LoginTestApache" name="testLogin" time="0.302"/>
  <testcase classname="com.erudex.test.login.LoginTestApache" name="testLogin" time="0.311"/>
  <testcase classname="com.erudex.test.login.LoginTestApache" name="testLogin" time="0.3"/>
  <testcase classname="com.erudex.test.login.LoginTestApache" name="testLogin" time="0.712"/>
  <testcase classname="com.erudex.test.login.LoginTestApache" name="testLogin" time="0.313"/>
  <testcase classname="com.erudex.test.login.LoginTestApache" name="testLogin" time="0.319"/>
  <testcase classname="com.erudex.test.login.LoginTestApache" name="testLogin" time="0.322"/>
  <testcase classname="com.erudex.test.login.LoginTestApache" name="testLogin" time="0.343"/>
  <testcase classname="com.erudex.test.login.LoginTestApache" name="testLogin" time="0.31"/>
  <testcase classname="com.erudex.test.login.LoginTestApache" name="testLogin" time="0.303"/>
  <testcase classname="com.erudex.test.login.LoginTestApache" name="testLogin" time="0.305"/>
  <testcase classname="com.erudex.test.login.LoginTestApache" name="testLogin" time="0.31"/>
  <testcase classname="com.erudex.test.login.LoginTestApache" name="testLogin" time="0.311"/>
  <testcase classname="com.erudex.test.login.LoginTestApache" name="testLogin" time="0.698"/>
  <testcase classname="com.erudex.test.login.LoginTestApache" name="testLogin" time="0.329"/>
  <testcase classname="com.erudex.test.login.LoginTestApache" name="testLogin" time="0.313"/>
  <testcase classname="com.erudex.test.login.LoginTestApache" name="testLogin" time="0.307"/>
  <testcase classname="com.erudex.test.login.LoginTestApache" name="testLogin" time="0.315"/>
  <testcase classname="com.erudex.test.login.LoginTestApache" name="testLogin" time="0.322"/>
  <testcase classname="com.erudex.test.login.LoginTestApache" name="testLogin" time="0.33"/>
  <testcase classname="com.erudex.test.login.LoginTestApache" name="testLogin" time="0.322"/>
  <testcase classname="com.erudex.test.login.LoginTestApache" name="testLogin" time="0.323"/>
  <testcase classname="com.erudex.test.login.LoginTestApache" name="testLogin" time="0.309"/>
  <testcase classname="com.erudex.test.login.LoginTestApache" name="testLogin" time="0.3"/>
  <testcase classname="com.erudex.test.login.LoginTestApache" name="testLogin" time="0.331"/>
  <testcase classname="com.erudex.test.login.LoginTestApache" name="testLogin" time="0.315"/>
  <testcase classname="com.erudex.test.login.LoginTestApache" name="testLogin" time="0.319"/>
  <testcase classname="com.erudex.test.login.LoginTestApache" name="testLogin" time="0.302"/>
  <testcase classname="com.erudex.test.login.LoginTestApache" name="testLogin" time="0.31"/>
  <testcase classname="com.erudex.test.login.LoginTestApache" name="testLogin" time="0.316"/>
  <testcase classname="com.erudex.test.login.LoginTestApache" name="testLogin" time="0.31"/>
  <testcase classname="com.erudex.test.login.LoginTestApache" name="testLogin" time="0.309"/>
  <testcase classname="com.erudex.test.login.LoginTestApache" name="testLogin" time="0.305"/>
  <testcase classname="com.erudex.test.login.LoginTestApache" name="testLogin" time="0.304"/>
  <testcase classname="com.erudex.test.login.LoginTestApache" name="testLogin" time="0.311"/>
  <testcase classname="com.erudex.test.login.LoginTestApache" name="testLogin" time="0.314"/>
  <testcase classname="com.erudex.test.login.LoginTestApache" name="testLogin" time="0.307"/>
  <testcase classname="com.erudex.test.login.LoginTestApache" name="testLogin" time="0.311"/>
  <testcase classname="com.erudex.test.login.LoginTestApache" name="testLogin" time="0.299"/>
  <testcase classname="com.erudex.test.login.LoginTestApache" name="testLogin" time="0.309"/>
  <testcase classname="com.erudex.test.login.LoginTestApache" name="testLogin" time="0.315"/>
  <testcase classname="com.erudex.test.login.LoginTestApache" name="testLogin" time="0.321"/>
  <testcase classname="com.erudex.test.login.LoginTestApache" name="testLogin" time="0.31"/>
  <testcase classname="com.erudex.test.login.LoginTestApache" name="testLogin" time="0.31"/>
  <testcase classname="com.erudex.test.login.LoginTestApache" name="testLogin" time="0.306"/>
  <testcase classname="com.erudex.test.login.LoginTestApache" name="testLogin" time="0.312"/>
  <testcase classname="com.erudex.test.login.LoginTestApache" name="testLogin" time="0.311"/>
  <testcase classname="com.erudex.test.login.LoginTestApache" name="testLogin" time="0.313"/>
  <testcase classname="com.erudex.test.login.LoginTestApache" name="testLogin" time="0.306"/>
  <testcase classname="com.erudex.test.login.LoginTestApache" name="testLogin" time="0.316"/>
  <testcase classname="com.erudex.test.login.LoginTestApache" name="testLogin" time="0.301"/>
  <testcase classname="com.erudex.test.login.LoginTestApache" name="testLogin" time="0.308"/>
  <testcase classname="com.erudex.test.login.LoginTestApache" name="testLogin" time="0.305"/>
  <testcase classname="com.erudex.test.login.LoginTestApache" name="testLogin" time="0.309"/>
  <testcase classname="com.erudex.test.login.LoginTestApache" name="testLogin" time="0.318"/>
  <testcase classname="com.erudex.test.login.LoginTestApache" name="testLogin" time="0.319"/>
  <testcase classname="com.erudex.test.login.LoginTestApache" name="testLogin" time="0.323"/>
  <testcase classname="com.erudex.test.login.LoginTestApache" name="testLogin" time="0.332"/>
  <testcase classname="com.erudex.test.login.LoginTestApache" name="testLogin" time="0.308"/>
  <testcase classname="com.erudex.test.login.LoginTestApache" name="testLogin" time="0.32"/>
  <testcase classname="com.erudex.test.login.LoginTestApache" name="testLogin" time="0.331"/>
  <testcase classname="com.erudex.test.login.LoginTestApache" name="testLogin" time="0.333"/>
  <testcase classname="com.erudex.test.login.LoginTestApache" name="testLogin" time="0.317"/>
  <testcase classname="com.erudex.test.login.LoginTestApache" name="testLogin" time="0.323"/>
  <testcase classname="com.erudex.test.login.LoginTestApache" name="testLogin" time="0.341"/>
  <testcase classname="com.erudex.test.login.LoginTestApache" name="testLogin" time="0.32"/>
  <testcase classname="com.erudex.test.login.LoginTestApache" name="testLogin" time="0.303"/>
  <testcase classname="com.erudex.test.login.LoginTestApache" name="testLogin" time="0.321"/>
  <testcase classname="com.erudex.test.login.LoginTestApache" name="testLogin" time="0.327"/>
  <testcase classname="com.erudex.test.login.LoginTestApache" name="testLogin" time="0.306"/>
  <testcase classname="com.erudex.test.login.LoginTestApache" name="testLogin" time="0.337"/>
  <testcase classname="com.erudex.test.login.LoginTestApache" name="testLogin" time="0.328"/>
  <testcase classname="com.erudex.test.login.LoginTestApache" name="testLogin" time="0.303"/>
  <testcase classname="com.erudex.test.login.LoginTestApache" name="testLogin" time="0.318"/>
  <testcase classname="com.erudex.test.login.LoginTestApache" name="testLogin" time="0.311"/>
  <testcase classname="com.erudex.test.login.LoginTestApache" name="testLogin" time="0.326"/>
  <testcase classname="com.erudex.test.login.LoginTestApache" name="testLogin" time="0.31"/>
  <testcase classname="com.erudex.test.login.LoginTestApache" name="testLogin" time="0.314"/>
  <testcase classname="com.erudex.test.login.LoginTestApache" name="testLogin" time="0.313"/>
  <testcase classname="com.erudex.test.login.LoginTestApache" name="testLogin" time="0.316"/>
  <testcase classname="com.erudex.test.login.LoginTestApache" name="testLogin" time="0.294"/>
  <testcase classname="com.erudex.test.login.LoginTestApache" name="testLogin" time="0.309"/>
  <testcase classname="com.erudex.test.login.LoginTestApache" name="testLogin" time="0.305"/>
  <testcase classname="com.erudex.test.login.LoginTestApache" name="testLogin" time="0.316"/>
  <testcase classname="com.erudex.test.login.LoginTestApache" name="testLogin" time="0.306"/>
  <testcase classname="com.erudex.test.login.LoginTestApache" name="testLogin" time="0.313"/>
  <testcase classname="com.erudex.test.login.LoginTestApache" name="testLogin" time="0.309"/>
  <testcase classname="com.erudex.test.login.LoginTestApache" name="testLogin" time="0.32"/>
  <testcase classname="com.erudex.test.login.LoginTestApache" name="testLogin" time="0.316"/>
  <testcase classname="com.erudex.test.login.LoginTestApache" name="testLogin" time="0.316"/>
  <testcase classname="com.erudex.test.login.LoginTestApache" name="testLogin" time="0.328"/>
  <testcase classname="com.erudex.test.login.LoginTestApache" name="testLogin" time="0.31"/>
  <testcase classname="com.erudex.test.login.LoginTestApache" name="testLogin" time="0.339"/>
  <testcase classname="com.erudex.test.login.LoginTestApache" name="testLogin" time="0.319"/>
  <testcase classname="com.erudex.test.login.LoginTestApache" name="testLogin" time="0.315"/>
  <testcase classname="com.erudex.test.login.LoginTestApache" name="testLogin" time="0.309"/>
  <testcase classname="com.erudex.test.login.LoginTestApache" name="testLogin" time="0.32"/>
  <testcase classname="com.erudex.test.login.LoginTestApache" name="testLogin" time="0.308"/>
  <testcase classname="com.erudex.test.login.LoginTestApache" name="testLogin" time="0.333"/>
  <testcase classname="com.erudex.test.login.LoginTestApache" name="testLogin" time="0.316"/>
  <testcase classname="com.erudex.test.login.LoginTestApache" name="testLogin" time="0.322"/>
  <testcase classname="com.erudex.test.login.LoginTestApache" name="testLogin" time="0.318"/>
  <testcase classname="com.erudex.test.login.LoginTestApache" name="testLogin" time="0.303"/>
  <testcase classname="com.erudex.test.login.LoginTestApache" name="testLogin" time="0.3"/>
  <testcase classname="com.erudex.test.login.LoginTestApache" name="testLogin" time="0.317"/>
  <testcase classname="com.erudex.test.login.LoginTestApache" name="testLogin" time="0.321"/>
  <testcase classname="com.erudex.test.login.LoginTestApache" name="testLogin" time="0.302"/>
  <testcase classname="com.erudex.test.login.LoginTestApache" name="testLogin" time="0.311"/>
  <testcase classname="com.erudex.test.login.LoginTestApache" name="testLogin" time="0.313"/>
  <testcase classname="com.erudex.test.login.LoginTestApache" name="testLogin" time="0.301"/>
  <testcase classname="com.erudex.test.login.LoginTestApache" name="testLogin" time="0.302"/>
  <testcase classname="com.erudex.test.login.LoginTestApache" name="testLogin" time="0.301"/>
  <testcase classname="com.erudex.test.login.LoginTestApache" name="testLogin" time="0.31"/>
  <testcase classname="com.erudex.test.login.LoginTestApache" name="testLogin" time="0.31"/>
  <testcase classname="com.erudex.test.login.LoginTestApache" name="testLogin" time="0.313"/>
  <testcase classname="com.erudex.test.login.LoginTestApache" name="testLogin" time="0.321"/>
  <testcase classname="com.erudex.test.login.LoginTestApache" name="testLogin" time="0.317"/>
  <testcase classname="com.erudex.test.login.LoginTestApache" name="testLogin" time="0.314"/>
  <testcase classname="com.erudex.test.login.LoginTestApache" name="testLogin" time="0.324"/>
  <testcase classname="com.erudex.test.login.LoginTestApache" name="testLogin" time="0.312"/>
  <testcase classname="com.erudex.test.login.LoginTestApache" name="testLogin" time="0.312"/>
  <testcase classname="com.erudex.test.login.LoginTestApache" name="testLogin" time="0.3"/>
  <testcase classname="com.erudex.test.login.LoginTestApache" name="testLogin" time="0.3"/>
  <testcase classname="com.erudex.test.login.LoginTestApache" name="testLogin" time="0.313"/>
  <testcase classname="com.erudex.test.login.LoginTestApache" name="testLogin" time="0.32"/>
  <testcase classname="com.erudex.test.login.LoginTestApache" name="testLogin" time="0.31"/>
  <testcase classname="com.erudex.test.login.LoginTestApache" name="testLogin" time="0.312"/>
  <testcase classname="com.erudex.test.login.LoginTestApache" name="testLogin" time="0.321"/>
  <testcase classname="com.erudex.test.login.LoginTestApache" name="testLogin" time="0.317"/>
  <testcase classname="com.erudex.test.login.LoginTestApache" name="testLogin" time="0.312"/>
  <testcase classname="com.erudex.test.login.LoginTestApache" name="testLogin" time="0.32"/>
  <testcase classname="com.erudex.test.login.LoginTestApache" name="testLogin" time="0.302"/>
  <testcase classname="com.erudex.test.login.LoginTestApache" name="testLogin" time="0.701"/>
  <testcase classname="com.erudex.test.login.LoginTestApache" name="testLogin" time="0.313"/>
  <testcase classname="com.erudex.test.login.LoginTestApache" name="testLogin" time="0.31"/>
  <testcase classname="com.erudex.test.login.LoginTestApache" name="testLogin" time="0.311"/>
  <testcase classname="com.erudex.test.login.LoginTestApache" name="testLogin" time="0.314"/>
  <testcase classname="com.erudex.test.login.LoginTestApache" name="testLogin" time="0.321"/>
  <testcase classname="com.erudex.test.login.LoginTestApache" name="testLogin" time="0.332"/>
  <testcase classname="com.erudex.test.login.LoginTestApache" name="testLogin" time="0.317"/>
  <testcase classname="com.erudex.test.login.LoginTestApache" name="testLogin" time="0.314"/>
  <testcase classname="com.erudex.test.login.LoginTestApache" name="testLogin" time="0.302"/>
  <testcase classname="com.erudex.test.login.LoginTestApache" name="testLogin" time="0.314"/>
  <testcase classname="com.erudex.test.login.LoginTestApache" name="testLogin" time="0.306"/>
  <testcase classname="com.erudex.test.login.LoginTestApache" name="testLogin" time="0.311"/>
  <testcase classname="com.erudex.test.login.LoginTestApache" name="testLogin" time="0.308"/>
  <testcase classname="com.erudex.test.login.LoginTestApache" name="testLogin" time="0.311"/>
  <testcase classname="com.erudex.test.login.LoginTestApache" name="testLogin" time="0.314"/>
  <testcase classname="com.erudex.test.login.LoginTestApache" name="testLogin" time="0.323"/>
  <testcase classname="com.erudex.test.login.LoginTestApache" name="testLogin" time="0.314"/>
  <testcase classname="com.erudex.test.login.LoginTestApache" name="testLogin" time="0.314"/>
  <testcase classname="com.erudex.test.login.LoginTestApache" name="testLogin" time="0.309"/>
[...]
  <testcase classname="com.erudex.test.login.LoginTestApache" name="testLogoutWithSession" time="0.306"/>
  <testcase classname="com.erudex.test.login.LoginTestApache" name="testLogoutWithSession" time="0.3"/>
  <testcase classname="com.erudex.test.login.LoginTestApache" name="testLogoutWithSession" time="0.302"/>
  <testcase classname="com.erudex.test.login.LoginTestApache" name="testLogoutWithSession" time="0.3"/>
  <testcase classname="com.erudex.test.login.LoginTestApache" name="testLogoutWithSession" time="0.297"/>
  <testcase classname="com.erudex.test.login.LoginTestApache" name="testLogoutWithSession" time="0.3"/>
  <testcase classname="com.erudex.test.login.LoginTestApache" name="testLogoutWithSession" time="0.302"/>
  <testcase classname="com.erudex.test.login.LoginTestApache" name="testLogoutWithSession" time="0.308"/>
  <testcase classname="com.erudex.test.login.LoginTestApache" name="testLogoutWithSession" time="0.311"/>
  <testcase classname="com.erudex.test.login.LoginTestApache" name="testLogoutWithSession" time="0.315"/>
  <testcase classname="com.erudex.test.login.LoginTestApache" name="testLogoutWithSession" time="0.315"/>
  <testcase classname="com.erudex.test.login.LoginTestApache" name="testLogoutWithSession" time="0.318"/>
  <testcase classname="com.erudex.test.login.LoginTestApache" name="testLogoutWithSession" time="0.299"/>
  <testcase classname="com.erudex.test.login.LoginTestApache" name="testLogoutWithSession" time="0.296"/>
  <testcase classname="com.erudex.test.login.LoginTestApache" name="testLogoutWithSession" time="0.31"/>
  <testcase classname="com.erudex.test.login.LoginTestApache" name="testLogoutWithSession" time="0.301"/>
  <testcase classname="com.erudex.test.login.LoginTestApache" name="testLogoutWithSession" time="0.301"/>
  <testcase classname="com.erudex.test.login.LoginTestApache" name="testLogoutWithSession" time="0.304"/>
  <testcase classname="com.erudex.test.login.LoginTestApache" name="testLogoutWithSession" time="0.313"/>
  <testcase classname="com.erudex.test.login.LoginTestApache" name="testLogoutWithSession" time="0.299"/>
  <testcase classname="com.erudex.test.login.LoginTestApache" name="testLogoutWithSession" time="0.301"/>
  <testcase classname="com.erudex.test.login.LoginTestApache" name="testLogoutWithSession" time="0.302"/>
  <testcase classname="com.erudex.test.login.LoginTestApache" name="testLogoutWithSession" time="0.301"/>
  <testcase classname="com.erudex.test.login.LoginTestApache" name="testLogoutWithSession" time="0.291"/>
  <testcase classname="com.erudex.test.login.LoginTestApache" name="testLogoutWithSession" time="0.302"/>
  <testcase classname="com.erudex.test.login.LoginTestApache" name="testLogoutWithSession" time="0.3"/>
  <testcase classname="com.erudex.test.login.LoginTestApache" name="testLogoutWithSession" time="0.311"/>
  <testcase classname="com.erudex.test.login.LoginTestApache" name="testLogoutWithSession" time="0.307"/>
  <testcase classname="com.erudex.test.login.LoginTestApache" name="testLogoutWithSession" time="0.296"/>
  <testcase classname="com.erudex.test.login.LoginTestApache" name="testLogoutWithSession" time="0.292"/>
  <testcase classname="com.erudex.test.login.LoginTestApache" name="testLogoutWithSession" time="0.293"/>
  <testcase classname="com.erudex.test.login.LoginTestApache" name="testLogoutWithSession" time="0.296"/>
  <testcase classname="com.erudex.test.login.LoginTestApache" name="testLogoutWithSession" time="0.302"/>
  <testcase classname="com.erudex.test.login.LoginTestApache" name="testLogoutWithSession" time="0.3"/>
  <testcase classname="com.erudex.test.login.LoginTestApache" name="testLogoutWithSession" time="0.302"/>
  <testcase classname="com.erudex.test.login.LoginTestApache" name="testLogoutWithSession" time="0.298"/>
  <testcase classname="com.erudex.test.login.LoginTestApache" name="testLogoutWithSession" time="0.337"/>
  <testcase classname="com.erudex.test.login.LoginTestApache" name="testLogoutWithSession" time="0.309"/>
  <testcase classname="com.erudex.test.login.LoginTestApache" name="testLogoutWithSession" time="0.295"/>
  <testcase classname="com.erudex.test.login.LoginTestApache" name="testLogoutWithSession" time="0.303"/>
  <testcase classname="com.erudex.test.login.LoginTestApache" name="testLogoutWithSession" time="0.294"/>
  <testcase classname="com.erudex.test.login.LoginTestApache" name="testLogoutWithSession" time="0.291"/>
  <testcase classname="com.erudex.test.login.LoginTestApache" name="testLogoutWithSession" time="0.302"/>
  <testcase classname="com.erudex.test.login.LoginTestApache" name="testLogoutWithSession" time="0.299"/>
  <testcase classname="com.erudex.test.login.LoginTestApache" name="testLogoutWithSession" time="0.294"/>
  <testcase classname="com.erudex.test.login.LoginTestApache" name="testLogoutWithSession" time="0.303"/>
  <testcase classname="com.erudex.test.login.LoginTestApache" name="testLogoutWithSession" time="0.298"/>
  <testcase classname="com.erudex.test.login.LoginTestApache" name="testLogoutWithSession" time="0.306"/>
  <testcase classname="com.erudex.test.login.LoginTestApache" name="testLogoutWithSession" time="0.298"/>
  <testcase classname="com.erudex.test.login.LoginTestApache" name="testLogoutWithSession" time="0.301"/>
  <testcase classname="com.erudex.test.login.LoginTestApache" name="testLogoutWithSession" time="0.304"/>
  <testcase classname="com.erudex.test.login.LoginTestApache" name="testLogoutWithSession" time="0.307"/>
  <testcase classname="com.erudex.test.login.LoginTestApache" name="testLogoutWithSession" time="0.309"/>
  <testcase classname="com.erudex.test.login.LoginTestApache" name="testLogoutWithSession" time="0.305"/>
  <testcase classname="com.erudex.test.login.LoginTestApache" name="testLogoutWithSession" time="0.295"/>
  <testcase classname="com.erudex.test.login.LoginTestApache" name="testLogoutWithSession" time="0.302"/>
  <testcase classname="com.erudex.test.login.LoginTestApache" name="testLogoutWithSession" time="0.303"/>
  <testcase classname="com.erudex.test.login.LoginTestApache" name="testLogoutWithSession" time="0.289"/>
  <testcase classname="com.erudex.test.login.LoginTestApache" name="testLogoutWithSession" time="0.304"/>
  <testcase classname="com.erudex.test.login.LoginTestApache" name="testLogoutWithSession" time="0.301"/>
  <testcase classname="com.erudex.test.login.LoginTestApache" name="testLogoutWithSession" time="0.298"/>
  <testcase classname="com.erudex.test.login.LoginTestApache" name="testLogoutWithSession" time="0.298"/>
  <testcase classname="com.erudex.test.login.LoginTestApache" name="testLogoutWithSession" time="0.304"/>
  <testcase classname="com.erudex.test.login.LoginTestApache" name="testLogoutWithSession" time="0.299"/>
  <testcase classname="com.erudex.test.login.LoginTestApache" name="testLogoutWithSession" time="0.299"/>
  <testcase classname="com.erudex.test.login.LoginTestApache" name="testLogoutWithSession" time="0.314"/>
  <testcase classname="com.erudex.test.login.LoginTestApache" name="testLogoutWithSession" time="0.304"/>
  <testcase classname="com.erudex.test.login.LoginTestApache" name="testLogoutWithSession" time="0.313"/>
  <testcase classname="com.erudex.test.login.LoginTestApache" name="testLogoutWithSession" time="0.307"/>
  <testcase classname="com.erudex.test.login.LoginTestApache" name="testLogoutWithSession" time="0.3"/>
  <testcase classname="com.erudex.test.login.LoginTestApache" name="testLogoutWithSession" time="0.298"/>
  <testcase classname="com.erudex.test.login.LoginTestApache" name="testLogoutWithSession" time="0.308"/>
  <testcase classname="com.erudex.test.login.LoginTestApache" name="testLogoutWithSession" time="0.301"/>
  <testcase classname="com.erudex.test.login.LoginTestApache" name="testLogoutWithSession" time="0.301"/>
  <testcase classname="com.erudex.test.login.LoginTestApache" name="testLogoutWithSession" time="0.293"/>
  <testcase classname="com.erudex.test.login.LoginTestApache" name="testLogoutWithSession" time="0.305"/>
  <testcase classname="com.erudex.test.login.LoginTestApache" name="testLogoutWithSession" time="0.298"/>
  <testcase classname="com.erudex.test.login.LoginTestApache" name="testLogoutWithSession" time="0.308"/>
  <testcase classname="com.erudex.test.login.LoginTestApache" name="testLogoutWithSession" time="0.295"/>
  <testcase classname="com.erudex.test.login.LoginTestApache" name="testLogoutWithSession" time="0.303"/>
  <testcase classname="com.erudex.test.login.LoginTestApache" name="testLogoutWithSession" time="0.295"/>
  <testcase classname="com.erudex.test.login.LoginTestApache" name="testLogoutWithSession" time="0.294"/>
  <testcase classname="com.erudex.test.login.LoginTestApache" name="testLogoutWithSession" time="0.307"/>
  <testcase classname="com.erudex.test.login.LoginTestApache" name="testLogoutWithSession" time="0.296"/>
  <testcase classname="com.erudex.test.login.LoginTestApache" name="testLogoutWithSession" time="0.293"/>
  <testcase classname="com.erudex.test.login.LoginTestApache" name="testLogoutWithSession" time="0.302"/>
  <testcase classname="com.erudex.test.login.LoginTestApache" name="testLogoutWithSession" time="0.301"/>
  <testcase classname="com.erudex.test.login.LoginTestApache" name="testLogoutWithSession" time="0.302"/>
  <testcase classname="com.erudex.test.login.LoginTestApache" name="testLogoutWithSession" time="0.305"/>
  <testcase classname="com.erudex.test.login.LoginTestApache" name="testLogoutWithSession" time="0.296"/>
  <testcase classname="com.erudex.test.login.LoginTestApache" name="testLogoutWithSession" time="0.305"/>
  <testcase classname="com.erudex.test.login.LoginTestApache" name="testLogoutWithSession" time="0.308"/>
  <testcase classname="com.erudex.test.login.LoginTestApache" name="testLogoutWithSession" time="0.307"/>
  <testcase classname="com.erudex.test.login.LoginTestApache" name="testLogoutWithSession" time="0.314"/>
  <testcase classname="com.erudex.test.login.LoginTestApache" name="testLogoutWithSession" time="0.3"/>
  <testcase classname="com.erudex.test.login.LoginTestApache" name="testLogoutWithSession" time="0.301"/>
  <testcase classname="com.erudex.test.login.LoginTestApache" name="testLogoutWithSession" time="0.286"/>
  <testcase classname="com.erudex.test.login.LoginTestApache" name="testLogoutWithSession" time="0.304"/>
  <testcase classname="com.erudex.test.login.LoginTestApache" name="testLogoutWithSession" time="0.303"/>
  <testcase classname="com.erudex.test.login.LoginTestApache" name="testLogoutWithSession" time="0.695"/>
  <testcase classname="com.erudex.test.login.LoginTestApache" name="testLogoutWithSession" time="0.715"/>
  <testcase classname="com.erudex.test.login.LoginTestApache" name="testLogoutWithSession" time="0.301"/>
  <testcase classname="com.erudex.test.login.LoginTestApache" name="testLogoutWithSession" time="0.303"/>
  <testcase classname="com.erudex.test.login.LoginTestApache" name="testLogoutWithSession" time="0.325"/>
  <testcase classname="com.erudex.test.login.LoginTestApache" name="testLogoutWithSession" time="0.298"/>
  <testcase classname="com.erudex.test.login.LoginTestApache" name="testLogoutWithSession" time="0.302"/>
  <testcase classname="com.erudex.test.login.LoginTestApache" name="testLogoutWithSession" time="0.3"/>
  <testcase classname="com.erudex.test.login.LoginTestApache" name="testLogoutWithSession" time="0.297"/>
  <testcase classname="com.erudex.test.login.LoginTestApache" name="testLogoutWithSession" time="0.311"/>
  <testcase classname="com.erudex.test.login.LoginTestApache" name="testLogoutWithSession" time="0.293"/>
  <testcase classname="com.erudex.test.login.LoginTestApache" name="testLogoutWithSession" time="0.294"/>
  <testcase classname="com.erudex.test.login.LoginTestApache" name="testLogoutWithSession" time="0.299"/>
  <testcase classname="com.erudex.test.login.LoginTestApache" name="testLogoutWithSession" time="0.295"/>
  <testcase classname="com.erudex.test.login.LoginTestApache" name="testLogoutWithSession" time="0.307"/>
  <testcase classname="com.erudex.test.login.LoginTestApache" name="testLogoutWithSession" time="0.293"/>
  <testcase classname="com.erudex.test.login.LoginTestApache" name="testLogoutWithSession" time="0.296"/>
  <testcase classname="com.erudex.test.login.LoginTestApache" name="testLogoutWithSession" time="0.292"/>
  <testcase classname="com.erudex.test.login.LoginTestApache" name="testLogoutWithSession" time="0.316"/>
  <testcase classname="com.erudex.test.login.LoginTestApache" name="testLogoutWithSession" time="0.3"/>
  <testcase classname="com.erudex.test.login.LoginTestApache" name="testLogoutWithSession" time="0.294"/>
  <testcase classname="com.erudex.test.login.LoginTestApache" name="testLogoutWithSession" time="0.308"/>
  <testcase classname="com.erudex.test.login.LoginTestApache" name="testLogoutWithSession" time="0.293"/>
  <testcase classname="com.erudex.test.login.LoginTestApache" name="testLogoutWithSession" time="0.304"/>
  <testcase classname="com.erudex.test.login.LoginTestApache" name="testLogoutWithSession" time="0.309"/>
  <testcase classname="com.erudex.test.login.LoginTestApache" name="testLogoutWithSession" time="0.309"/>
  <testcase classname="com.erudex.test.login.LoginTestApache" name="testLogoutWithSession" time="0.295"/>
  <testcase classname="com.erudex.test.login.LoginTestApache" name="testLogoutWithSession" time="0.301"/>
  <testcase classname="com.erudex.test.login.LoginTestApache" name="testLogoutWithSession" time="0.304"/>
  <testcase classname="com.erudex.test.login.LoginTestApache" name="testLogoutWithSession" time="0.301"/>
  <testcase classname="com.erudex.test.login.LoginTestApache" name="testLogoutWithSession" time="0.302"/>
  <testcase classname="com.erudex.test.login.LoginTestApache" name="testLogoutWithSession" time="0.304"/>
  <testcase classname="com.erudex.test.login.LoginTestApache" name="testLogoutWithSession" time="0.297"/>
  <testcase classname="com.erudex.test.login.LoginTestApache" name="testLogoutWithSession" time="0.298"/>
  <testcase classname="com.erudex.test.login.LoginTestApache" name="testLogoutWithSession" time="0.295"/>
  <testcase classname="com.erudex.test.login.LoginTestApache" name="testLogoutWithSession" time="0.298"/>
  <testcase classname="com.erudex.test.login.LoginTestApache" name="testLogoutWithSession" time="0.296"/>
  <testcase classname="com.erudex.test.login.LoginTestApache" name="testLogoutWithSession" time="0.3"/>
  <testcase classname="com.erudex.test.login.LoginTestApache" name="testLogoutWithSession" time="0.301"/>
  <testcase classname="com.erudex.test.login.LoginTestApache" name="testLogoutWithSession" time="0.297"/>
  <testcase classname="com.erudex.test.login.LoginTestApache" name="testLogoutWithSession" time="0.296"/>
  <testcase classname="com.erudex.test.login.LoginTestApache" name="testLogoutWithSession" time="0.296"/>
  <testcase classname="com.erudex.test.login.LoginTestApache" name="testLogoutWithSession" time="0.3"/>
  <testcase classname="com.erudex.test.login.LoginTestApache" name="testLogoutWithSession" time="0.3"/>
  <testcase classname="com.erudex.test.login.LoginTestApache" name="testLogoutWithSession" time="0.3"/>
  <testcase classname="com.erudex.test.login.LoginTestApache" name="testLogoutWithSession" time="0.3"/>
  <testcase classname="com.erudex.test.login.LoginTestApache" name="testLogoutWithSession" time="0.294"/>
  <testcase classname="com.erudex.test.login.LoginTestApache" name="testLogoutWithSession" time="0.308"/>
  <testcase classname="com.erudex.test.login.LoginTestApache" name="testLogoutWithSession" time="0.302"/>
  <testcase classname="com.erudex.test.login.LoginTestApache" name="testLogoutWithSession" time="0.687"/>
  <testcase classname="com.erudex.test.login.LoginTestApache" name="testLogoutWithSession" time="0.304"/>
  <testcase classname="com.erudex.test.login.LoginTestApache" name="testLogoutWithSession" time="0.304"/>
  <testcase classname="com.erudex.test.login.LoginTestApache" name="testLogoutWithSession" time="0.301"/>
  <testcase classname="com.erudex.test.login.LoginTestApache" name="testLogoutWithSession" time="0.305"/>
  <testcase classname="com.erudex.test.login.LoginTestApache" name="testLogoutWithSession" time="0.3"/>
  <testcase classname="com.erudex.test.login.LoginTestApache" name="testLogoutWithSession" time="0.304"/>
  <testcase classname="com.erudex.test.login.LoginTestApache" name="testLogoutWithSession" time="0.305"/>
  <testcase classname="com.erudex.test.login.LoginTestApache" name="testLogoutWithSession" time="0.31"/>
  <testcase classname="com.erudex.test.login.LoginTestApache" name="testLogoutWithSession" time="0.314"/>
  <testcase classname="com.erudex.test.login.LoginTestApache" name="testLogoutWithSession" time="0.304"/>
  <testcase classname="com.erudex.test.login.LoginTestApache" name="testLogoutWithSession" time="0.296"/>
  <testcase classname="com.erudex.test.login.LoginTestApache" name="testLogoutWithSession" time="0.308"/>
  <testcase classname="com.erudex.test.login.LoginTestApache" name="testLogoutWithSession" time="0.3"/>
  <testcase classname="com.erudex.test.login.LoginTestApache" name="testLogoutWithSession" time="0.312"/>
  <testcase classname="com.erudex.test.login.LoginTestApache" name="testLogoutWithSession" time="0.304"/>
  <testcase classname="com.erudex.test.login.LoginTestApache" name="testLogoutWithSession" time="0.3"/>
  <testcase classname="com.erudex.test.login.LoginTestApache" name="testLogoutWithSession" time="0.306"/>
  <testcase classname="com.erudex.test.login.LoginTestApache" name="testLogoutWithSession" time="0.314"/>
  <testcase classname="com.erudex.test.login.LoginTestApache" name="testLogoutWithSession" time="0.3"/>
  <testcase classname="com.erudex.test.login.LoginTestApache" name="testLogoutWithSession" time="0.307"/>
  <testcase classname="com.erudex.test.login.LoginTestApache" name="testLogoutWithSession" time="0.302"/>
  <testcase classname="com.erudex.test.login.LoginTestApache" name="testLogoutWithSession" time="0.299"/>
  <testcase classname="com.erudex.test.login.LoginTestApache" name="testLogoutWithSession" time="0.32"/>
  <testcase classname="com.erudex.test.login.LoginTestApache" name="testLogoutWithSession" time="0.304"/>
  <testcase classname="com.erudex.test.login.LoginTestApache" name="testLogoutWithSession" time="0.294"/>
  <testcase classname="com.erudex.test.login.LoginTestApache" name="testLogoutWithSession" time="0.301"/>
  <testcase classname="com.erudex.test.login.LoginTestApache" name="testLogoutWithSession" time="0.301"/>
  <testcase classname="com.erudex.test.login.LoginTestApache" name="testLogoutWithSession" time="0.297"/>
  <testcase classname="com.erudex.test.login.LoginTestApache" name="testLogoutWithSession" time="0.296"/>
  <testcase classname="com.erudex.test.login.LoginTestApache" name="testLogoutWithSession" time="0.302"/>
  <testcase classname="com.erudex.test.login.LoginTestApache" name="testLogoutWithSession" time="0.303"/>
  <testcase classname="com.erudex.test.login.LoginTestApache" name="testLogoutWithSession" time="0.303"/>
  <testcase classname="com.erudex.test.login.LoginTestApache" name="testLogoutWithSession" time="0.296"/>
  <testcase classname="com.erudex.test.login.LoginTestApache" name="testLogoutWithSession" time="0.3"/>
  <testcase classname="com.erudex.test.login.LoginTestApache" name="testLogoutWithSession" time="0.297"/>
  <testcase classname="com.erudex.test.login.LoginTestApache" name="testLogoutWithSession" time="0.303"/>
  <testcase classname="com.erudex.test.login.LoginTestApache" name="testLogoutWithSession" time="0.294"/>
</testsuite> <!-- Erudex Apache HTTP Login API  Tests -->
