<?xml version="1.0" encoding="UTF-8"?>
<!-- Generated by org.testng.reporters.JUnitReportReporter -->
<testsuite hostname="DESKTOP-AH0EAR4" failures="0" tests="3007" name="com.erudex.test.login.LoginTestApache" time="941.541" errors="0" timestamp="2023-07-04T23:52:46 EDT" skipped="0">
  <testcase classname="com.erudex.test.login.LoginTestApache" name="testLogin" time="0.328"/>
  <testcase classname="com.erudex.test.login.LoginTestApache" name="testLogoutWithSession" time="0.327"/>
  <testcase classname="com.erudex.test.login.LoginTestApache" name="testLogin" time="0.308"/>
  <testcase classname="com.erudex.test.login.LoginTestApache" name="testLogin" time="0.310"/>
  <testcase classname="com.erudex.test.login.LoginTestApache" name="testLoginWithSession" time="0.311"/>
  <testcase classname="com.erudex.test.login.LoginTestApache" name="testLoginWithSession" time="0.307"/>
  <testcase classname="com.erudex.test.login.LoginTestApache" name="testLoginWithSession" time="0.307"/>
  <testcase classname="com.erudex.test.login.LoginTestApache" name="testLogoutWithSession" time="0.698"/>
  <testcase classname="com.erudex.test.login.LoginTestApache" name="testLogoutWithSession" time="0.292"/>
  <testcase classname="com.erudex.test.login.LoginTestApache" name="testLoginWithSession" time="0.315"/>
  <testcase classname="com.erudex.test.login.LoginTestApache" name="testLogin" time="0.310"/>
  <testcase classname="com.erudex.test.login.LoginTestApache" name="testLoginWithSession" time="0.311"/>
  <testcase classname="com.erudex.test.login.LoginTestApache" name="testLogoutWithSession" time="0.306"/>
  <testcase classname="com.erudex.test.login.LoginTestApache" name="testLogin" time="0.312"/>
  <testcase classname="com.erudex.test.login.LoginTestApache" name="testLoginWithSession" time="0.300"/>
  <testcase classname="com.erudex.test.login.LoginTestApache" name="testLoginWithSession" time="0.306"/>
  <testcase classname="com.erudex.test.login.LoginTestApache" name="testLogin" time="0.302"/>
  <testcase classname="com.erudex.test.login.LoginTestApache" name="testLoginWithSession" time="0.303"/>
  <testcase classname="com.erudex.test.login.LoginTestApache" name="testLogoutWithSession" time="0.306"/>
  <testcase classname="com.erudex.test.login.LoginTestApache" name="testLogoutWithSession" time="0.300"/>
  <testcase classname="com.erudex.test.login.LoginTestApache" name="testLoginWithSession" time="0.295"/>
  <testcase classname="com.erudex.test.login.LoginTestApache" name="testLogin" time="0.319"/>
  <testcase classname="com.erudex.test.login.LoginTestApache" name="testLogin" time="0.318"/>
  <testcase classname="com.erudex.test.login.LoginTestApache" name="testLogin" time="0.323"/>
  <testcase classname="com.erudex.test.login.LoginTestApache" name="testLogin" time="0.343"/>
  <testcase classname="com.erudex.test.login.LoginTestApache" name="testLoginWithSession" time="0.302"/>
  <testcase classname="com.erudex.test.login.LoginTestApache" name="testLogin" time="0.334"/>
  <testcase classname="com.erudex.test.login.LoginTestApache" name="testLogin" time="0.309"/>
  <testcase classname="com.erudex.test.login.LoginTestApache" name="testLoginWithSession" time="0.304"/>
  <testcase classname="com.erudex.test.login.LoginTestApache" name="testLoginWithSession" time="0.305"/>
  <testcase classname="com.erudex.test.login.LoginTestApache" name="testLogin" time="0.318"/>
  <testcase classname="com.erudex.test.login.LoginTestApache" name="testLoginWithSession" time="0.294"/>
  <testcase classname="com.erudex.test.login.LoginTestApache" name="testLogin" time="0.303"/>
  <testcase classname="com.erudex.test.login.LoginTestApache" name="testLogoutWithSession" time="0.306"/>
  <testcase classname="com.erudex.test.login.LoginTestApache" name="testLogoutWithSession" time="0.298"/>
  <testcase classname="com.erudex.test.login.LoginTestApache" name="testLogin" time="0.313"/>
  <testcase classname="com.erudex.test.login.LoginTestApache" name="testLoginWithSession" time="0.302"/>
  <testcase classname="com.erudex.test.login.LoginTestApache" name="testLogin" time="0.311"/>
  <testcase classname="com.erudex.test.login.LoginTestApache" name="testLoginWithSession" time="0.309"/>
  <testcase classname="com.erudex.test.login.LoginTestApache" name="testLoginWithSession" time="0.301"/>
  <testcase classname="com.erudex.test.login.LoginTestApache" name="testLogin" time="0.318"/>
  <testcase classname="com.erudex.test.login.LoginTestApache" name="testLogin" time="0.316"/>
  <testcase classname="com.erudex.test.login.LoginTestApache" name="testLogin" time="0.322"/>
  <testcase classname="com.erudex.test.login.LoginTestApache" name="testLogoutWithSession" time="0.298"/>
  <testcase classname="com.erudex.test.login.LoginTestApache" name="testLoginWithSession" time="0.307"/>
  <testcase classname="com.erudex.test.login.LoginTestApache" name="testLogin" time="0.307"/>
  <testcase classname="com.erudex.test.login.LoginTestApache" name="testLoginWithSession" time="0.311"/>
  <testcase classname="com.erudex.test.login.LoginTestApache" name="testLogoutWithSession" time="0.304"/>
  <testcase classname="com.erudex.test.login.LoginTestApache" name="testLogoutWithSession" time="0.298"/>
  <testcase classname="com.erudex.test.login.LoginTestApache" name="testLogin" time="0.306"/>
  <testcase classname="com.erudex.test.login.LoginTestApache" name="testLogin" time="0.307"/>
  <testcase classname="com.erudex.test.login.LoginTestApache" name="testLogin" time="0.309"/>
  <testcase classname="com.erudex.test.login.LoginTestApache" name="testLogoutWithSession" time="0.300"/>
  <testcase classname="com.erudex.test.login.LoginTestApache" name="testLogoutWithSession" time="0.299"/>
  <testcase classname="com.erudex.test.login.LoginTestApache" name="testLogin" time="0.310"/>
  <testcase classname="com.erudex.test.login.LoginTestApache" name="testLogoutWithSession" time="0.300"/>
  <testcase classname="com.erudex.test.login.LoginTestApache" name="testLogin" time="0.316"/>
  <testcase classname="com.erudex.test.login.LoginTestApache" name="testLogoutWithSession" time="0.298"/>
  <testcase classname="com.erudex.test.login.LoginTestApache" name="testLoginWithSession" time="0.299"/>
  <testcase classname="com.erudex.test.login.LoginTestApache" name="testLogin" time="0.309"/>
  <testcase classname="com.erudex.test.login.LoginTestApache" name="testLogin" time="0.308"/>
  <testcase classname="com.erudex.test.login.LoginTestApache" name="testLogin" time="0.304"/>
  <testcase classname="com.erudex.test.login.LoginTestApache" name="testLoginWithSession" time="0.303"/>
  <testcase classname="com.erudex.test.login.LoginTestApache" name="testLoginWithSession" time="0.306"/>
  <testcase classname="com.erudex.test.login.LoginTestApache" name="testLogoutWithSession" time="0.297"/>
  <testcase classname="com.erudex.test.login.LoginTestApache" name="testLoginWithSession" time="0.310"/>
  <testcase classname="com.erudex.test.login.LoginTestApache" name="testLogoutWithSession" time="0.303"/>
  <testcase classname="com.erudex.test.login.LoginTestApache" name="testLoginWithSession" time="0.697"/>
  <testcase classname="com.erudex.test.login.LoginTestApache" name="testLogoutWithSession" time="0.305"/>
  <testcase classname="com.erudex.test.login.LoginTestApache" name="testLogoutWithSession" time="0.302"/>
  <testcase classname="com.erudex.test.login.LoginTestApache" name="testLoginWithSession" time="0.302"/>
  <testcase classname="com.erudex.test.login.LoginTestApache" name="testLogin" time="0.341"/>
  <testcase classname="com.erudex.test.login.LoginTestApache" name="testLoginWithSession" time="0.304"/>
  <testcase classname="com.erudex.test.login.LoginTestApache" name="testLogin" time="0.322"/>
  <testcase classname="com.erudex.test.login.LoginTestApache" name="testLoginWithSession" time="0.306"/>
  <testcase classname="com.erudex.test.login.LoginTestApache" name="testLogin" time="0.317"/>
  <testcase classname="com.erudex.test.login.LoginTestApache" name="testLogoutWithSession" time="0.303"/>
  <testcase classname="com.erudex.test.login.LoginTestApache" name="testLogin" time="0.333"/>
  <testcase classname="com.erudex.test.login.LoginTestApache" name="testLoginWithSession" time="0.303"/>
  <testcase classname="com.erudex.test.login.LoginTestApache" name="testLogoutWithSession" time="0.296"/>
  <testcase classname="com.erudex.test.login.LoginTestApache" name="testLogoutWithSession" time="0.356"/>
  <testcase classname="com.erudex.test.login.LoginTestApache" name="testLoginWithSession" time="0.318"/>
  <testcase classname="com.erudex.test.login.LoginTestApache" name="testLogin" time="0.316"/>
  <testcase classname="com.erudex.test.login.LoginTestApache" name="testLogoutWithSession" time="0.331"/>
  <testcase classname="com.erudex.test.login.LoginTestApache" name="testLogoutWithSession" time="0.300"/>
  <testcase classname="com.erudex.test.login.LoginTestApache" name="testLogoutWithSession" time="0.300"/>
  <testcase classname="com.erudex.test.login.LoginTestApache" name="testLogoutWithSession" time="0.296"/>
  <testcase classname="com.erudex.test.login.LoginTestApache" name="testLogoutWithSession" time="0.303"/>
  <testcase classname="com.erudex.test.login.LoginTestApache" name="testLoginWithSession" time="0.286"/>
  <testcase classname="com.erudex.test.login.LoginTestApache" name="testLogoutWithSession" time="0.312"/>
  <testcase classname="com.erudex.test.login.LoginTestApache" name="testLoginWithSession" time="0.305"/>
  <testcase classname="com.erudex.test.login.LoginTestApache" name="testLoginWithSession" time="0.311"/>
  <testcase classname="com.erudex.test.login.LoginTestApache" name="testLogin" time="0.314"/>
  <testcase classname="com.erudex.test.login.LoginTestApache" name="testLogin" time="0.316"/>
  <testcase classname="com.erudex.test.login.LoginTestApache" name="testLogin" time="0.302"/>
  <testcase classname="com.erudex.test.login.LoginTestApache" name="testLogin" time="0.305"/>
  <testcase classname="com.erudex.test.login.LoginTestApache" name="testLogin" time="0.312"/>
  <testcase classname="com.erudex.test.login.LoginTestApache" name="testLogin" time="0.305"/>
  <testcase classname="com.erudex.test.login.LoginTestApache" name="testLoginWithSession" time="0.313"/>
  <testcase classname="com.erudex.test.login.LoginTestApache" name="testLoginWithSession" time="0.303"/>
  <testcase classname="com.erudex.test.login.LoginTestApache" name="testLogoutWithSession" time="0.685"/>
  <testcase classname="com.erudex.test.login.LoginTestApache" name="testLoginWithSession" time="0.314"/>
  <testcase classname="com.erudex.test.login.LoginTestApache" name="testLogin" time="0.317"/>
  <testcase classname="com.erudex.test.login.LoginTestApache" name="testLoginWithSession" time="0.308"/>
  <testcase classname="com.erudex.test.login.LoginTestApache" name="testLogin" time="0.331"/>
  <testcase classname="com.erudex.test.login.LoginTestApache" name="testLogoutWithSession" time="0.312"/>
  <testcase classname="com.erudex.test.login.LoginTestApache" name="testLogin" time="0.307"/>
  <testcase classname="com.erudex.test.login.LoginTestApache" name="testLogoutWithSession" time="0.305"/>
  <testcase classname="com.erudex.test.login.LoginTestApache" name="testLogin" time="0.327"/>
  <testcase classname="com.erudex.test.login.LoginTestApache" name="testLogoutWithSession" time="0.317"/>
  <testcase classname="com.erudex.test.login.LoginTestApache" name="testLoginWithSession" time="0.301"/>
  <testcase classname="com.erudex.test.login.LoginTestApache" name="testLogoutWithSession" time="0.316"/>
  <testcase classname="com.erudex.test.login.LoginTestApache" name="testLogin" time="0.315"/>
  <testcase classname="com.erudex.test.login.LoginTestApache" name="testLoginWithSession" time="0.705"/>
  <testcase classname="com.erudex.test.login.LoginTestApache" name="testLoginWithSession" time="0.303"/>
  <testcase classname="com.erudex.test.login.LoginTestApache" name="testLogin" time="0.709"/>
  <testcase classname="com.erudex.test.login.LoginTestApache" name="testLoginWithSession" time="0.299"/>
  <testcase classname="com.erudex.test.login.LoginTestApache" name="testLoginWithSession" time="0.302"/>
  <testcase classname="com.erudex.test.login.LoginTestApache" name="testLoginWithSession" time="0.323"/>
  <testcase classname="com.erudex.test.login.LoginTestApache" name="testLoginWithSession" time="0.302"/>
  <testcase classname="com.erudex.test.login.LoginTestApache" name="testLogin" time="0.313"/>
  <testcase classname="com.erudex.test.login.LoginTestApache" name="testLogin" time="0.319"/>
  <testcase classname="com.erudex.test.login.LoginTestApache" name="testLogin" time="0.323"/>
  <testcase classname="com.erudex.test.login.LoginTestApache" name="testLoginWithSession" time="0.300"/>
  <testcase classname="com.erudex.test.login.LoginTestApache" name="testLoginWithSession" time="0.300"/>
  <testcase classname="com.erudex.test.login.LoginTestApache" name="testLoginWithSession" time="0.285"/>
  <testcase classname="com.erudex.test.login.LoginTestApache" name="testLogin" time="0.316"/>
  <testcase classname="com.erudex.test.login.LoginTestApache" name="testLoginWithSession" time="0.316"/>
  <testcase classname="com.erudex.test.login.LoginTestApache" name="testLogoutWithSession" time="0.296"/>
  <testcase classname="com.erudex.test.login.LoginTestApache" name="testLogin" time="0.331"/>
  <testcase classname="com.erudex.test.login.LoginTestApache" name="testLogin" time="0.341"/>
  <testcase classname="com.erudex.test.login.LoginTestApache" name="testLogin" time="0.321"/>
  <testcase classname="com.erudex.test.login.LoginTestApache" name="testLogin" time="0.325"/>
  <testcase classname="com.erudex.test.login.LoginTestApache" name="testLogin" time="0.307"/>
  <testcase classname="com.erudex.test.login.LoginTestApache" name="testLogin" time="0.316"/>
  <testcase classname="com.erudex.test.login.LoginTestApache" name="testLogoutWithSession" time="0.691"/>
  <testcase classname="com.erudex.test.login.LoginTestApache" name="testLogin" time="0.321"/>
  <testcase classname="com.erudex.test.login.LoginTestApache" name="testLogin" time="0.319"/>
  <testcase classname="com.erudex.test.login.LoginTestApache" name="testLogin" time="0.322"/>
  <testcase classname="com.erudex.test.login.LoginTestApache" name="testLogoutWithSession" time="0.301"/>
  <testcase classname="com.erudex.test.login.LoginTestApache" name="testLogoutWithSession" time="0.295"/>
  <testcase classname="com.erudex.test.login.LoginTestApache" name="testLogoutWithSession" time="0.300"/>
  <testcase classname="com.erudex.test.login.LoginTestApache" name="testLoginWithSession" time="0.309"/>
  <testcase classname="com.erudex.test.login.LoginTestApache" name="testLogoutWithSession" time="0.308"/>
  <testcase classname="com.erudex.test.login.LoginTestApache" name="testLogin" time="0.311"/>
  <testcase classname="com.erudex.test.login.LoginTestApache" name="testLogin" time="0.308"/>
  <testcase classname="com.erudex.test.login.LoginTestApache" name="testLoginWithSession" time="0.304"/>
  <testcase classname="com.erudex.test.login.LoginTestApache" name="testLogin" time="0.332"/>
  <testcase classname="com.erudex.test.login.LoginTestApache" name="testLogin" time="0.316"/>
  <testcase classname="com.erudex.test.login.LoginTestApache" name="testLoginWithSession" time="0.310"/>
  <testcase classname="com.erudex.test.login.LoginTestApache" name="testLogin" time="0.311"/>
  <testcase classname="com.erudex.test.login.LoginTestApache" name="testLoginWithSession" time="0.308"/>
  <testcase classname="com.erudex.test.login.LoginTestApache" name="testLogoutWithSession" time="0.306"/>
  <testcase classname="com.erudex.test.login.LoginTestApache" name="testLogin" time="0.316"/>
  <testcase classname="com.erudex.test.login.LoginTestApache" name="testLogin" time="0.316"/>
  <testcase classname="com.erudex.test.login.LoginTestApache" name="testLogoutWithSession" time="0.307"/>
  <testcase classname="com.erudex.test.login.LoginTestApache" name="testLoginWithSession" time="0.308"/>
  <testcase classname="com.erudex.test.login.LoginTestApache" name="testLogin" time="0.314"/>
  <testcase classname="com.erudex.test.login.LoginTestApache" name="testLoginWithSession" time="0.301"/>
  <testcase classname="com.erudex.test.login.LoginTestApache" name="testLogoutWithSession" time="0.300"/>
  <testcase classname="com.erudex.test.login.LoginTestApache" name="testLogoutWithSession" time="0.298"/>
  <testcase classname="com.erudex.test.login.LoginTestApache" name="testLogin" time="0.314"/>
  <testcase classname="com.erudex.test.login.LoginTestApache" name="testLoginWithSession" time="0.316"/>
  <testcase classname="com.erudex.test.login.LoginTestApache" name="testLoginWithSession" time="0.306"/>
  <testcase classname="com.erudex.test.login.LoginTestApache" name="testLogin" time="0.318"/>
  <testcase classname="com.erudex.test.login.LoginTestApache" name="testLoginWithSession" time="0.356"/>
  <testcase classname="com.erudex.test.login.LoginTestApache" name="testLogoutWithSession" time="0.306"/>
  <testcase classname="com.erudex.test.login.LoginTestApache" name="testLogoutWithSession" time="0.310"/>
  <testcase classname="com.erudex.test.login.LoginTestApache" name="testLogin" time="0.319"/>
  <testcase classname="com.erudex.test.login.LoginTestApache" name="testLogoutWithSession" time="0.313"/>
  <testcase classname="com.erudex.test.login.LoginTestApache" name="testLogin" time="0.322"/>
  <testcase classname="com.erudex.test.login.LoginTestApache" name="testLoginWithSession" time="0.308"/>
  <testcase classname="com.erudex.test.login.LoginTestApache" name="testLoginWithSession" time="0.297"/>
  <testcase classname="com.erudex.test.login.LoginTestApache" name="testLogin" time="0.308"/>
  <testcase classname="com.erudex.test.login.LoginTestApache" name="testLoginWithSession" time="0.307"/>
  <testcase classname="com.erudex.test.login.LoginTestApache" name="testLogin" time="0.302"/>
  <testcase classname="com.erudex.test.login.LoginTestApache" name="testLoginWithSession" time="0.302"/>
  <testcase classname="com.erudex.test.login.LoginTestApache" name="testLogoutWithSession" time="0.308"/>
  <testcase classname="com.erudex.test.login.LoginTestApache" name="testLoginWithSession" time="0.297"/>
  <testcase classname="com.erudex.test.login.LoginTestApache" name="testLoginWithSession" time="0.303"/>
  <testcase classname="com.erudex.test.login.LoginTestApache" name="testLogoutWithSession" time="0.301"/>
  <testcase classname="com.erudex.test.login.LoginTestApache" name="testLogin" time="0.323"/>
  <testcase classname="com.erudex.test.login.LoginTestApache" name="testLogin" time="0.315"/>
  <testcase classname="com.erudex.test.login.LoginTestApache" name="testLogoutWithSession" time="0.306"/>
  <testcase classname="com.erudex.test.login.LoginTestApache" name="testLogoutWithSession" time="0.306"/>
  <testcase classname="com.erudex.test.login.LoginTestApache" name="testLogoutWithSession" time="0.310"/>
  <testcase classname="com.erudex.test.login.LoginTestApache" name="testLoginWithSession" time="0.310"/>
  <testcase classname="com.erudex.test.login.LoginTestApache" name="testLogoutWithSession" time="0.296"/>
  <testcase classname="com.erudex.test.login.LoginTestApache" name="testLogoutWithSession" time="0.302"/>
  <testcase classname="com.erudex.test.login.LoginTestApache" name="testLogoutWithSession" time="0.313"/>
  <testcase classname="com.erudex.test.login.LoginTestApache" name="testLogin" time="0.310"/>
  <testcase classname="com.erudex.test.login.LoginTestApache" name="testLoginWithSession" time="0.311"/>
  <testcase classname="com.erudex.test.login.LoginTestApache" name="testLoginWithSession" time="0.304"/>
  <testcase classname="com.erudex.test.login.LoginTestApache" name="testLogoutWithSession" time="0.311"/>
  <testcase classname="com.erudex.test.login.LoginTestApache" name="testLoginWithSession" time="0.306"/>
  <testcase classname="com.erudex.test.login.LoginTestApache" name="testLogoutWithSession" time="0.309"/>
  <testcase classname="com.erudex.test.login.LoginTestApache" name="testLogoutWithSession" time="0.293"/>
  <testcase classname="com.erudex.test.login.LoginTestApache" name="testLogoutWithSession" time="0.305"/>
  <testcase classname="com.erudex.test.login.LoginTestApache" name="testLogin" time="0.313"/>
  <testcase classname="com.erudex.test.login.LoginTestApache" name="testLoginWithSession" time="0.302"/>
  <testcase classname="com.erudex.test.login.LoginTestApache" name="testLogoutWithSession" time="0.298"/>
  <testcase classname="com.erudex.test.login.LoginTestApache" name="testLogin" time="0.316"/>
  <testcase classname="com.erudex.test.login.LoginTestApache" name="testLoginWithSession" time="0.310"/>
  <testcase classname="com.erudex.test.login.LoginTestApache" name="testLoginWithSession" time="0.296"/>
  <testcase classname="com.erudex.test.login.LoginTestApache" name="testLogin" time="0.314"/>
  <testcase classname="com.erudex.test.login.LoginTestApache" name="testLoginWithSession" time="0.321"/>
  <testcase classname="com.erudex.test.login.LoginTestApache" name="testLoginWithSession" time="0.294"/>
  <testcase classname="com.erudex.test.login.LoginTestApache" name="testLogoutWithSession" time="0.305"/>
  <testcase classname="com.erudex.test.login.LoginTestApache" name="testLogoutWithSession" time="0.309"/>
  <testcase classname="com.erudex.test.login.LoginTestApache" name="testLoginWithSession" time="0.302"/>
  <testcase classname="com.erudex.test.login.LoginTestApache" name="testLogoutWithSession" time="0.301"/>
  <testcase classname="com.erudex.test.login.LoginTestApache" name="testLogoutWithSession" time="0.298"/>
  <testcase classname="com.erudex.test.login.LoginTestApache" name="testLogin" time="0.322"/>
  <testcase classname="com.erudex.test.login.LoginTestApache" name="testLoginWithSession" time="0.300"/>
  <testcase classname="com.erudex.test.login.LoginTestApache" name="testLogin" time="0.315"/>
  <testcase classname="com.erudex.test.login.LoginTestApache" name="testLogin" time="0.308"/>
  <testcase classname="com.erudex.test.login.LoginTestApache" name="testLogoutWithSession" time="0.314"/>
  <testcase classname="com.erudex.test.login.LoginTestApache" name="testLogoutWithSession" time="0.298"/>
  <testcase classname="com.erudex.test.login.LoginTestApache" name="testLogin" time="0.303"/>
  <testcase classname="com.erudex.test.login.LoginTestApache" name="testLoginWithSession" time="0.306"/>
  <testcase classname="com.erudex.test.login.LoginTestApache" name="testLoginWithSession" time="0.309"/>
  <testcase classname="com.erudex.test.login.LoginTestApache" name="testLogoutWithSession" time="0.308"/>
  <testcase classname="com.erudex.test.login.LoginTestApache" name="testLogin" time="0.314"/>
  <testcase classname="com.erudex.test.login.LoginTestApache" name="testLoginWithSession" time="0.302"/>
  <testcase classname="com.erudex.test.login.LoginTestApache" name="testLogoutWithSession" time="0.312"/>
  <testcase classname="com.erudex.test.login.LoginTestApache" name="testLoginWithSession" time="0.291"/>
  <testcase classname="com.erudex.test.login.LoginTestApache" name="testLogin" time="0.308"/>
  <testcase classname="com.erudex.test.login.LoginTestApache" name="testLogin" time="0.312"/>
  <testcase classname="com.erudex.test.login.LoginTestApache" name="testLogin" time="0.317"/>
  <testcase classname="com.erudex.test.login.LoginTestApache" name="testLoginWithSession" time="0.303"/>
  <testcase classname="com.erudex.test.login.LoginTestApache" name="testLoginWithSession" time="0.308"/>
  <testcase classname="com.erudex.test.login.LoginTestApache" name="testLogin" time="0.307"/>
  <testcase classname="com.erudex.test.login.LoginTestApache" name="testLogin" time="0.310"/>
  <testcase classname="com.erudex.test.login.LoginTestApache" name="testLogin" time="0.324"/>
  <testcase classname="com.erudex.test.login.LoginTestApache" name="testLogoutWithSession" time="0.301"/>
  <testcase classname="com.erudex.test.login.LoginTestApache" name="testLogin" time="0.316"/>
  <testcase classname="com.erudex.test.login.LoginTestApache" name="testLogoutWithSession" time="0.295"/>
  <testcase classname="com.erudex.test.login.LoginTestApache" name="testLoginWithSession" time="0.308"/>
  <testcase classname="com.erudex.test.login.LoginTestApache" name="testLogin" time="0.313"/>
  <testcase classname="com.erudex.test.login.LoginTestApache" name="testLogin" time="0.317"/>
  <testcase classname="com.erudex.test.login.LoginTestApache" name="testLogin" time="0.309"/>
  <testcase classname="com.erudex.test.login.LoginTestApache" name="testLogoutWithSession" time="0.304"/>
  <testcase classname="com.erudex.test.login.LoginTestApache" name="testLogin" time="0.308"/>
  <testcase classname="com.erudex.test.login.LoginTestApache" name="testLogoutWithSession" time="0.304"/>
  <testcase classname="com.erudex.test.login.LoginTestApache" name="testLogoutWithSession" time="0.310"/>
  <testcase classname="com.erudex.test.login.LoginTestApache" name="testLogoutWithSession" time="0.303"/>
  <testcase classname="com.erudex.test.login.LoginTestApache" name="testLogoutWithSession" time="0.314"/>
  <testcase classname="com.erudex.test.login.LoginTestApache" name="testLogin" time="0.312"/>
  <testcase classname="com.erudex.test.login.LoginTestApache" name="testLogin" time="0.309"/>
  <testcase classname="com.erudex.test.login.LoginTestApache" name="testLogin" time="0.307"/>
  <testcase classname="com.erudex.test.login.LoginTestApache" name="testLogoutWithSession" time="0.314"/>
  <testcase classname="com.erudex.test.login.LoginTestApache" name="testLogoutWithSession" time="0.306"/>
  <testcase classname="com.erudex.test.login.LoginTestApache" name="testLoginWithSession" time="0.301"/>
  <testcase classname="com.erudex.test.login.LoginTestApache" name="testLogoutWithSession" time="0.301"/>
  <testcase classname="com.erudex.test.login.LoginTestApache" name="testLogoutWithSession" time="0.303"/>
  <testcase classname="com.erudex.test.login.LoginTestApache" name="testLoginWithSession" time="0.314"/>
  <testcase classname="com.erudex.test.login.LoginTestApache" name="testLoginWithSession" time="0.303"/>
  <testcase classname="com.erudex.test.login.LoginTestApache" name="testLogin" time="0.320"/>
  <testcase classname="com.erudex.test.login.LoginTestApache" name="testLoginWithSession" time="0.305"/>
  <testcase classname="com.erudex.test.login.LoginTestApache" name="testLogin" time="0.299"/>
  <testcase classname="com.erudex.test.login.LoginTestApache" name="testLogin" time="0.318"/>
  <testcase classname="com.erudex.test.login.LoginTestApache" name="testLoginWithSession" time="0.321"/>
  <testcase classname="com.erudex.test.login.LoginTestApache" name="testLogin" time="0.712"/>
  <testcase classname="com.erudex.test.login.LoginTestApache" name="testLogoutWithSession" time="0.308"/>
  <testcase classname="com.erudex.test.login.LoginTestApache" name="testLogin" time="0.313"/>
  <testcase classname="com.erudex.test.login.LoginTestApache" name="testLoginWithSession" time="0.310"/>
  <testcase classname="com.erudex.test.login.LoginTestApache" name="testLogoutWithSession" time="0.304"/>
  <testcase classname="com.erudex.test.login.LoginTestApache" name="testLogin" time="0.309"/>
  <testcase classname="com.erudex.test.login.LoginTestApache" name="testLoginWithSession" time="0.303"/>
  <testcase classname="com.erudex.test.login.LoginTestApache" name="testLoginWithSession" time="0.312"/>
  <testcase classname="com.erudex.test.login.LoginTestApache" name="testLogoutWithSession" time="0.323"/>
  <testcase classname="com.erudex.test.login.LoginTestApache" name="testLogin" time="0.306"/>
  <testcase classname="com.erudex.test.login.LoginTestApache" name="testLogin" time="0.313"/>
  <testcase classname="com.erudex.test.login.LoginTestApache" name="testLogoutWithSession" time="0.298"/>
  <testcase classname="com.erudex.test.login.LoginTestApache" name="testLogoutWithSession" time="0.293"/>
  <testcase classname="com.erudex.test.login.LoginTestApache" name="testLogin" time="0.310"/>
  <testcase classname="com.erudex.test.login.LoginTestApache" name="testLogin" time="0.314"/>
  <testcase classname="com.erudex.test.login.LoginTestApache" name="testLoginWithSession" time="0.296"/>
  <testcase classname="com.erudex.test.login.LoginTestApache" name="testLoginWithSession" time="0.308"/>
  <testcase classname="com.erudex.test.login.LoginTestApache" name="testLogin" time="0.313"/>
  <testcase classname="com.erudex.test.login.LoginTestApache" name="testLogin" time="0.331"/>
  <testcase classname="com.erudex.test.login.LoginTestApache" name="testLogin" time="0.310"/>
  <testcase classname="com.erudex.test.login.LoginTestApache" name="testLogoutWithSession" time="0.300"/>
  <testcase classname="com.erudex.test.login.LoginTestApache" name="testLogin" time="0.308"/>
  <testcase classname="com.erudex.test.login.LoginTestApache" name="testLogin" time="0.316"/>
  <testcase classname="com.erudex.test.login.LoginTestApache" name="testLogin" time="0.313"/>
  <testcase classname="com.erudex.test.login.LoginTestApache" name="testLogoutWithSession" time="0.303"/>
  <testcase classname="com.erudex.test.login.LoginTestApache" name="testLogoutWithSession" time="0.290"/>
  <testcase classname="com.erudex.test.login.LoginTestApache" name="testLogin" time="0.324"/>
  <testcase classname="com.erudex.test.login.LoginTestApache" name="testLogin" time="0.316"/>
  <testcase classname="com.erudex.test.login.LoginTestApache" name="testLogin" time="0.309"/>
  <testcase classname="com.erudex.test.login.LoginTestApache" name="testLogin" time="0.308"/>
  <testcase classname="com.erudex.test.login.LoginTestApache" name="testLoginWithSession" time="0.306"/>
  <testcase classname="com.erudex.test.login.LoginTestApache" name="testLogoutWithSession" time="0.305"/>
  <testcase classname="com.erudex.test.login.LoginTestApache" name="testLogoutWithSession" time="0.298"/>
  <testcase classname="com.erudex.test.login.LoginTestApache" name="testLoginWithSession" time="0.304"/>
  <testcase classname="com.erudex.test.login.LoginTestApache" name="testLoginWithSession" time="0.299"/>
  <testcase classname="com.erudex.test.login.LoginTestApache" name="testLogoutWithSession" time="0.307"/>
  <testcase classname="com.erudex.test.login.LoginTestApache" name="testLogoutWithSession" time="0.307"/>
  <testcase classname="com.erudex.test.login.LoginTestApache" name="testLoginWithSession" time="0.319"/>
  <testcase classname="com.erudex.test.login.LoginTestApache" name="testLogin" time="0.306"/>
  <testcase classname="com.erudex.test.login.LoginTestApache" name="testLogoutWithSession" time="0.297"/>
  <testcase classname="com.erudex.test.login.LoginTestApache" name="testLogoutWithSession" time="0.301"/>
  <testcase classname="com.erudex.test.login.LoginTestApache" name="testLoginWithSession" time="0.308"/>
  <testcase classname="com.erudex.test.login.LoginTestApache" name="testLoginWithSession" time="0.309"/>
  <testcase classname="com.erudex.test.login.LoginTestApache" name="testLogoutWithSession" time="0.304"/>
  <testcase classname="com.erudex.test.login.LoginTestApache" name="testLogin" time="0.313"/>
  <testcase classname="com.erudex.test.login.LoginTestApache" name="testLogin" time="0.308"/>
  <testcase classname="com.erudex.test.login.LoginTestApache" name="testLogin" time="0.308"/>
  <testcase classname="com.erudex.test.login.LoginTestApache" name="testLogin" time="0.306"/>
  <testcase classname="com.erudex.test.login.LoginTestApache" name="testLoginWithSession" time="0.300"/>
  <testcase classname="com.erudex.test.login.LoginTestApache" name="testLogoutWithSession" time="0.307"/>
  <testcase classname="com.erudex.test.login.LoginTestApache" name="testLogin" time="0.306"/>
  <testcase classname="com.erudex.test.login.LoginTestApache" name="testLogin" time="0.308"/>
  <testcase classname="com.erudex.test.login.LoginTestApache" name="testLogoutWithSession" time="0.306"/>
  <testcase classname="com.erudex.test.login.LoginTestApache" name="testLogin" time="0.317"/>
  <testcase classname="com.erudex.test.login.LoginTestApache" name="testLogoutWithSession" time="0.294"/>
  <testcase classname="com.erudex.test.login.LoginTestApache" name="testLogin" time="0.320"/>
  <testcase classname="com.erudex.test.login.LoginTestApache" name="testLoginWithSession" time="0.299"/>
  <testcase classname="com.erudex.test.login.LoginTestApache" name="testLogin" time="0.301"/>
  <testcase classname="com.erudex.test.login.LoginTestApache" name="testLogin" time="0.321"/>
  <testcase classname="com.erudex.test.login.LoginTestApache" name="testLogoutWithSession" time="0.309"/>
  <testcase classname="com.erudex.test.login.LoginTestApache" name="testLogoutWithSession" time="0.306"/>
  <testcase classname="com.erudex.test.login.LoginTestApache" name="testLogoutWithSession" time="0.302"/>
  <testcase classname="com.erudex.test.login.LoginTestApache" name="testLogin" time="0.309"/>
  <testcase classname="com.erudex.test.login.LoginTestApache" name="testLoginWithSession" time="0.297"/>
  <testcase classname="com.erudex.test.login.LoginTestApache" name="testLogoutWithSession" time="0.309"/>
  <testcase classname="com.erudex.test.login.LoginTestApache" name="testLogin" time="0.315"/>
  <testcase classname="com.erudex.test.login.LoginTestApache" name="testLogoutWithSession" time="0.302"/>
  <testcase classname="com.erudex.test.login.LoginTestApache" name="testLoginWithSession" time="0.301"/>
  <testcase classname="com.erudex.test.login.LoginTestApache" name="testLoginWithSession" time="0.294"/>
  <testcase classname="com.erudex.test.login.LoginTestApache" name="testLogin" time="0.316"/>
  <testcase classname="com.erudex.test.login.LoginTestApache" name="testLogin" time="0.315"/>
  <testcase classname="com.erudex.test.login.LoginTestApache" name="testLogin" time="0.311"/>
  <testcase classname="com.erudex.test.login.LoginTestApache" name="testLoginWithSession" time="0.296"/>
  <testcase classname="com.erudex.test.login.LoginTestApache" name="testLogin" time="0.305"/>
  <testcase classname="com.erudex.test.login.LoginTestApache" name="testLogin" time="0.309"/>
  <testcase classname="com.erudex.test.login.LoginTestApache" name="testLoginWithSession" time="0.307"/>
  <testcase classname="com.erudex.test.login.LoginTestApache" name="testLoginWithSession" time="0.305"/>
  <testcase classname="com.erudex.test.login.LoginTestApache" name="testLogoutWithSession" time="0.299"/>
  <testcase classname="com.erudex.test.login.LoginTestApache" name="testLogoutWithSession" time="0.292"/>
  <testcase classname="com.erudex.test.login.LoginTestApache" name="testLoginWithSession" time="0.313"/>
  <testcase classname="com.erudex.test.login.LoginTestApache" name="testLogoutWithSession" time="0.307"/>
  <testcase classname="com.erudex.test.login.LoginTestApache" name="testLogin" time="0.326"/>
  <testcase classname="com.erudex.test.login.LoginTestApache" name="testLoginWithSession" time="0.303"/>
  <testcase classname="com.erudex.test.login.LoginTestApache" name="testLogin" time="0.310"/>
  <testcase classname="com.erudex.test.login.LoginTestApache" name="testLoginWithSession" time="0.324"/>
  <testcase classname="com.erudex.test.login.LoginTestApache" name="testLogoutWithSession" time="0.304"/>
  <testcase classname="com.erudex.test.login.LoginTestApache" name="testLogoutWithSession" time="0.313"/>
  <testcase classname="com.erudex.test.login.LoginTestApache" name="testLoginWithSession" time="0.306"/>
  <testcase classname="com.erudex.test.login.LoginTestApache" name="testLogoutWithSession" time="0.301"/>
  <testcase classname="com.erudex.test.login.LoginTestApache" name="testLogoutWithSession" time="0.307"/>
  <testcase classname="com.erudex.test.login.LoginTestApache" name="testLogin" time="0.303"/>
  <testcase classname="com.erudex.test.login.LoginTestApache" name="testLogin" time="0.312"/>
  <testcase classname="com.erudex.test.login.LoginTestApache" name="testLogoutWithSession" time="0.297"/>
  <testcase classname="com.erudex.test.login.LoginTestApache" name="testLoginWithSession" time="0.308"/>
  <testcase classname="com.erudex.test.login.LoginTestApache" name="testLogin" time="0.304"/>
  <testcase classname="com.erudex.test.login.LoginTestApache" name="testLogoutWithSession" time="0.307"/>
  <testcase classname="com.erudex.test.login.LoginTestApache" name="testLogoutWithSession" time="0.296"/>
  <testcase classname="com.erudex.test.login.LoginTestApache" name="testLoginWithSession" time="0.328"/>
  <testcase classname="com.erudex.test.login.LoginTestApache" name="testLogin" time="0.317"/>
  <testcase classname="com.erudex.test.login.LoginTestApache" name="testLogoutWithSession" time="0.304"/>
  <testcase classname="com.erudex.test.login.LoginTestApache" name="testLoginWithSession" time="0.296"/>
  <testcase classname="com.erudex.test.login.LoginTestApache" name="testLogoutWithSession" time="0.301"/>
  <testcase classname="com.erudex.test.login.LoginTestApache" name="testLogoutWithSession" time="0.296"/>
  <testcase classname="com.erudex.test.login.LoginTestApache" name="testLogin" time="0.301"/>
  <testcase classname="com.erudex.test.login.LoginTestApache" name="testLogin" time="0.327"/>
  <testcase classname="com.erudex.test.login.LoginTestApache" name="testLogin" time="0.313"/>
  <testcase classname="com.erudex.test.login.LoginTestApache" name="testLogin" time="0.303"/>
  <testcase classname="com.erudex.test.login.LoginTestApache" name="testLogoutWithSession" time="0.297"/>
  <testcase classname="com.erudex.test.login.LoginTestApache" name="testLoginWithSession" time="0.299"/>
  <testcase classname="com.erudex.test.login.LoginTestApache" name="testLogoutWithSession" time="0.294"/>
  <testcase classname="com.erudex.test.login.LoginTestApache" name="testLoginWithSession" time="0.300"/>
  <testcase classname="com.erudex.test.login.LoginTestApache" name="testLogoutWithSession" time="0.294"/>
  <testcase classname="com.erudex.test.login.LoginTestApache" name="testLogoutWithSession" time="0.294"/>
  <testcase classname="com.erudex.test.login.LoginTestApache" name="testLoginWithSession" time="0.299"/>
  <testcase classname="com.erudex.test.login.LoginTestApache" name="testLogin" time="0.317"/>
  <testcase classname="com.erudex.test.login.LoginTestApache" name="testLogin" time="0.327"/>
  <testcase classname="com.erudex.test.login.LoginTestApache" name="testLogoutWithSession" time="0.315"/>
  <testcase classname="com.erudex.test.login.LoginTestApache" name="testLogoutWithSession" time="0.298"/>
  <testcase classname="com.erudex.test.login.LoginTestApache" name="testLogin" time="0.311"/>
  <testcase classname="com.erudex.test.login.LoginTestApache" name="testLogin" time="0.695"/>
  <testcase classname="com.erudex.test.login.LoginTestApache" name="testLoginWithSession" time="0.300"/>
  <testcase classname="com.erudex.test.login.LoginTestApache" name="testLogoutWithSession" time="0.308"/>
  <testcase classname="com.erudex.test.login.LoginTestApache" name="testLoginWithSession" time="0.293"/>
  <testcase classname="com.erudex.test.login.LoginTestApache" name="testLogin" time="0.299"/>
  <testcase classname="com.erudex.test.login.LoginTestApache" name="testLogin" time="0.308"/>
  <testcase classname="com.erudex.test.login.LoginTestApache" name="testLoginWithSession" time="0.307"/>
  <testcase classname="com.erudex.test.login.LoginTestApache" name="testLogoutWithSession" time="0.304"/>
  <testcase classname="com.erudex.test.login.LoginTestApache" name="testLogoutWithSession" time="0.297"/>
  <testcase classname="com.erudex.test.login.LoginTestApache" name="testLogin" time="0.323"/>
  <testcase classname="com.erudex.test.login.LoginTestApache" name="testLoginWithSession" time="0.305"/>
  <testcase classname="com.erudex.test.login.LoginTestApache" name="testLogin" time="0.313"/>
  <testcase classname="com.erudex.test.login.LoginTestApache" name="testLoginWithSession" time="0.312"/>
  <testcase classname="com.erudex.test.login.LoginTestApache" name="testLogin" time="0.307"/>
  <testcase classname="com.erudex.test.login.LoginTestApache" name="testLoginWithSession" time="0.292"/>
  <testcase classname="com.erudex.test.login.LoginTestApache" name="testLogoutWithSession" time="0.309"/>
  <testcase classname="com.erudex.test.login.LoginTestApache" name="testLogoutWithSession" time="0.297"/>
  <testcase classname="com.erudex.test.login.LoginTestApache" name="testLogin" time="0.310"/>
  <testcase classname="com.erudex.test.login.LoginTestApache" name="testLoginWithSession" time="0.304"/>
  <testcase classname="com.erudex.test.login.LoginTestApache" name="testLoginWithSession" time="0.303"/>
  <testcase classname="com.erudex.test.login.LoginTestApache" name="testLogin" time="0.316"/>
  <testcase classname="com.erudex.test.login.LoginTestApache" name="testLogoutWithSession" time="0.321"/>
  <testcase classname="com.erudex.test.login.LoginTestApache" name="testLogin" time="0.310"/>
  <testcase classname="com.erudex.test.login.LoginTestApache" name="testLoginWithSession" time="0.304"/>
  <testcase classname="com.erudex.test.login.LoginTestApache" name="testLogoutWithSession" time="0.305"/>
  <testcase classname="com.erudex.test.login.LoginTestApache" name="testLoginWithSession" time="0.305"/>
  <testcase classname="com.erudex.test.login.LoginTestApache" name="testLoginWithSession" time="0.297"/>
  <testcase classname="com.erudex.test.login.LoginTestApache" name="testLoginWithSession" time="0.318"/>
  <testcase classname="com.erudex.test.login.LoginTestApache" name="testLoginWithSession" time="0.307"/>
  <testcase classname="com.erudex.test.login.LoginTestApache" name="testLogin" time="0.321"/>
  <testcase classname="com.erudex.test.login.LoginTestApache" name="testLogin" time="0.315"/>
  <testcase classname="com.erudex.test.login.LoginTestApache" name="testLogoutWithSession" time="0.294"/>
  <testcase classname="com.erudex.test.login.LoginTestApache" name="testLogin" time="0.309"/>
  <testcase classname="com.erudex.test.login.LoginTestApache" name="testLogin" time="0.322"/>
  <testcase classname="com.erudex.test.login.LoginTestApache" name="testLoginWithSession" time="0.317"/>
  <testcase classname="com.erudex.test.login.LoginTestApache" name="testLoginWithSession" time="0.319"/>
  <testcase classname="com.erudex.test.login.LoginTestApache" name="testLogin" time="0.311"/>
  <testcase classname="com.erudex.test.login.LoginTestApache" name="testLoginWithSession" time="0.300"/>
  <testcase classname="com.erudex.test.login.LoginTestApache" name="testLogoutWithSession" time="0.302"/>
  <testcase classname="com.erudex.test.login.LoginTestApache" name="testLogoutWithSession" time="0.309"/>
  <testcase classname="com.erudex.test.login.LoginTestApache" name="testLogoutWithSession" time="0.300"/>
  <testcase classname="com.erudex.test.login.LoginTestApache" name="testLogoutWithSession" time="0.307"/>
  <testcase classname="com.erudex.test.login.LoginTestApache" name="testLogin" time="0.308"/>
  <testcase classname="com.erudex.test.login.LoginTestApache" name="testLogoutWithSession" time="0.310"/>
  <testcase classname="com.erudex.test.login.LoginTestApache" name="testLogin" time="0.310"/>
  <testcase classname="com.erudex.test.login.LoginTestApache" name="testLogoutWithSession" time="0.294"/>
  <testcase classname="com.erudex.test.login.LoginTestApache" name="testLogoutWithSession" time="0.300"/>
  <testcase classname="com.erudex.test.login.LoginTestApache" name="testLogoutWithSession" time="0.298"/>
  <testcase classname="com.erudex.test.login.LoginTestApache" name="testLoginWithSession" time="0.304"/>
  <testcase classname="com.erudex.test.login.LoginTestApache" name="testLoginWithSession" time="0.311"/>
  <testcase classname="com.erudex.test.login.LoginTestApache" name="testLogoutWithSession" time="0.303"/>
  <testcase classname="com.erudex.test.login.LoginTestApache" name="testLogin" time="0.309"/>
  <testcase classname="com.erudex.test.login.LoginTestApache" name="testLoginWithSession" time="0.299"/>
  <testcase classname="com.erudex.test.login.LoginTestApache" name="testLogoutWithSession" time="0.312"/>
  <testcase classname="com.erudex.test.login.LoginTestApache" name="testLogoutWithSession" time="0.301"/>
  <testcase classname="com.erudex.test.login.LoginTestApache" name="testLoginWithSession" time="0.298"/>
  <testcase classname="com.erudex.test.login.LoginTestApache" name="testLogoutWithSession" time="0.306"/>
  <testcase classname="com.erudex.test.login.LoginTestApache" name="testLogin" time="0.321"/>
  <testcase classname="com.erudex.test.login.LoginTestApache" name="testLoginWithSession" time="0.307"/>
  <testcase classname="com.erudex.test.login.LoginTestApache" name="testLogin" time="0.314"/>
  <testcase classname="com.erudex.test.login.LoginTestApache" name="testLoginWithSession" time="0.299"/>
  <testcase classname="com.erudex.test.login.LoginTestApache" name="testLogoutWithSession" time="0.294"/>
  <testcase classname="com.erudex.test.login.LoginTestApache" name="testLogoutWithSession" time="0.308"/>
  <testcase classname="com.erudex.test.login.LoginTestApache" name="testLogoutWithSession" time="0.303"/>
  <testcase classname="com.erudex.test.login.LoginTestApache" name="testLogin" time="0.319"/>
  <testcase classname="com.erudex.test.login.LoginTestApache" name="testLoginWithSession" time="0.304"/>
  <testcase classname="com.erudex.test.login.LoginTestApache" name="testLogin" time="0.310"/>
  <testcase classname="com.erudex.test.login.LoginTestApache" name="testLogin" time="0.359"/>
  <testcase classname="com.erudex.test.login.LoginTestApache" name="testLoginWithSession" time="0.300"/>
  <testcase classname="com.erudex.test.login.LoginTestApache" name="testLogin" time="0.329"/>
  <testcase classname="com.erudex.test.login.LoginTestApache" name="testLoginWithSession" time="0.322"/>
  <testcase classname="com.erudex.test.login.LoginTestApache" name="testLogin" time="0.318"/>
  <testcase classname="com.erudex.test.login.LoginTestApache" name="testLoginWithSession" time="0.302"/>
  <testcase classname="com.erudex.test.login.LoginTestApache" name="testLogoutWithSession" time="0.296"/>
  <testcase classname="com.erudex.test.login.LoginTestApache" name="testLogoutWithSession" time="0.303"/>
  <testcase classname="com.erudex.test.login.LoginTestApache" name="testLogin" time="0.309"/>
  <testcase classname="com.erudex.test.login.LoginTestApache" name="testLoginWithSession" time="0.294"/>
  <testcase classname="com.erudex.test.login.LoginTestApache" name="testLogoutWithSession" time="0.353"/>
  <testcase classname="com.erudex.test.login.LoginTestApache" name="testLoginWithSession" time="0.301"/>
  <testcase classname="com.erudex.test.login.LoginTestApache" name="testLogoutWithSession" time="0.310"/>
  <testcase classname="com.erudex.test.login.LoginTestApache" name="testLogin" time="0.303"/>
  <testcase classname="com.erudex.test.login.LoginTestApache" name="testLogin" time="0.300"/>
  <testcase classname="com.erudex.test.login.LoginTestApache" name="testLoginWithSession" time="0.301"/>
  <testcase classname="com.erudex.test.login.LoginTestApache" name="testLoginWithSession" time="0.299"/>
  <testcase classname="com.erudex.test.login.LoginTestApache" name="testLoginWithSession" time="0.307"/>
  <testcase classname="com.erudex.test.login.LoginTestApache" name="testLoginWithSession" time="0.291"/>
  <testcase classname="com.erudex.test.login.LoginTestApache" name="testLogoutWithSession" time="0.302"/>
  <testcase classname="com.erudex.test.login.LoginTestApache" name="testLogoutWithSession" time="0.301"/>
  <testcase classname="com.erudex.test.login.LoginTestApache" name="testLogoutWithSession" time="0.301"/>
  <testcase classname="com.erudex.test.login.LoginTestApache" name="testLogoutWithSession" time="0.312"/>
  <testcase classname="com.erudex.test.login.LoginTestApache" name="testLogin" time="0.316"/>
  <testcase classname="com.erudex.test.login.LoginTestApache" name="testLogin" time="0.307"/>
  <testcase classname="com.erudex.test.login.LoginTestApache" name="testLogin" time="0.294"/>
  <testcase classname="com.erudex.test.login.LoginTestApache" name="testLoginWithSession" time="0.310"/>
  <testcase classname="com.erudex.test.login.LoginTestApache" name="testLoginWithSession" time="0.303"/>
  <testcase classname="com.erudex.test.login.LoginTestApache" name="testLogin" time="0.331"/>
  <testcase classname="com.erudex.test.login.LoginTestApache" name="testLogoutWithSession" time="0.469"/>
  <testcase classname="com.erudex.test.login.LoginTestApache" name="testLoginWithSession" time="0.297"/>
  <testcase classname="com.erudex.test.login.LoginTestApache" name="testLogin" time="0.321"/>
  <testcase classname="com.erudex.test.login.LoginTestApache" name="testLoginWithSession" time="0.305"/>
  <testcase classname="com.erudex.test.login.LoginTestApache" name="testLogoutWithSession" time="0.308"/>
  <testcase classname="com.erudex.test.login.LoginTestApache" name="testLogoutWithSession" time="0.296"/>
  <testcase classname="com.erudex.test.login.LoginTestApache" name="testLogin" time="0.308"/>
  <testcase classname="com.erudex.test.login.LoginTestApache" name="testLoginWithSession" time="0.299"/>
  <testcase classname="com.erudex.test.login.LoginTestApache" name="testLogin" time="0.319"/>
  <testcase classname="com.erudex.test.login.LoginTestApache" name="testLogoutWithSession" time="0.299"/>
  <testcase classname="com.erudex.test.login.LoginTestApache" name="testLoginWithSession" time="0.312"/>
  <testcase classname="com.erudex.test.login.LoginTestApache" name="testLogin" time="0.325"/>
  <testcase classname="com.erudex.test.login.LoginTestApache" name="testLogoutWithSession" time="0.302"/>
  <testcase classname="com.erudex.test.login.LoginTestApache" name="testLogoutWithSession" time="0.305"/>
  <testcase classname="com.erudex.test.login.LoginTestApache" name="testLogoutWithSession" time="0.301"/>
  <testcase classname="com.erudex.test.login.LoginTestApache" name="testLoginWithSession" time="0.299"/>
  <testcase classname="com.erudex.test.login.LoginTestApache" name="testLogoutWithSession" time="0.321"/>
  <testcase classname="com.erudex.test.login.LoginTestApache" name="testLogin" time="0.310"/>
  <testcase classname="com.erudex.test.login.LoginTestApache" name="testLogin" time="0.326"/>
  <testcase classname="com.erudex.test.login.LoginTestApache" name="testLoginWithSession" time="0.308"/>
  <testcase classname="com.erudex.test.login.LoginTestApache" name="testLogin" time="0.353"/>
  <testcase classname="com.erudex.test.login.LoginTestApache" name="testLoginWithSession" time="0.300"/>
  <testcase classname="com.erudex.test.login.LoginTestApache" name="testLoginWithSession" time="0.305"/>
  <testcase classname="com.erudex.test.login.LoginTestApache" name="testLoginWithSession" time="0.298"/>
  <testcase classname="com.erudex.test.login.LoginTestApache" name="testLogin" time="0.317"/>
  <testcase classname="com.erudex.test.login.LoginTestApache" name="testLoginWithSession" time="0.309"/>
  <testcase classname="com.erudex.test.login.LoginTestApache" name="testLoginWithSession" time="0.315"/>
  <testcase classname="com.erudex.test.login.LoginTestApache" name="testLogoutWithSession" time="0.305"/>
  <testcase classname="com.erudex.test.login.LoginTestApache" name="testLoginWithSession" time="0.295"/>
  <testcase classname="com.erudex.test.login.LoginTestApache" name="testLogin" time="0.328"/>
  <testcase classname="com.erudex.test.login.LoginTestApache" name="testLogoutWithSession" time="0.307"/>
  <testcase classname="com.erudex.test.login.LoginTestApache" name="testLoginWithSession" time="0.317"/>
  <testcase classname="com.erudex.test.login.LoginTestApache" name="testLogin" time="0.311"/>
  <testcase classname="com.erudex.test.login.LoginTestApache" name="testLoginWithSession" time="0.304"/>
  <testcase classname="com.erudex.test.login.LoginTestApache" name="testLogin" time="0.306"/>
  <testcase classname="com.erudex.test.login.LoginTestApache" name="testLogoutWithSession" time="0.289"/>
  <testcase classname="com.erudex.test.login.LoginTestApache" name="testLogin" time="0.306"/>
  <testcase classname="com.erudex.test.login.LoginTestApache" name="testLogoutWithSession" time="0.293"/>
  <testcase classname="com.erudex.test.login.LoginTestApache" name="testLoginWithSession" time="0.302"/>
  <testcase classname="com.erudex.test.login.LoginTestApache" name="testLoginWithSession" time="0.305"/>
  <testcase classname="com.erudex.test.login.LoginTestApache" name="testLoginWithSession" time="0.302"/>
  <testcase classname="com.erudex.test.login.LoginTestApache" name="testLoginWithSession" time="0.302"/>
  <testcase classname="com.erudex.test.login.LoginTestApache" name="testLogin" time="0.310"/>
  <testcase classname="com.erudex.test.login.LoginTestApache" name="testLogin" time="0.319"/>
  <testcase classname="com.erudex.test.login.LoginTestApache" name="testLoginWithSession" time="0.688"/>
  <testcase classname="com.erudex.test.login.LoginTestApache" name="testLoginWithSession" time="0.306"/>
  <testcase classname="com.erudex.test.login.LoginTestApache" name="testLogin" time="0.318"/>
  <testcase classname="com.erudex.test.login.LoginTestApache" name="testLogin" time="0.301"/>
  <testcase classname="com.erudex.test.login.LoginTestApache" name="testLogoutWithSession" time="0.302"/>
  <testcase classname="com.erudex.test.login.LoginTestApache" name="testLogin" time="0.310"/>
  <testcase classname="com.erudex.test.login.LoginTestApache" name="testLoginWithSession" time="0.313"/>
  <testcase classname="com.erudex.test.login.LoginTestApache" name="testLogoutWithSession" time="0.299"/>
  <testcase classname="com.erudex.test.login.LoginTestApache" name="testLogin" time="0.314"/>
  <testcase classname="com.erudex.test.login.LoginTestApache" name="testLogin" time="0.307"/>
  <testcase classname="com.erudex.test.login.LoginTestApache" name="testLoginWithSession" time="0.303"/>
  <testcase classname="com.erudex.test.login.LoginTestApache" name="testLogin" time="0.311"/>
  <testcase classname="com.erudex.test.login.LoginTestApache" name="testLoginWithSession" time="0.293"/>
  <testcase classname="com.erudex.test.login.LoginTestApache" name="testLogoutWithSession" time="0.293"/>
  <testcase classname="com.erudex.test.login.LoginTestApache" name="testLogin" time="0.319"/>
  <testcase classname="com.erudex.test.login.LoginTestApache" name="testLogin" time="0.310"/>
  <testcase classname="com.erudex.test.login.LoginTestApache" name="testLoginWithSession" time="0.306"/>
  <testcase classname="com.erudex.test.login.LoginTestApache" name="testLogin" time="0.305"/>
  <testcase classname="com.erudex.test.login.LoginTestApache" name="testLogin" time="0.317"/>
  <testcase classname="com.erudex.test.login.LoginTestApache" name="testLogoutWithSession" time="0.318"/>
  <testcase classname="com.erudex.test.login.LoginTestApache" name="testLogin" time="0.304"/>
  <testcase classname="com.erudex.test.login.LoginTestApache" name="testLogin" time="0.307"/>
  <testcase classname="com.erudex.test.login.LoginTestApache" name="testLogin" time="0.300"/>
  <testcase classname="com.erudex.test.login.LoginTestApache" name="testLoginWithSession" time="0.312"/>
  <testcase classname="com.erudex.test.login.LoginTestApache" name="testLoginWithSession" time="0.292"/>
  <testcase classname="com.erudex.test.login.LoginTestApache" name="testLogoutWithSession" time="0.304"/>
  <testcase classname="com.erudex.test.login.LoginTestApache" name="testLogoutWithSession" time="0.302"/>
  <testcase classname="com.erudex.test.login.LoginTestApache" name="testLoginWithSession" time="0.307"/>
  <testcase classname="com.erudex.test.login.LoginTestApache" name="testLoginWithSession" time="0.308"/>
  <testcase classname="com.erudex.test.login.LoginTestApache" name="testLoginWithSession" time="0.302"/>
  <testcase classname="com.erudex.test.login.LoginTestApache" name="testLogoutWithSession" time="0.319"/>
  <testcase classname="com.erudex.test.login.LoginTestApache" name="testLogin" time="0.300"/>
  <testcase classname="com.erudex.test.login.LoginTestApache" name="testLogoutWithSession" time="0.295"/>
  <testcase classname="com.erudex.test.login.LoginTestApache" name="testLogoutWithSession" time="0.294"/>
  <testcase classname="com.erudex.test.login.LoginTestApache" name="testLogoutWithSession" time="0.296"/>
  <testcase classname="com.erudex.test.login.LoginTestApache" name="testLoginWithSession" time="0.301"/>
  <testcase classname="com.erudex.test.login.LoginTestApache" name="testLoginWithSession" time="0.305"/>
  <testcase classname="com.erudex.test.login.LoginTestApache" name="testLogoutWithSession" time="0.297"/>
  <testcase classname="com.erudex.test.login.LoginTestApache" name="testLogin" time="0.307"/>
  <testcase classname="com.erudex.test.login.LoginTestApache" name="testLoginWithSession" time="0.296"/>
  <testcase classname="com.erudex.test.login.LoginTestApache" name="testLogin" time="0.315"/>
  <testcase classname="com.erudex.test.login.LoginTestApache" name="testLoginWithSession" time="0.302"/>
  <testcase classname="com.erudex.test.login.LoginTestApache" name="testLogoutWithSession" time="0.302"/>
  <testcase classname="com.erudex.test.login.LoginTestApache" name="testLoginWithSession" time="0.292"/>
  <testcase classname="com.erudex.test.login.LoginTestApache" name="testLoginWithSession" time="0.309"/>
  <testcase classname="com.erudex.test.login.LoginTestApache" name="testLoginWithSession" time="0.304"/>
  <testcase classname="com.erudex.test.login.LoginTestApache" name="testLogoutWithSession" time="0.323"/>
  <testcase classname="com.erudex.test.login.LoginTestApache" name="testLogoutWithSession" time="0.293"/>
  <testcase classname="com.erudex.test.login.LoginTestApache" name="testLogin" time="0.322"/>
  <testcase classname="com.erudex.test.login.LoginTestApache" name="testLogin" time="0.297"/>
  <testcase classname="com.erudex.test.login.LoginTestApache" name="testLogoutWithSession" time="0.303"/>
  <testcase classname="com.erudex.test.login.LoginTestApache" name="testLoginWithSession" time="0.312"/>
  <testcase classname="com.erudex.test.login.LoginTestApache" name="testLoginWithSession" time="0.302"/>
  <testcase classname="com.erudex.test.login.LoginTestApache" name="testLoginWithSession" time="0.297"/>
  <testcase classname="com.erudex.test.login.LoginTestApache" name="testLogoutWithSession" time="0.311"/>
  <testcase classname="com.erudex.test.login.LoginTestApache" name="testLogoutWithSession" time="0.691"/>
  <testcase classname="com.erudex.test.login.LoginTestApache" name="testLoginWithSession" time="0.303"/>
  <testcase classname="com.erudex.test.login.LoginTestApache" name="testLogin" time="0.322"/>
  <testcase classname="com.erudex.test.login.LoginTestApache" name="testLogin" time="0.307"/>
  <testcase classname="com.erudex.test.login.LoginTestApache" name="testLogoutWithSession" time="0.315"/>
  <testcase classname="com.erudex.test.login.LoginTestApache" name="testLogin" time="0.313"/>
  <testcase classname="com.erudex.test.login.LoginTestApache" name="testLogoutWithSession" time="0.298"/>
  <testcase classname="com.erudex.test.login.LoginTestApache" name="testLoginWithSession" time="0.322"/>
  <testcase classname="com.erudex.test.login.LoginTestApache" name="testLoginWithSession" time="0.309"/>
  <testcase classname="com.erudex.test.login.LoginTestApache" name="testLoginWithSession" time="0.314"/>
  <testcase classname="com.erudex.test.login.LoginTestApache" name="testLogin" time="0.312"/>
  <testcase classname="com.erudex.test.login.LoginTestApache" name="testLoginWithSession" time="0.309"/>
  <testcase classname="com.erudex.test.login.LoginTestApache" name="testLogoutWithSession" time="0.315"/>
  <testcase classname="com.erudex.test.login.LoginTestApache" name="testLogin" time="0.337"/>
  <testcase classname="com.erudex.test.login.LoginTestApache" name="testLoginWithSession" time="0.298"/>
  <testcase classname="com.erudex.test.login.LoginTestApache" name="testLogin" time="0.301"/>
  <testcase classname="com.erudex.test.login.LoginTestApache" name="testLogin" time="0.318"/>
  <testcase classname="com.erudex.test.login.LoginTestApache" name="testLoginWithSession" time="0.301"/>
  <testcase classname="com.erudex.test.login.LoginTestApache" name="testLogoutWithSession" time="0.297"/>
  <testcase classname="com.erudex.test.login.LoginTestApache" name="testLoginWithSession" time="0.303"/>
  <testcase classname="com.erudex.test.login.LoginTestApache" name="testLogoutWithSession" time="0.313"/>
  <testcase classname="com.erudex.test.login.LoginTestApache" name="testLogin" time="0.320"/>
  <testcase classname="com.erudex.test.login.LoginTestApache" name="testLoginWithSession" time="0.348"/>
  <testcase classname="com.erudex.test.login.LoginTestApache" name="testLogin" time="0.313"/>
  <testcase classname="com.erudex.test.login.LoginTestApache" name="testLogoutWithSession" time="0.318"/>
  <testcase classname="com.erudex.test.login.LoginTestApache" name="testLoginWithSession" time="0.308"/>
  <testcase classname="com.erudex.test.login.LoginTestApache" name="testLogoutWithSession" time="0.305"/>
  <testcase classname="com.erudex.test.login.LoginTestApache" name="testLogin" time="0.311"/>
  <testcase classname="com.erudex.test.login.LoginTestApache" name="testLogin" time="0.322"/>
  <testcase classname="com.erudex.test.login.LoginTestApache" name="testLogin" time="0.309"/>
  <testcase classname="com.erudex.test.login.LoginTestApache" name="testLogoutWithSession" time="0.304"/>
  <testcase classname="com.erudex.test.login.LoginTestApache" name="testLogin" time="0.314"/>
  <testcase classname="com.erudex.test.login.LoginTestApache" name="testLogin" time="0.322"/>
  <testcase classname="com.erudex.test.login.LoginTestApache" name="testLogoutWithSession" time="0.301"/>
  <testcase classname="com.erudex.test.login.LoginTestApache" name="testLogoutWithSession" time="0.301"/>
  <testcase classname="com.erudex.test.login.LoginTestApache" name="testLogin" time="0.338"/>
  <testcase classname="com.erudex.test.login.LoginTestApache" name="testLogin" time="0.306"/>
  <testcase classname="com.erudex.test.login.LoginTestApache" name="testLogin" time="0.305"/>
  <testcase classname="com.erudex.test.login.LoginTestApache" name="testLogin" time="0.307"/>
  <testcase classname="com.erudex.test.login.LoginTestApache" name="testLogoutWithSession" time="0.303"/>
  <testcase classname="com.erudex.test.login.LoginTestApache" name="testLogoutWithSession" time="0.301"/>
  <testcase classname="com.erudex.test.login.LoginTestApache" name="testLoginWithSession" time="0.310"/>
  <testcase classname="com.erudex.test.login.LoginTestApache" name="testLogoutWithSession" time="0.295"/>
  <testcase classname="com.erudex.test.login.LoginTestApache" name="testLogoutWithSession" time="0.305"/>
  <testcase classname="com.erudex.test.login.LoginTestApache" name="testLogin" time="0.312"/>
  <testcase classname="com.erudex.test.login.LoginTestApache" name="testLoginWithSession" time="0.312"/>
  <testcase classname="com.erudex.test.login.LoginTestApache" name="testLoginWithSession" time="0.311"/>
  <testcase classname="com.erudex.test.login.LoginTestApache" name="testLogin" time="0.305"/>
  <testcase classname="com.erudex.test.login.LoginTestApache" name="testLoginWithSession" time="0.301"/>
  <testcase classname="com.erudex.test.login.LoginTestApache" name="testLoginWithSession" time="0.292"/>
  <testcase classname="com.erudex.test.login.LoginTestApache" name="testLogoutWithSession" time="0.293"/>
  <testcase classname="com.erudex.test.login.LoginTestApache" name="testLogin" time="0.297"/>
  <testcase classname="com.erudex.test.login.LoginTestApache" name="testLogin" time="0.315"/>
  <testcase classname="com.erudex.test.login.LoginTestApache" name="testLoginWithSession" time="0.293"/>
  <testcase classname="com.erudex.test.login.LoginTestApache" name="testLoginWithSession" time="0.291"/>
  <testcase classname="com.erudex.test.login.LoginTestApache" name="testLoginWithSession" time="0.301"/>
  <testcase classname="com.erudex.test.login.LoginTestApache" name="testLoginWithSession" time="0.303"/>
  <testcase classname="com.erudex.test.login.LoginTestApache" name="testLogoutWithSession" time="0.309"/>
  <testcase classname="com.erudex.test.login.LoginTestApache" name="testLogoutWithSession" time="0.306"/>
  <testcase classname="com.erudex.test.login.LoginTestApache" name="testLogin" time="0.315"/>
  <testcase classname="com.erudex.test.login.LoginTestApache" name="testLogin" time="0.336"/>
  <testcase classname="com.erudex.test.login.LoginTestApache" name="testLogoutWithSession" time="0.301"/>
  <testcase classname="com.erudex.test.login.LoginTestApache" name="testLoginWithSession" time="0.307"/>
  <testcase classname="com.erudex.test.login.LoginTestApache" name="testLoginWithSession" time="0.300"/>
  <testcase classname="com.erudex.test.login.LoginTestApache" name="testLogoutWithSession" time="0.294"/>
  <testcase classname="com.erudex.test.login.LoginTestApache" name="testLogoutWithSession" time="0.310"/>
  <testcase classname="com.erudex.test.login.LoginTestApache" name="testLoginWithSession" time="0.310"/>
  <testcase classname="com.erudex.test.login.LoginTestApache" name="testLoginWithSession" time="0.301"/>
  <testcase classname="com.erudex.test.login.LoginTestApache" name="testLoginWithSession" time="0.300"/>
  <testcase classname="com.erudex.test.login.LoginTestApache" name="testLoginWithSession" time="0.309"/>
  <testcase classname="com.erudex.test.login.LoginTestApache" name="testLogoutWithSession" time="0.311"/>
  <testcase classname="com.erudex.test.login.LoginTestApache" name="testLogoutWithSession" time="0.302"/>
  <testcase classname="com.erudex.test.login.LoginTestApache" name="testLogin" time="0.304"/>
  <testcase classname="com.erudex.test.login.LoginTestApache" name="testLogin" time="0.317"/>
  <testcase classname="com.erudex.test.login.LoginTestApache" name="testLogoutWithSession" time="0.302"/>
  <testcase classname="com.erudex.test.login.LoginTestApache" name="testLogin" time="0.310"/>
  <testcase classname="com.erudex.test.login.LoginTestApache" name="testLoginWithSession" time="0.293"/>
  <testcase classname="com.erudex.test.login.LoginTestApache" name="testLoginWithSession" time="0.291"/>
  <testcase classname="com.erudex.test.login.LoginTestApache" name="testLogoutWithSession" time="0.289"/>
  <testcase classname="com.erudex.test.login.LoginTestApache" name="testLogoutWithSession" time="0.696"/>
  <testcase classname="com.erudex.test.login.LoginTestApache" name="testLogin" time="0.303"/>
  <testcase classname="com.erudex.test.login.LoginTestApache" name="testLogin" time="0.315"/>
  <testcase classname="com.erudex.test.login.LoginTestApache" name="testLogoutWithSession" time="0.303"/>
  <testcase classname="com.erudex.test.login.LoginTestApache" name="testLogoutWithSession" time="0.704"/>
  <testcase classname="com.erudex.test.login.LoginTestApache" name="testLogin" time="0.313"/>
  <testcase classname="com.erudex.test.login.LoginTestApache" name="testLoginWithSession" time="0.286"/>
  <testcase classname="com.erudex.test.login.LoginTestApache" name="testLoginWithSession" time="0.309"/>
  <testcase classname="com.erudex.test.login.LoginTestApache" name="testLogoutWithSession" time="0.306"/>
  <testcase classname="com.erudex.test.login.LoginTestApache" name="testLogoutWithSession" time="0.297"/>
  <testcase classname="com.erudex.test.login.LoginTestApache" name="testLogoutWithSession" time="0.304"/>
  <testcase classname="com.erudex.test.login.LoginTestApache" name="testLogin" time="0.309"/>
  <testcase classname="com.erudex.test.login.LoginTestApache" name="testLoginWithSession" time="0.294"/>
  <testcase classname="com.erudex.test.login.LoginTestApache" name="testLogin" time="0.300"/>
  <testcase classname="com.erudex.test.login.LoginTestApache" name="testLogoutWithSession" time="0.301"/>
  <testcase classname="com.erudex.test.login.LoginTestApache" name="testLogoutWithSession" time="0.304"/>
  <testcase classname="com.erudex.test.login.LoginTestApache" name="testLoginWithSession" time="0.306"/>
  <testcase classname="com.erudex.test.login.LoginTestApache" name="testLogoutWithSession" time="0.313"/>
  <testcase classname="com.erudex.test.login.LoginTestApache" name="testLogoutWithSession" time="0.299"/>
  <testcase classname="com.erudex.test.login.LoginTestApache" name="testLoginWithSession" time="0.305"/>
  <testcase classname="com.erudex.test.login.LoginTestApache" name="testLoginWithSession" time="0.298"/>
  <testcase classname="com.erudex.test.login.LoginTestApache" name="testLogin" time="0.326"/>
  <testcase classname="com.erudex.test.login.LoginTestApache" name="testLoginWithSession" time="0.293"/>
  <testcase classname="com.erudex.test.login.LoginTestApache" name="testLogoutWithSession" time="0.312"/>
  <testcase classname="com.erudex.test.login.LoginTestApache" name="testLogoutWithSession" time="0.305"/>
  <testcase classname="com.erudex.test.login.LoginTestApache" name="testLoginWithSession" time="0.304"/>
  <testcase classname="com.erudex.test.login.LoginTestApache" name="testLoginWithSession" time="0.296"/>
  <testcase classname="com.erudex.test.login.LoginTestApache" name="testLoginWithSession" time="0.305"/>
  <testcase classname="com.erudex.test.login.LoginTestApache" name="testLoginWithSession" time="0.293"/>
  <testcase classname="com.erudex.test.login.LoginTestApache" name="testLogin" time="0.337"/>
  <testcase classname="com.erudex.test.login.LoginTestApache" name="testLogin" time="0.306"/>
  <testcase classname="com.erudex.test.login.LoginTestApache" name="testLogoutWithSession" time="0.297"/>
  <testcase classname="com.erudex.test.login.LoginTestApache" name="testLoginWithSession" time="0.297"/>
  <testcase classname="com.erudex.test.login.LoginTestApache" name="testLogoutWithSession" time="0.297"/>
  <testcase classname="com.erudex.test.login.LoginTestApache" name="testLogoutWithSession" time="0.291"/>
  <testcase classname="com.erudex.test.login.LoginTestApache" name="testLoginWithSession" time="0.317"/>
  <testcase classname="com.erudex.test.login.LoginTestApache" name="testLogin" time="0.315"/>
  <testcase classname="com.erudex.test.login.LoginTestApache" name="testLoginWithSession" time="0.303"/>
  <testcase classname="com.erudex.test.login.LoginTestApache" name="testLogin" time="0.315"/>
  <testcase classname="com.erudex.test.login.LoginTestApache" name="testLogin" time="0.308"/>
  <testcase classname="com.erudex.test.login.LoginTestApache" name="testLogin" time="0.317"/>
  <testcase classname="com.erudex.test.login.LoginTestApache" name="testLogoutWithSession" time="0.296"/>
  <testcase classname="com.erudex.test.login.LoginTestApache" name="testLogoutWithSession" time="0.294"/>
  <testcase classname="com.erudex.test.login.LoginTestApache" name="testLogin" time="0.309"/>
  <testcase classname="com.erudex.test.login.LoginTestApache" name="testLogoutWithSession" time="0.308"/>
  <testcase classname="com.erudex.test.login.LoginTestApache" name="testLogoutWithSession" time="0.303"/>
  <testcase classname="com.erudex.test.login.LoginTestApache" name="testLoginWithSession" time="0.300"/>
  <testcase classname="com.erudex.test.login.LoginTestApache" name="testLoginWithSession" time="0.302"/>
  <testcase classname="com.erudex.test.login.LoginTestApache" name="testLogoutWithSession" time="0.293"/>
  <testcase classname="com.erudex.test.login.LoginTestApache" name="testLogoutWithSession" time="0.314"/>
  <testcase classname="com.erudex.test.login.LoginTestApache" name="testLoginWithSession" time="0.313"/>
  <testcase classname="com.erudex.test.login.LoginTestApache" name="testLoginWithSession" time="0.304"/>
  <testcase classname="com.erudex.test.login.LoginTestApache" name="testLogoutWithSession" time="0.295"/>
  <testcase classname="com.erudex.test.login.LoginTestApache" name="testLogin" time="0.311"/>
  <testcase classname="com.erudex.test.login.LoginTestApache" name="testLogin" time="0.308"/>
  <testcase classname="com.erudex.test.login.LoginTestApache" name="testLoginWithSession" time="0.303"/>
  <testcase classname="com.erudex.test.login.LoginTestApache" name="testLogoutWithSession" time="0.298"/>
  <testcase classname="com.erudex.test.login.LoginTestApache" name="testLogoutWithSession" time="0.303"/>
  <testcase classname="com.erudex.test.login.LoginTestApache" name="testLogoutWithSession" time="0.302"/>
  <testcase classname="com.erudex.test.login.LoginTestApache" name="testLogin" time="0.307"/>
  <testcase classname="com.erudex.test.login.LoginTestApache" name="testLogin" time="0.312"/>
  <testcase classname="com.erudex.test.login.LoginTestApache" name="testLoginWithSession" time="0.290"/>
  <testcase classname="com.erudex.test.login.LoginTestApache" name="testLoginWithSession" time="0.296"/>
  <testcase classname="com.erudex.test.login.LoginTestApache" name="testLogoutWithSession" time="0.302"/>
  <testcase classname="com.erudex.test.login.LoginTestApache" name="testLogin" time="0.368"/>
  <testcase classname="com.erudex.test.login.LoginTestApache" name="testLogin" time="0.300"/>
  <testcase classname="com.erudex.test.login.LoginTestApache" name="testLogin" time="0.324"/>
  <testcase classname="com.erudex.test.login.LoginTestApache" name="testLoginWithSession" time="0.302"/>
  <testcase classname="com.erudex.test.login.LoginTestApache" name="testLoginWithSession" time="0.295"/>
  <testcase classname="com.erudex.test.login.LoginTestApache" name="testLogin" time="0.302"/>
  <testcase classname="com.erudex.test.login.LoginTestApache" name="testLogoutWithSession" time="0.302"/>
  <testcase classname="com.erudex.test.login.LoginTestApache" name="testLoginWithSession" time="0.297"/>
  <testcase classname="com.erudex.test.login.LoginTestApache" name="testLogin" time="0.317"/>
  <testcase classname="com.erudex.test.login.LoginTestApache" name="testLogin" time="0.297"/>
  <testcase classname="com.erudex.test.login.LoginTestApache" name="testLogin" time="0.305"/>
  <testcase classname="com.erudex.test.login.LoginTestApache" name="testLoginWithSession" time="0.299"/>
  <testcase classname="com.erudex.test.login.LoginTestApache" name="testLogoutWithSession" time="0.299"/>
  <testcase classname="com.erudex.test.login.LoginTestApache" name="testLogoutWithSession" time="0.308"/>
  <testcase classname="com.erudex.test.login.LoginTestApache" name="testLoginWithSession" time="0.312"/>
  <testcase classname="com.erudex.test.login.LoginTestApache" name="testLogin" time="0.304"/>
  <testcase classname="com.erudex.test.login.LoginTestApache" name="testLogoutWithSession" time="0.300"/>
  <testcase classname="com.erudex.test.login.LoginTestApache" name="testLogin" time="0.303"/>
  <testcase classname="com.erudex.test.login.LoginTestApache" name="testLogoutWithSession" time="0.303"/>
  <testcase classname="com.erudex.test.login.LoginTestApache" name="testLogin" time="0.316"/>
  <testcase classname="com.erudex.test.login.LoginTestApache" name="testLogin" time="0.311"/>
  <testcase classname="com.erudex.test.login.LoginTestApache" name="testLogin" time="0.314"/>
  <testcase classname="com.erudex.test.login.LoginTestApache" name="testLoginWithSession" time="0.290"/>
  <testcase classname="com.erudex.test.login.LoginTestApache" name="testLogoutWithSession" time="0.311"/>
  <testcase classname="com.erudex.test.login.LoginTestApache" name="testLoginWithSession" time="0.300"/>
  <testcase classname="com.erudex.test.login.LoginTestApache" name="testLogoutWithSession" time="0.293"/>
  <testcase classname="com.erudex.test.login.LoginTestApache" name="testLogin" time="0.303"/>
  <testcase classname="com.erudex.test.login.LoginTestApache" name="testLoginWithSession" time="0.308"/>
  <testcase classname="com.erudex.test.login.LoginTestApache" name="testLogoutWithSession" time="0.298"/>
  <testcase classname="com.erudex.test.login.LoginTestApache" name="testLogin" time="0.330"/>
  <testcase classname="com.erudex.test.login.LoginTestApache" name="testLogoutWithSession" time="0.316"/>
  <testcase classname="com.erudex.test.login.LoginTestApache" name="testLogin" time="0.308"/>
  <testcase classname="com.erudex.test.login.LoginTestApache" name="testLoginWithSession" time="0.307"/>
  <testcase classname="com.erudex.test.login.LoginTestApache" name="testLogin" time="0.304"/>
  <testcase classname="com.erudex.test.login.LoginTestApache" name="testLogin" time="0.317"/>
  <testcase classname="com.erudex.test.login.LoginTestApache" name="testLoginWithSession" time="0.298"/>
  <testcase classname="com.erudex.test.login.LoginTestApache" name="testLogoutWithSession" time="0.320"/>
  <testcase classname="com.erudex.test.login.LoginTestApache" name="testLogoutWithSession" time="0.298"/>
  <testcase classname="com.erudex.test.login.LoginTestApache" name="testLogoutWithSession" time="0.315"/>
  <testcase classname="com.erudex.test.login.LoginTestApache" name="testLogin" time="0.298"/>
  <testcase classname="com.erudex.test.login.LoginTestApache" name="testLogin" time="0.313"/>
  <testcase classname="com.erudex.test.login.LoginTestApache" name="testLoginWithSession" time="0.308"/>
  <testcase classname="com.erudex.test.login.LoginTestApache" name="testLogin" time="0.296"/>
  <testcase classname="com.erudex.test.login.LoginTestApache" name="testLogoutWithSession" time="0.302"/>
  <testcase classname="com.erudex.test.login.LoginTestApache" name="testLogoutWithSession" time="0.295"/>
  <testcase classname="com.erudex.test.login.LoginTestApache" name="testLoginWithSession" time="0.305"/>
  <testcase classname="com.erudex.test.login.LoginTestApache" name="testLogoutWithSession" time="0.307"/>
  <testcase classname="com.erudex.test.login.LoginTestApache" name="testLogoutWithSession" time="0.299"/>
  <testcase classname="com.erudex.test.login.LoginTestApache" name="testLoginWithSession" time="0.302"/>
  <testcase classname="com.erudex.test.login.LoginTestApache" name="testLoginWithSession" time="0.298"/>
  <testcase classname="com.erudex.test.login.LoginTestApache" name="testLoginWithSession" time="0.306"/>
  <testcase classname="com.erudex.test.login.LoginTestApache" name="testLogin" time="0.367"/>
  <testcase classname="com.erudex.test.login.LoginTestApache" name="testLogin" time="0.314"/>
  <testcase classname="com.erudex.test.login.LoginTestApache" name="testLogoutWithSession" time="0.300"/>
  <testcase classname="com.erudex.test.login.LoginTestApache" name="testLoginWithSession" time="0.308"/>
  <testcase classname="com.erudex.test.login.LoginTestApache" name="testLogoutWithSession" time="0.309"/>
  <testcase classname="com.erudex.test.login.LoginTestApache" name="testLogoutWithSession" time="0.308"/>
  <testcase classname="com.erudex.test.login.LoginTestApache" name="testLogin" time="0.316"/>
  <testcase classname="com.erudex.test.login.LoginTestApache" name="testLoginWithSession" time="0.303"/>
[...]
  <testcase classname="com.erudex.test.login.LoginTestApache" name="testLoginWithSession" time="0.296"/>
  <testcase classname="com.erudex.test.login.LoginTestApache" name="testLogin" time="0.308"/>
  <testcase classname="com.erudex.test.login.LoginTestApache" name="testLoginWithSession" time="0.309"/>
  <testcase classname="com.erudex.test.login.LoginTestApache" name="testLoginWithSession" time="0.295"/>
  <testcase classname="com.erudex.test.login.LoginTestApache" name="testLogoutWithSession" time="0.305"/>
  <testcase classname="com.erudex.test.login.LoginTestApache" name="testLoginWithSession" time="0.304"/>
  <testcase classname="com.erudex.test.login.LoginTestApache" name="testLoginWithSession" time="0.290"/>
  <testcase classname="com.erudex.test.login.LoginTestApache" name="testLogoutWithSession" time="0.298"/>
  <testcase classname="com.erudex.test.login.LoginTestApache" name="testLogin" time="0.323"/>
  <testcase classname="com.erudex.test.login.LoginTestApache" name="testLoginWithSession" time="0.295"/>
  <testcase classname="com.erudex.test.login.LoginTestApache" name="testLogoutWithSession" time="0.307"/>
  <testcase classname="com.erudex.test.login.LoginTestApache" name="testLoginWithSession" time="0.306"/>
  <testcase classname="com.erudex.test.login.LoginTestApache" name="testLoginWithSession" time="0.317"/>
  <testcase classname="com.erudex.test.login.LoginTestApache" name="testLoginWithSession" time="0.304"/>
  <testcase classname="com.erudex.test.login.LoginTestApache" name="testLogoutWithSession" time="0.305"/>
  <testcase classname="com.erudex.test.login.LoginTestApache" name="testLogoutWithSession" time="0.305"/>
  <testcase classname="com.erudex.test.login.LoginTestApache" name="testLogoutWithSession" time="0.316"/>
  <testcase classname="com.erudex.test.login.LoginTestApache" name="testLogin" time="0.301"/>
  <testcase classname="com.erudex.test.login.LoginTestApache" name="testLogin" time="0.303"/>
  <testcase classname="com.erudex.test.login.LoginTestApache" name="testLogin" time="0.309"/>
  <testcase classname="com.erudex.test.login.LoginTestApache" name="testLogoutWithSession" time="0.297"/>
  <testcase classname="com.erudex.test.login.LoginTestApache" name="testLoginWithSession" time="0.300"/>
  <testcase classname="com.erudex.test.login.LoginTestApache" name="testLogin" time="0.307"/>
  <testcase classname="com.erudex.test.login.LoginTestApache" name="testLogin" time="0.305"/>
  <testcase classname="com.erudex.test.login.LoginTestApache" name="testLoginWithSession" time="0.305"/>
  <testcase classname="com.erudex.test.login.LoginTestApache" name="testLogin" time="0.310"/>
  <testcase classname="com.erudex.test.login.LoginTestApache" name="testLogin" time="0.319"/>
  <testcase classname="com.erudex.test.login.LoginTestApache" name="testLogin" time="0.310"/>
  <testcase classname="com.erudex.test.login.LoginTestApache" name="testLogoutWithSession" time="0.296"/>
  <testcase classname="com.erudex.test.login.LoginTestApache" name="testLoginWithSession" time="0.301"/>
  <testcase classname="com.erudex.test.login.LoginTestApache" name="testLoginWithSession" time="0.301"/>
  <testcase classname="com.erudex.test.login.LoginTestApache" name="testLoginWithSession" time="0.300"/>
  <testcase classname="com.erudex.test.login.LoginTestApache" name="testLogin" time="0.314"/>
  <testcase classname="com.erudex.test.login.LoginTestApache" name="testLoginWithSession" time="0.311"/>
  <testcase classname="com.erudex.test.login.LoginTestApache" name="testLogoutWithSession" time="0.290"/>
  <testcase classname="com.erudex.test.login.LoginTestApache" name="testLoginWithSession" time="0.297"/>
  <testcase classname="com.erudex.test.login.LoginTestApache" name="testLogoutWithSession" time="0.691"/>
  <testcase classname="com.erudex.test.login.LoginTestApache" name="testLoginWithSession" time="0.309"/>
  <testcase classname="com.erudex.test.login.LoginTestApache" name="testLogoutWithSession" time="0.299"/>
  <testcase classname="com.erudex.test.login.LoginTestApache" name="testLoginWithSession" time="0.305"/>
  <testcase classname="com.erudex.test.login.LoginTestApache" name="testLogin" time="0.304"/>
  <testcase classname="com.erudex.test.login.LoginTestApache" name="testLogoutWithSession" time="0.313"/>
  <testcase classname="com.erudex.test.login.LoginTestApache" name="testLogoutWithSession" time="0.301"/>
  <testcase classname="com.erudex.test.login.LoginTestApache" name="testLogin" time="0.309"/>
  <testcase classname="com.erudex.test.login.LoginTestApache" name="testLogin" time="0.316"/>
  <testcase classname="com.erudex.test.login.LoginTestApache" name="testLoginWithSession" time="0.311"/>
  <testcase classname="com.erudex.test.login.LoginTestApache" name="testLogin" time="0.314"/>
  <testcase classname="com.erudex.test.login.LoginTestApache" name="testLogin" time="0.299"/>
  <testcase classname="com.erudex.test.login.LoginTestApache" name="testLogoutWithSession" time="0.301"/>
  <testcase classname="com.erudex.test.login.LoginTestApache" name="testLogoutWithSession" time="0.323"/>
  <testcase classname="com.erudex.test.login.LoginTestApache" name="testLogin" time="0.698"/>
  <testcase classname="com.erudex.test.login.LoginTestApache" name="testLogoutWithSession" time="0.300"/>
  <testcase classname="com.erudex.test.login.LoginTestApache" name="testLogin" time="0.314"/>
  <testcase classname="com.erudex.test.login.LoginTestApache" name="testLogoutWithSession" time="0.308"/>
  <testcase classname="com.erudex.test.login.LoginTestApache" name="testLogoutWithSession" time="0.305"/>
  <testcase classname="com.erudex.test.login.LoginTestApache" name="testLoginWithSession" time="0.305"/>
  <testcase classname="com.erudex.test.login.LoginTestApache" name="testLogin" time="0.313"/>
  <testcase classname="com.erudex.test.login.LoginTestApache" name="testLogin" time="0.309"/>
  <testcase classname="com.erudex.test.login.LoginTestApache" name="testLogin" time="0.308"/>
  <testcase classname="com.erudex.test.login.LoginTestApache" name="testLogin" time="0.312"/>
  <testcase classname="com.erudex.test.login.LoginTestApache" name="testLogin" time="0.306"/>
  <testcase classname="com.erudex.test.login.LoginTestApache" name="testLoginWithSession" time="0.313"/>
  <testcase classname="com.erudex.test.login.LoginTestApache" name="testLogoutWithSession" time="0.304"/>
  <testcase classname="com.erudex.test.login.LoginTestApache" name="testLogin" time="0.317"/>
  <testcase classname="com.erudex.test.login.LoginTestApache" name="testLogin" time="0.304"/>
  <testcase classname="com.erudex.test.login.LoginTestApache" name="testLogoutWithSession" time="0.304"/>
  <testcase classname="com.erudex.test.login.LoginTestApache" name="testLogin" time="0.302"/>
  <testcase classname="com.erudex.test.login.LoginTestApache" name="testLoginWithSession" time="0.298"/>
  <testcase classname="com.erudex.test.login.LoginTestApache" name="testLoginWithSession" time="0.316"/>
  <testcase classname="com.erudex.test.login.LoginTestApache" name="testLogoutWithSession" time="0.303"/>
  <testcase classname="com.erudex.test.login.LoginTestApache" name="testLogoutWithSession" time="0.311"/>
  <testcase classname="com.erudex.test.login.LoginTestApache" name="testLogin" time="0.308"/>
  <testcase classname="com.erudex.test.login.LoginTestApache" name="testLoginWithSession" time="0.305"/>
  <testcase classname="com.erudex.test.login.LoginTestApache" name="testLogoutWithSession" time="0.300"/>
  <testcase classname="com.erudex.test.login.LoginTestApache" name="testLoginWithSession" time="0.301"/>
  <testcase classname="com.erudex.test.login.LoginTestApache" name="testLogoutWithSession" time="0.308"/>
  <testcase classname="com.erudex.test.login.LoginTestApache" name="testLoginWithSession" time="0.299"/>
  <testcase classname="com.erudex.test.login.LoginTestApache" name="testLogin" time="0.305"/>
  <testcase classname="com.erudex.test.login.LoginTestApache" name="testLogin" time="0.314"/>
  <testcase classname="com.erudex.test.login.LoginTestApache" name="testLogin" time="0.313"/>
  <testcase classname="com.erudex.test.login.LoginTestApache" name="testLoginWithSession" time="0.311"/>
  <testcase classname="com.erudex.test.login.LoginTestApache" name="testLogoutWithSession" time="0.305"/>
  <testcase classname="com.erudex.test.login.LoginTestApache" name="testLoginWithSession" time="0.300"/>
  <testcase classname="com.erudex.test.login.LoginTestApache" name="testLogin" time="0.310"/>
  <testcase classname="com.erudex.test.login.LoginTestApache" name="testLogoutWithSession" time="0.295"/>
  <testcase classname="com.erudex.test.login.LoginTestApache" name="testLogoutWithSession" time="0.306"/>
  <testcase classname="com.erudex.test.login.LoginTestApache" name="testLogoutWithSession" time="0.322"/>
  <testcase classname="com.erudex.test.login.LoginTestApache" name="testLogin" time="0.309"/>
  <testcase classname="com.erudex.test.login.LoginTestApache" name="testLoginWithSession" time="0.305"/>
  <testcase classname="com.erudex.test.login.LoginTestApache" name="testLogoutWithSession" time="0.296"/>
  <testcase classname="com.erudex.test.login.LoginTestApache" name="testLogoutWithSession" time="0.301"/>
  <testcase classname="com.erudex.test.login.LoginTestApache" name="testLogin" time="0.326"/>
  <testcase classname="com.erudex.test.login.LoginTestApache" name="testLoginWithSession" time="0.310"/>
  <testcase classname="com.erudex.test.login.LoginTestApache" name="testLogoutWithSession" time="0.303"/>
  <testcase classname="com.erudex.test.login.LoginTestApache" name="testLogoutWithSession" time="0.304"/>
  <testcase classname="com.erudex.test.login.LoginTestApache" name="testLogoutWithSession" time="0.301"/>
  <testcase classname="com.erudex.test.login.LoginTestApache" name="testLoginWithSession" time="0.302"/>
  <testcase classname="com.erudex.test.login.LoginTestApache" name="testLogoutWithSession" time="0.301"/>
  <testcase classname="com.erudex.test.login.LoginTestApache" name="testLogoutWithSession" time="0.301"/>
  <testcase classname="com.erudex.test.login.LoginTestApache" name="testLogin" time="0.312"/>
  <testcase classname="com.erudex.test.login.LoginTestApache" name="testLogin" time="0.309"/>
  <testcase classname="com.erudex.test.login.LoginTestApache" name="testLoginWithSession" time="0.303"/>
  <testcase classname="com.erudex.test.login.LoginTestApache" name="testLogoutWithSession" time="0.291"/>
  <testcase classname="com.erudex.test.login.LoginTestApache" name="testLoginWithSession" time="0.307"/>
  <testcase classname="com.erudex.test.login.LoginTestApache" name="testLogin" time="0.321"/>
  <testcase classname="com.erudex.test.login.LoginTestApache" name="testLogoutWithSession" time="0.304"/>
  <testcase classname="com.erudex.test.login.LoginTestApache" name="testLogin" time="0.300"/>
  <testcase classname="com.erudex.test.login.LoginTestApache" name="testLoginWithSession" time="0.302"/>
  <testcase classname="com.erudex.test.login.LoginTestApache" name="testLoginWithSession" time="0.298"/>
  <testcase classname="com.erudex.test.login.LoginTestApache" name="testLogin" time="0.321"/>
  <testcase classname="com.erudex.test.login.LoginTestApache" name="testLogin" time="0.312"/>
  <testcase classname="com.erudex.test.login.LoginTestApache" name="testLoginWithSession" time="0.299"/>
  <testcase classname="com.erudex.test.login.LoginTestApache" name="testLoginWithSession" time="0.301"/>
  <testcase classname="com.erudex.test.login.LoginTestApache" name="testLogoutWithSession" time="0.301"/>
  <testcase classname="com.erudex.test.login.LoginTestApache" name="testLogoutWithSession" time="0.296"/>
  <testcase classname="com.erudex.test.login.LoginTestApache" name="testLogoutWithSession" time="0.303"/>
  <testcase classname="com.erudex.test.login.LoginTestApache" name="testLogoutWithSession" time="0.300"/>
  <testcase classname="com.erudex.test.login.LoginTestApache" name="testLoginWithSession" time="0.295"/>
  <testcase classname="com.erudex.test.login.LoginTestApache" name="testLogin" time="0.320"/>
  <testcase classname="com.erudex.test.login.LoginTestApache" name="testLoginWithSession" time="0.308"/>
  <testcase classname="com.erudex.test.login.LoginTestApache" name="testLoginWithSession" time="0.303"/>
  <testcase classname="com.erudex.test.login.LoginTestApache" name="testLoginWithSession" time="0.299"/>
  <testcase classname="com.erudex.test.login.LoginTestApache" name="testLoginWithSession" time="0.306"/>
  <testcase classname="com.erudex.test.login.LoginTestApache" name="testLoginWithSession" time="0.293"/>
  <testcase classname="com.erudex.test.login.LoginTestApache" name="testLogin" time="0.319"/>
  <testcase classname="com.erudex.test.login.LoginTestApache" name="testLoginWithSession" time="0.296"/>
  <testcase classname="com.erudex.test.login.LoginTestApache" name="testLoginWithSession" time="0.305"/>
  <testcase classname="com.erudex.test.login.LoginTestApache" name="testLoginWithSession" time="0.305"/>
  <testcase classname="com.erudex.test.login.LoginTestApache" name="testLogoutWithSession" time="0.307"/>
  <testcase classname="com.erudex.test.login.LoginTestApache" name="testLogoutWithSession" time="0.305"/>
  <testcase classname="com.erudex.test.login.LoginTestApache" name="testLoginWithSession" time="0.306"/>
  <testcase classname="com.erudex.test.login.LoginTestApache" name="testLoginWithSession" time="0.298"/>
  <testcase classname="com.erudex.test.login.LoginTestApache" name="testLogin" time="0.300"/>
  <testcase classname="com.erudex.test.login.LoginTestApache" name="testLogoutWithSession" time="0.309"/>
  <testcase classname="com.erudex.test.login.LoginTestApache" name="testLogin" time="0.309"/>
  <testcase classname="com.erudex.test.login.LoginTestApache" name="testLoginWithSession" time="0.312"/>
  <testcase classname="com.erudex.test.login.LoginTestApache" name="testLogin" time="0.317"/>
  <testcase classname="com.erudex.test.login.LoginTestApache" name="testLoginWithSession" time="0.313"/>
  <testcase classname="com.erudex.test.login.LoginTestApache" name="testLogin" time="0.309"/>
  <testcase classname="com.erudex.test.login.LoginTestApache" name="testLogin" time="0.311"/>
  <testcase classname="com.erudex.test.login.LoginTestApache" name="testLoginWithSession" time="0.305"/>
  <testcase classname="com.erudex.test.login.LoginTestApache" name="testLogoutWithSession" time="0.295"/>
  <testcase classname="com.erudex.test.login.LoginTestApache" name="testLoginWithSession" time="0.319"/>
  <testcase classname="com.erudex.test.login.LoginTestApache" name="testLogin" time="0.328"/>
  <testcase classname="com.erudex.test.login.LoginTestApache" name="testLogin" time="0.312"/>
  <testcase classname="com.erudex.test.login.LoginTestApache" name="testLogoutWithSession" time="0.301"/>
  <testcase classname="com.erudex.test.login.LoginTestApache" name="testLogoutWithSession" time="0.310"/>
  <testcase classname="com.erudex.test.login.LoginTestApache" name="testLogin" time="0.308"/>
  <testcase classname="com.erudex.test.login.LoginTestApache" name="testLogoutWithSession" time="0.303"/>
  <testcase classname="com.erudex.test.login.LoginTestApache" name="testLoginWithSession" time="0.298"/>
  <testcase classname="com.erudex.test.login.LoginTestApache" name="testLogin" time="0.298"/>
  <testcase classname="com.erudex.test.login.LoginTestApache" name="testLogoutWithSession" time="0.695"/>
  <testcase classname="com.erudex.test.login.LoginTestApache" name="testLoginWithSession" time="0.301"/>
  <testcase classname="com.erudex.test.login.LoginTestApache" name="testLogoutWithSession" time="0.300"/>
  <testcase classname="com.erudex.test.login.LoginTestApache" name="testLogin" time="0.310"/>
  <testcase classname="com.erudex.test.login.LoginTestApache" name="testLogoutWithSession" time="0.315"/>
  <testcase classname="com.erudex.test.login.LoginTestApache" name="testLoginWithSession" time="0.302"/>
  <testcase classname="com.erudex.test.login.LoginTestApache" name="testLogin" time="0.310"/>
  <testcase classname="com.erudex.test.login.LoginTestApache" name="testLogoutWithSession" time="0.293"/>
  <testcase classname="com.erudex.test.login.LoginTestApache" name="testLogoutWithSession" time="0.305"/>
  <testcase classname="com.erudex.test.login.LoginTestApache" name="testLoginWithSession" time="0.297"/>
  <testcase classname="com.erudex.test.login.LoginTestApache" name="testLoginWithSession" time="0.302"/>
  <testcase classname="com.erudex.test.login.LoginTestApache" name="testLogin" time="0.306"/>
  <testcase classname="com.erudex.test.login.LoginTestApache" name="testLogoutWithSession" time="0.301"/>
  <testcase classname="com.erudex.test.login.LoginTestApache" name="testLoginWithSession" time="0.300"/>
  <testcase classname="com.erudex.test.login.LoginTestApache" name="testLogin" time="0.331"/>
  <testcase classname="com.erudex.test.login.LoginTestApache" name="testLoginWithSession" time="0.308"/>
  <testcase classname="com.erudex.test.login.LoginTestApache" name="testLogin" time="0.319"/>
  <testcase classname="com.erudex.test.login.LoginTestApache" name="testLogin" time="0.305"/>
  <testcase classname="com.erudex.test.login.LoginTestApache" name="testLogoutWithSession" time="0.304"/>
  <testcase classname="com.erudex.test.login.LoginTestApache" name="testLoginWithSession" time="0.309"/>
  <testcase classname="com.erudex.test.login.LoginTestApache" name="testLogin" time="0.935"/>
  <testcase classname="com.erudex.test.login.LoginTestApache" name="testLogoutWithSession" time="0.316"/>
  <testcase classname="com.erudex.test.login.LoginTestApache" name="testLoginWithSession" time="0.298"/>
  <testcase classname="com.erudex.test.login.LoginTestApache" name="testLoginWithSession" time="0.302"/>
  <testcase classname="com.erudex.test.login.LoginTestApache" name="testLogoutWithSession" time="0.300"/>
  <testcase classname="com.erudex.test.login.LoginTestApache" name="testLogoutWithSession" time="0.302"/>
  <testcase classname="com.erudex.test.login.LoginTestApache" name="testLogin" time="0.304"/>
  <testcase classname="com.erudex.test.login.LoginTestApache" name="testLogoutWithSession" time="0.301"/>
  <testcase classname="com.erudex.test.login.LoginTestApache" name="testLoginWithSession" time="0.302"/>
  <testcase classname="com.erudex.test.login.LoginTestApache" name="testLoginWithSession" time="0.303"/>
  <testcase classname="com.erudex.test.login.LoginTestApache" name="testLoginWithSession" time="0.457"/>
  <testcase classname="com.erudex.test.login.LoginTestApache" name="testLoginWithSession" time="0.296"/>
  <testcase classname="com.erudex.test.login.LoginTestApache" name="testLoginWithSession" time="0.316"/>
  <testcase classname="com.erudex.test.login.LoginTestApache" name="testLogoutWithSession" time="0.307"/>
  <testcase classname="com.erudex.test.login.LoginTestApache" name="testLogin" time="0.321"/>
  <testcase classname="com.erudex.test.login.LoginTestApache" name="testLogoutWithSession" time="0.299"/>
  <testcase classname="com.erudex.test.login.LoginTestApache" name="testLogin" time="0.316"/>
  <testcase classname="com.erudex.test.login.LoginTestApache" name="testLogoutWithSession" time="0.300"/>
  <testcase classname="com.erudex.test.login.LoginTestApache" name="testLogoutWithSession" time="0.302"/>
  <testcase classname="com.erudex.test.login.LoginTestApache" name="testLoginWithSession" time="0.312"/>
  <testcase classname="com.erudex.test.login.LoginTestApache" name="testLogin" time="0.317"/>
  <testcase classname="com.erudex.test.login.LoginTestApache" name="testLoginWithSession" time="0.297"/>
</testsuite> <!-- com.erudex.test.login.LoginTestApache -->
