<?xml version="1.0" encoding="UTF-8"?>
<!-- Generated by org.testng.reporters.JUnitXMLReporter -->
<testsuite ignored="0" hostname="DESKTOP-AH0EAR4" failures="0" tests="3007" name="Erudex Rest Assured  Login API  Tests" time="106.082" errors="0" timestamp="2023-07-04T23:50:56 EDT">
  <testcase classname="com.erudex.test.login.LoginTestRA" name="testNavToLoginPage" time="3.054"/>
  <testcase classname="com.erudex.test.login.LoginTestRA" name="testLogin" time="1.488"/>
  <testcase classname="com.erudex.test.login.LoginTestRA" name="testLogin" time="1.481"/>
  <testcase classname="com.erudex.test.login.LoginTestRA" name="testLogin" time="1.483"/>
  <testcase classname="com.erudex.test.login.LoginTestRA" name="testLogin" time="1.489"/>
  <testcase classname="com.erudex.test.login.LoginTestRA" name="testLogin" time="1.468"/>
  <testcase classname="com.erudex.test.login.LoginTestRA" name="testLogin" time="1.468"/>
  <testcase classname="com.erudex.test.login.LoginTestRA" name="testLogin" time="1.485"/>
  <testcase classname="com.erudex.test.login.LoginTestRA" name="testLogin" time="1.456"/>
  <testcase classname="com.erudex.test.login.LoginTestRA" name="testLogin" time="1.477"/>
  <testcase classname="com.erudex.test.login.LoginTestRA" name="testLogin" time="1.466"/>
  <testcase classname="com.erudex.test.login.LoginTestRA" name="testLogin" time="0.37"/>
  <testcase classname="com.erudex.test.login.LoginTestRA" name="testLogin" time="0.359"/>
  <testcase classname="com.erudex.test.login.LoginTestRA" name="testLogin" time="0.374"/>
  <testcase classname="com.erudex.test.login.LoginTestRA" name="testLogin" time="0.374"/>
  <testcase classname="com.erudex.test.login.LoginTestRA" name="testLogin" time="0.358"/>
  <testcase classname="com.erudex.test.login.LoginTestRA" name="testLogin" time="0.357"/>
  <testcase classname="com.erudex.test.login.LoginTestRA" name="testLogin" time="0.373"/>
  <testcase classname="com.erudex.test.login.LoginTestRA" name="testLogin" time="0.746"/>
  <testcase classname="com.erudex.test.login.LoginTestRA" name="testLogin" time="0.759"/>
  <testcase classname="com.erudex.test.login.LoginTestRA" name="testLogin" time="0.782"/>
  <testcase classname="com.erudex.test.login.LoginTestRA" name="testLogin" time="0.406"/>
  <testcase classname="com.erudex.test.login.LoginTestRA" name="testLogin" time="0.35"/>
  <testcase classname="com.erudex.test.login.LoginTestRA" name="testLogin" time="0.795"/>
  <testcase classname="com.erudex.test.login.LoginTestRA" name="testLogin" time="0.341"/>
  <testcase classname="com.erudex.test.login.LoginTestRA" name="testLogin" time="0.357"/>
  <testcase classname="com.erudex.test.login.LoginTestRA" name="testLogin" time="0.741"/>
  <testcase classname="com.erudex.test.login.LoginTestRA" name="testLogin" time="0.349"/>
  <testcase classname="com.erudex.test.login.LoginTestRA" name="testLogin" time="0.734"/>
  <testcase classname="com.erudex.test.login.LoginTestRA" name="testLogin" time="0.357"/>
  <testcase classname="com.erudex.test.login.LoginTestRA" name="testLogin" time="0.338"/>
  <testcase classname="com.erudex.test.login.LoginTestRA" name="testLogin" time="0.736"/>
  <testcase classname="com.erudex.test.login.LoginTestRA" name="testLogin" time="0.349"/>
  <testcase classname="com.erudex.test.login.LoginTestRA" name="testLogin" time="0.335"/>
  <testcase classname="com.erudex.test.login.LoginTestRA" name="testLogin" time="0.336"/>
  <testcase classname="com.erudex.test.login.LoginTestRA" name="testLogin" time="0.356"/>
  <testcase classname="com.erudex.test.login.LoginTestRA" name="testLogin" time="0.337"/>
  <testcase classname="com.erudex.test.login.LoginTestRA" name="testLogin" time="0.336"/>
  <testcase classname="com.erudex.test.login.LoginTestRA" name="testLogin" time="0.363"/>
  <testcase classname="com.erudex.test.login.LoginTestRA" name="testLogin" time="0.751"/>
  <testcase classname="com.erudex.test.login.LoginTestRA" name="testLogin" time="0.343"/>
  <testcase classname="com.erudex.test.login.LoginTestRA" name="testLogin" time="0.351"/>
  <testcase classname="com.erudex.test.login.LoginTestRA" name="testLogin" time="0.345"/>
  <testcase classname="com.erudex.test.login.LoginTestRA" name="testLogin" time="0.351"/>
  <testcase classname="com.erudex.test.login.LoginTestRA" name="testLogin" time="0.751"/>
  <testcase classname="com.erudex.test.login.LoginTestRA" name="testLogin" time="0.745"/>
  <testcase classname="com.erudex.test.login.LoginTestRA" name="testLogin" time="0.4"/>
  <testcase classname="com.erudex.test.login.LoginTestRA" name="testLogin" time="0.367"/>
  <testcase classname="com.erudex.test.login.LoginTestRA" name="testLogin" time="0.334"/>
  <testcase classname="com.erudex.test.login.LoginTestRA" name="testLogin" time="0.34"/>
  <testcase classname="com.erudex.test.login.LoginTestRA" name="testLogin" time="0.338"/>
  <testcase classname="com.erudex.test.login.LoginTestRA" name="testLogin" time="0.334"/>
  <testcase classname="com.erudex.test.login.LoginTestRA" name="testLogin" time="0.341"/>
  <testcase classname="com.erudex.test.login.LoginTestRA" name="testLogin" time="0.339"/>
  <testcase classname="com.erudex.test.login.LoginTestRA" name="testLogin" time="0.316"/>
  <testcase classname="com.erudex.test.login.LoginTestRA" name="testLogin" time="0.738"/>
  <testcase classname="com.erudex.test.login.LoginTestRA" name="testLogin" time="0.761"/>
  <testcase classname="com.erudex.test.login.LoginTestRA" name="testLogin" time="0.737"/>
  <testcase classname="com.erudex.test.login.LoginTestRA" name="testLogin" time="0.322"/>
  <testcase classname="com.erudex.test.login.LoginTestRA" name="testLogin" time="0.327"/>
  <testcase classname="com.erudex.test.login.LoginTestRA" name="testLogin" time="0.326"/>
  <testcase classname="com.erudex.test.login.LoginTestRA" name="testLogin" time="0.331"/>
  <testcase classname="com.erudex.test.login.LoginTestRA" name="testLogin" time="0.337"/>
  <testcase classname="com.erudex.test.login.LoginTestRA" name="testLogin" time="0.347"/>
  <testcase classname="com.erudex.test.login.LoginTestRA" name="testLogin" time="0.332"/>
  <testcase classname="com.erudex.test.login.LoginTestRA" name="testLogin" time="0.329"/>
  <testcase classname="com.erudex.test.login.LoginTestRA" name="testLogin" time="0.329"/>
  <testcase classname="com.erudex.test.login.LoginTestRA" name="testLogin" time="0.328"/>
  <testcase classname="com.erudex.test.login.LoginTestRA" name="testLogin" time="0.326"/>
  <testcase classname="com.erudex.test.login.LoginTestRA" name="testLogin" time="0.348"/>
  <testcase classname="com.erudex.test.login.LoginTestRA" name="testLogin" time="0.333"/>
  <testcase classname="com.erudex.test.login.LoginTestRA" name="testLogin" time="0.331"/>
  <testcase classname="com.erudex.test.login.LoginTestRA" name="testLogin" time="0.33"/>
  <testcase classname="com.erudex.test.login.LoginTestRA" name="testLogin" time="0.328"/>
  <testcase classname="com.erudex.test.login.LoginTestRA" name="testLogin" time="0.707"/>
  <testcase classname="com.erudex.test.login.LoginTestRA" name="testLogin" time="0.329"/>
  <testcase classname="com.erudex.test.login.LoginTestRA" name="testLogin" time="0.714"/>
  <testcase classname="com.erudex.test.login.LoginTestRA" name="testLogin" time="0.332"/>
  <testcase classname="com.erudex.test.login.LoginTestRA" name="testLogin" time="0.319"/>
  <testcase classname="com.erudex.test.login.LoginTestRA" name="testLogin" time="0.333"/>
  <testcase classname="com.erudex.test.login.LoginTestRA" name="testLogin" time="0.336"/>
  <testcase classname="com.erudex.test.login.LoginTestRA" name="testLogin" time="0.323"/>
  <testcase classname="com.erudex.test.login.LoginTestRA" name="testLogin" time="0.731"/>
  <testcase classname="com.erudex.test.login.LoginTestRA" name="testLogin" time="0.314"/>
  <testcase classname="com.erudex.test.login.LoginTestRA" name="testLogin" time="0.331"/>
  <testcase classname="com.erudex.test.login.LoginTestRA" name="testLogin" time="0.327"/>
  <testcase classname="com.erudex.test.login.LoginTestRA" name="testLogin" time="0.327"/>
  <testcase classname="com.erudex.test.login.LoginTestRA" name="testLogin" time="0.325"/>
  <testcase classname="com.erudex.test.login.LoginTestRA" name="testLogin" time="0.329"/>
  <testcase classname="com.erudex.test.login.LoginTestRA" name="testLogin" time="0.323"/>
  <testcase classname="com.erudex.test.login.LoginTestRA" name="testLogin" time="0.319"/>
  <testcase classname="com.erudex.test.login.LoginTestRA" name="testLogin" time="0.72"/>
  <testcase classname="com.erudex.test.login.LoginTestRA" name="testLogin" time="0.317"/>
  <testcase classname="com.erudex.test.login.LoginTestRA" name="testLogin" time="0.324"/>
  <testcase classname="com.erudex.test.login.LoginTestRA" name="testLogin" time="0.315"/>
  <testcase classname="com.erudex.test.login.LoginTestRA" name="testLogin" time="0.314"/>
  <testcase classname="com.erudex.test.login.LoginTestRA" name="testLogin" time="0.312"/>
  <testcase classname="com.erudex.test.login.LoginTestRA" name="testLogin" time="0.328"/>
  <testcase classname="com.erudex.test.login.LoginTestRA" name="testLogin" time="0.321"/>
  <testcase classname="com.erudex.test.login.LoginTestRA" name="testLogin" time="0.317"/>
  <testcase classname="com.erudex.test.login.LoginTestRA" name="testLogin" time="0.324"/>
  <testcase classname="com.erudex.test.login.LoginTestRA" name="testLogin" time="0.321"/>
  <testcase classname="com.erudex.test.login.LoginTestRA" name="testLogin" time="0.316"/>
  <testcase classname="com.erudex.test.login.LoginTestRA" name="testLogin" time="0.324"/>
  <testcase classname="com.erudex.test.login.LoginTestRA" name="testLogin" time="0.317"/>
  <testcase classname="com.erudex.test.login.LoginTestRA" name="testLogin" time="0.334"/>
  <testcase classname="com.erudex.test.login.LoginTestRA" name="testLogin" time="0.319"/>
  <testcase classname="com.erudex.test.login.LoginTestRA" name="testLogin" time="0.324"/>
  <testcase classname="com.erudex.test.login.LoginTestRA" name="testLogin" time="0.33"/>
  <testcase classname="com.erudex.test.login.LoginTestRA" name="testLogin" time="0.323"/>
  <testcase classname="com.erudex.test.login.LoginTestRA" name="testLogin" time="0.725"/>
  <testcase classname="com.erudex.test.login.LoginTestRA" name="testLogin" time="0.33"/>
  <testcase classname="com.erudex.test.login.LoginTestRA" name="testLogin" time="0.718"/>
  <testcase classname="com.erudex.test.login.LoginTestRA" name="testLogin" time="0.343"/>
  <testcase classname="com.erudex.test.login.LoginTestRA" name="testLogin" time="0.312"/>
  <testcase classname="com.erudex.test.login.LoginTestRA" name="testLogin" time="0.324"/>
  <testcase classname="com.erudex.test.login.LoginTestRA" name="testLogin" time="0.321"/>
  <testcase classname="com.erudex.test.login.LoginTestRA" name="testLogin" time="0.323"/>
  <testcase classname="com.erudex.test.login.LoginTestRA" name="testLogin" time="0.312"/>
  <testcase classname="com.erudex.test.login.LoginTestRA" name="testLogin" time="0.333"/>
  <testcase classname="com.erudex.test.login.LoginTestRA" name="testLogin" time="0.312"/>
  <testcase classname="com.erudex.test.login.LoginTestRA" name="testLogin" time="0.315"/>
  <testcase classname="com.erudex.test.login.LoginTestRA" name="testLogin" time="0.325"/>
  <testcase classname="com.erudex.test.login.LoginTestRA" name="testLogin" time="0.74"/>
  <testcase classname="com.erudex.test.login.LoginTestRA" name="testLogin" time="0.332"/>
  <testcase classname="com.erudex.test.login.LoginTestRA" name="testLogin" time="0.331"/>
  <testcase classname="com.erudex.test.login.LoginTestRA" name="testLogin" time="0.329"/>
  <testcase classname="com.erudex.test.login.LoginTestRA" name="testLogin" time="0.326"/>
  <testcase classname="com.erudex.test.login.LoginTestRA" name="testLogin" time="0.318"/>
  <testcase classname="com.erudex.test.login.LoginTestRA" name="testLogin" time="0.317"/>
  <testcase classname="com.erudex.test.login.LoginTestRA" name="testLogin" time="0.328"/>
  <testcase classname="com.erudex.test.login.LoginTestRA" name="testLogin" time="0.706"/>
  <testcase classname="com.erudex.test.login.LoginTestRA" name="testLogin" time="0.323"/>
  <testcase classname="com.erudex.test.login.LoginTestRA" name="testLogin" time="0.318"/>
  <testcase classname="com.erudex.test.login.LoginTestRA" name="testLogin" time="0.315"/>
  <testcase classname="com.erudex.test.login.LoginTestRA" name="testLogin" time="0.324"/>
  <testcase classname="com.erudex.test.login.LoginTestRA" name="testLogin" time="0.33"/>
  <testcase classname="com.erudex.test.login.LoginTestRA" name="testLogin" time="0.307"/>
  <testcase classname="com.erudex.test.login.LoginTestRA" name="testLogin" time="0.315"/>
  <testcase classname="com.erudex.test.login.LoginTestRA" name="testLogin" time="0.317"/>
  <testcase classname="com.erudex.test.login.LoginTestRA" name="testLogin" time="0.328"/>
  <testcase classname="com.erudex.test.login.LoginTestRA" name="testLogin" time="0.322"/>
  <testcase classname="com.erudex.test.login.LoginTestRA" name="testLogin" time="0.337"/>
  <testcase classname="com.erudex.test.login.LoginTestRA" name="testLogin" time="0.311"/>
  <testcase classname="com.erudex.test.login.LoginTestRA" name="testLogin" time="0.336"/>
  <testcase classname="com.erudex.test.login.LoginTestRA" name="testLogin" time="0.719"/>
  <testcase classname="com.erudex.test.login.LoginTestRA" name="testLogin" time="0.71"/>
  <testcase classname="com.erudex.test.login.LoginTestRA" name="testLogin" time="0.315"/>
  <testcase classname="com.erudex.test.login.LoginTestRA" name="testLogin" time="0.309"/>
  <testcase classname="com.erudex.test.login.LoginTestRA" name="testLogin" time="0.325"/>
  <testcase classname="com.erudex.test.login.LoginTestRA" name="testLogin" time="0.317"/>
  <testcase classname="com.erudex.test.login.LoginTestRA" name="testLogin" time="0.329"/>
  <testcase classname="com.erudex.test.login.LoginTestRA" name="testLogin" time="0.325"/>
  <testcase classname="com.erudex.test.login.LoginTestRA" name="testLogin" time="0.318"/>
  <testcase classname="com.erudex.test.login.LoginTestRA" name="testLogin" time="0.328"/>
  <testcase classname="com.erudex.test.login.LoginTestRA" name="testLogin" time="0.322"/>
  <testcase classname="com.erudex.test.login.LoginTestRA" name="testLogin" time="0.324"/>
  <testcase classname="com.erudex.test.login.LoginTestRA" name="testLogin" time="0.313"/>
  <testcase classname="com.erudex.test.login.LoginTestRA" name="testLogin" time="0.34"/>
  <testcase classname="com.erudex.test.login.LoginTestRA" name="testLogin" time="0.318"/>
  <testcase classname="com.erudex.test.login.LoginTestRA" name="testLogin" time="0.337"/>
  <testcase classname="com.erudex.test.login.LoginTestRA" name="testLogin" time="0.336"/>
  <testcase classname="com.erudex.test.login.LoginTestRA" name="testLogin" time="0.322"/>
  <testcase classname="com.erudex.test.login.LoginTestRA" name="testLogin" time="0.321"/>
  <testcase classname="com.erudex.test.login.LoginTestRA" name="testLogin" time="0.321"/>
  <testcase classname="com.erudex.test.login.LoginTestRA" name="testLogin" time="0.347"/>
  <testcase classname="com.erudex.test.login.LoginTestRA" name="testLogin" time="0.321"/>
  <testcase classname="com.erudex.test.login.LoginTestRA" name="testLogin" time="0.323"/>
  <testcase classname="com.erudex.test.login.LoginTestRA" name="testLogin" time="0.322"/>
  <testcase classname="com.erudex.test.login.LoginTestRA" name="testLogin" time="0.327"/>
  <testcase classname="com.erudex.test.login.LoginTestRA" name="testLogin" time="0.329"/>
  <testcase classname="com.erudex.test.login.LoginTestRA" name="testLogin" time="0.322"/>
  <testcase classname="com.erudex.test.login.LoginTestRA" name="testLogin" time="0.337"/>
  <testcase classname="com.erudex.test.login.LoginTestRA" name="testLogin" time="0.327"/>
  <testcase classname="com.erudex.test.login.LoginTestRA" name="testLogin" time="0.329"/>
  <testcase classname="com.erudex.test.login.LoginTestRA" name="testLogin" time="0.314"/>
  <testcase classname="com.erudex.test.login.LoginTestRA" name="testLogin" time="0.317"/>
  <testcase classname="com.erudex.test.login.LoginTestRA" name="testLogin" time="0.325"/>
  <testcase classname="com.erudex.test.login.LoginTestRA" name="testLogin" time="0.315"/>
  <testcase classname="com.erudex.test.login.LoginTestRA" name="testLogin" time="0.32"/>
  <testcase classname="com.erudex.test.login.LoginTestRA" name="testLogin" time="0.332"/>
  <testcase classname="com.erudex.test.login.LoginTestRA" name="testLogin" time="0.317"/>
  <testcase classname="com.erudex.test.login.LoginTestRA" name="testLogin" time="0.322"/>
  <testcase classname="com.erudex.test.login.LoginTestRA" name="testLogin" time="0.325"/>
  <testcase classname="com.erudex.test.login.LoginTestRA" name="testLogin" time="0.328"/>
  <testcase classname="com.erudex.test.login.LoginTestRA" name="testLogin" time="0.311"/>
  <testcase classname="com.erudex.test.login.LoginTestRA" name="testLogin" time="0.332"/>
  <testcase classname="com.erudex.test.login.LoginTestRA" name="testLogin" time="0.714"/>
  <testcase classname="com.erudex.test.login.LoginTestRA" name="testLogin" time="0.321"/>
  <testcase classname="com.erudex.test.login.LoginTestRA" name="testLogin" time="0.32"/>
  <testcase classname="com.erudex.test.login.LoginTestRA" name="testLogin" time="0.334"/>
  <testcase classname="com.erudex.test.login.LoginTestRA" name="testLogin" time="0.321"/>
  <testcase classname="com.erudex.test.login.LoginTestRA" name="testLogin" time="0.339"/>
  <testcase classname="com.erudex.test.login.LoginTestRA" name="testLogin" time="0.323"/>
  <testcase classname="com.erudex.test.login.LoginTestRA" name="testLogin" time="0.33"/>
  <testcase classname="com.erudex.test.login.LoginTestRA" name="testLogin" time="0.322"/>
  <testcase classname="com.erudex.test.login.LoginTestRA" name="testLogin" time="0.314"/>
  <testcase classname="com.erudex.test.login.LoginTestRA" name="testLogin" time="0.319"/>
  <testcase classname="com.erudex.test.login.LoginTestRA" name="testLogin" time="0.32"/>
  <testcase classname="com.erudex.test.login.LoginTestRA" name="testLogin" time="0.332"/>
  <testcase classname="com.erudex.test.login.LoginTestRA" name="testLogin" time="0.338"/>
  <testcase classname="com.erudex.test.login.LoginTestRA" name="testLogin" time="0.328"/>
  <testcase classname="com.erudex.test.login.LoginTestRA" name="testLogin" time="0.341"/>
  <testcase classname="com.erudex.test.login.LoginTestRA" name="testLogin" time="0.333"/>
  <testcase classname="com.erudex.test.login.LoginTestRA" name="testLogin" time="0.334"/>
  <testcase classname="com.erudex.test.login.LoginTestRA" name="testLogin" time="0.339"/>
  <testcase classname="com.erudex.test.login.LoginTestRA" name="testLogin" time="0.313"/>
  <testcase classname="com.erudex.test.login.LoginTestRA" name="testLogin" time="0.309"/>
  <testcase classname="com.erudex.test.login.LoginTestRA" name="testLogin" time="0.318"/>
  <testcase classname="com.erudex.test.login.LoginTestRA" name="testLogin" time="0.382"/>
  <testcase classname="com.erudex.test.login.LoginTestRA" name="testLogin" time="0.313"/>
  <testcase classname="com.erudex.test.login.LoginTestRA" name="testLogin" time="0.332"/>
  <testcase classname="com.erudex.test.login.LoginTestRA" name="testLogin" time="0.33"/>
  <testcase classname="com.erudex.test.login.LoginTestRA" name="testLogin" time="0.343"/>
  <testcase classname="com.erudex.test.login.LoginTestRA" name="testLogin" time="0.326"/>
  <testcase classname="com.erudex.test.login.LoginTestRA" name="testLogin" time="0.349"/>
  <testcase classname="com.erudex.test.login.LoginTestRA" name="testLogin" time="0.311"/>
  <testcase classname="com.erudex.test.login.LoginTestRA" name="testLogin" time="0.334"/>
  <testcase classname="com.erudex.test.login.LoginTestRA" name="testLogin" time="0.318"/>
  <testcase classname="com.erudex.test.login.LoginTestRA" name="testLogin" time="0.326"/>
  <testcase classname="com.erudex.test.login.LoginTestRA" name="testLogin" time="0.328"/>
  <testcase classname="com.erudex.test.login.LoginTestRA" name="testLogin" time="0.32"/>
  <testcase classname="com.erudex.test.login.LoginTestRA" name="testLogin" time="0.315"/>
  <testcase classname="com.erudex.test.login.LoginTestRA" name="testLogin" time="0.324"/>
  <testcase classname="com.erudex.test.login.LoginTestRA" name="testLogin" time="0.345"/>
  <testcase classname="com.erudex.test.login.LoginTestRA" name="testLogin" time="0.34"/>
  <testcase classname="com.erudex.test.login.LoginTestRA" name="testLogin" time="0.322"/>
  <testcase classname="com.erudex.test.login.LoginTestRA" name="testLogin" time="0.322"/>
  <testcase classname="com.erudex.test.login.LoginTestRA" name="testLogin" time="0.33"/>
  <testcase classname="com.erudex.test.login.LoginTestRA" name="testLogin" time="0.317"/>
  <testcase classname="com.erudex.test.login.LoginTestRA" name="testLogin" time="0.332"/>
  <testcase classname="com.erudex.test.login.LoginTestRA" name="testLogin" time="0.342"/>
  <testcase classname="com.erudex.test.login.LoginTestRA" name="testLogin" time="0.313"/>
  <testcase classname="com.erudex.test.login.LoginTestRA" name="testLogin" time="0.321"/>
  <testcase classname="com.erudex.test.login.LoginTestRA" name="testLogin" time="0.315"/>
  <testcase classname="com.erudex.test.login.LoginTestRA" name="testLogin" time="0.325"/>
  <testcase classname="com.erudex.test.login.LoginTestRA" name="testLogin" time="0.306"/>
  <testcase classname="com.erudex.test.login.LoginTestRA" name="testLogin" time="0.309"/>
  <testcase classname="com.erudex.test.login.LoginTestRA" name="testLogin" time="0.709"/>
  <testcase classname="com.erudex.test.login.LoginTestRA" name="testLogin" time="0.321"/>
  <testcase classname="com.erudex.test.login.LoginTestRA" name="testLogin" time="0.319"/>
  <testcase classname="com.erudex.test.login.LoginTestRA" name="testLogin" time="0.319"/>
  <testcase classname="com.erudex.test.login.LoginTestRA" name="testLogin" time="0.327"/>
  <testcase classname="com.erudex.test.login.LoginTestRA" name="testLogin" time="0.314"/>
  <testcase classname="com.erudex.test.login.LoginTestRA" name="testLogin" time="0.313"/>
  <testcase classname="com.erudex.test.login.LoginTestRA" name="testLogin" time="0.314"/>
  <testcase classname="com.erudex.test.login.LoginTestRA" name="testLogin" time="0.361"/>
  <testcase classname="com.erudex.test.login.LoginTestRA" name="testLogin" time="0.312"/>
  <testcase classname="com.erudex.test.login.LoginTestRA" name="testLogin" time="0.319"/>
  <testcase classname="com.erudex.test.login.LoginTestRA" name="testLogin" time="0.318"/>
  <testcase classname="com.erudex.test.login.LoginTestRA" name="testLogin" time="0.33"/>
  <testcase classname="com.erudex.test.login.LoginTestRA" name="testLogin" time="0.33"/>
  <testcase classname="com.erudex.test.login.LoginTestRA" name="testLogin" time="0.314"/>
  <testcase classname="com.erudex.test.login.LoginTestRA" name="testLogin" time="0.308"/>
  <testcase classname="com.erudex.test.login.LoginTestRA" name="testLogin" time="0.312"/>
  <testcase classname="com.erudex.test.login.LoginTestRA" name="testLogin" time="0.316"/>
  <testcase classname="com.erudex.test.login.LoginTestRA" name="testLogin" time="0.321"/>
  <testcase classname="com.erudex.test.login.LoginTestRA" name="testLogin" time="0.32"/>
  <testcase classname="com.erudex.test.login.LoginTestRA" name="testLogin" time="0.316"/>
  <testcase classname="com.erudex.test.login.LoginTestRA" name="testLogin" time="0.324"/>
  <testcase classname="com.erudex.test.login.LoginTestRA" name="testLogin" time="0.313"/>
  <testcase classname="com.erudex.test.login.LoginTestRA" name="testLogin" time="0.316"/>
  <testcase classname="com.erudex.test.login.LoginTestRA" name="testLogin" time="0.327"/>
  <testcase classname="com.erudex.test.login.LoginTestRA" name="testLogin" time="0.71"/>
  <testcase classname="com.erudex.test.login.LoginTestRA" name="testLogin" time="0.702"/>
  <testcase classname="com.erudex.test.login.LoginTestRA" name="testLogin" time="0.314"/>
  <testcase classname="com.erudex.test.login.LoginTestRA" name="testLogin" time="0.323"/>
  <testcase classname="com.erudex.test.login.LoginTestRA" name="testLogin" time="0.328"/>
  <testcase classname="com.erudex.test.login.LoginTestRA" name="testLogin" time="0.314"/>
  <testcase classname="com.erudex.test.login.LoginTestRA" name="testLogin" time="0.312"/>
  <testcase classname="com.erudex.test.login.LoginTestRA" name="testLogin" time="0.331"/>
  <testcase classname="com.erudex.test.login.LoginTestRA" name="testLogin" time="0.319"/>
  <testcase classname="com.erudex.test.login.LoginTestRA" name="testLogin" time="0.316"/>
  <testcase classname="com.erudex.test.login.LoginTestRA" name="testLogin" time="0.38"/>
  <testcase classname="com.erudex.test.login.LoginTestRA" name="testLogin" time="0.312"/>
  <testcase classname="com.erudex.test.login.LoginTestRA" name="testLogin" time="0.319"/>
  <testcase classname="com.erudex.test.login.LoginTestRA" name="testLogin" time="0.311"/>
  <testcase classname="com.erudex.test.login.LoginTestRA" name="testLogin" time="0.325"/>
  <testcase classname="com.erudex.test.login.LoginTestRA" name="testLogin" time="0.317"/>
  <testcase classname="com.erudex.test.login.LoginTestRA" name="testLogin" time="0.316"/>
  <testcase classname="com.erudex.test.login.LoginTestRA" name="testLogin" time="0.322"/>
  <testcase classname="com.erudex.test.login.LoginTestRA" name="testLogin" time="0.31"/>
  <testcase classname="com.erudex.test.login.LoginTestRA" name="testLogin" time="0.317"/>
  <testcase classname="com.erudex.test.login.LoginTestRA" name="testLogin" time="0.301"/>
  <testcase classname="com.erudex.test.login.LoginTestRA" name="testLogin" time="0.315"/>
  <testcase classname="com.erudex.test.login.LoginTestRA" name="testLogin" time="0.31"/>
  <testcase classname="com.erudex.test.login.LoginTestRA" name="testLogin" time="0.314"/>
  <testcase classname="com.erudex.test.login.LoginTestRA" name="testLogin" time="0.321"/>
  <testcase classname="com.erudex.test.login.LoginTestRA" name="testLogin" time="0.321"/>
  <testcase classname="com.erudex.test.login.LoginTestRA" name="testLogin" time="0.327"/>
  <testcase classname="com.erudex.test.login.LoginTestRA" name="testLogin" time="0.322"/>
  <testcase classname="com.erudex.test.login.LoginTestRA" name="testLogin" time="0.318"/>
  <testcase classname="com.erudex.test.login.LoginTestRA" name="testLogin" time="0.323"/>
  <testcase classname="com.erudex.test.login.LoginTestRA" name="testLogin" time="0.319"/>
  <testcase classname="com.erudex.test.login.LoginTestRA" name="testLogin" time="0.313"/>
  <testcase classname="com.erudex.test.login.LoginTestRA" name="testLogin" time="0.303"/>
  <testcase classname="com.erudex.test.login.LoginTestRA" name="testLogin" time="0.311"/>
  <testcase classname="com.erudex.test.login.LoginTestRA" name="testLogin" time="0.317"/>
  <testcase classname="com.erudex.test.login.LoginTestRA" name="testLogin" time="0.31"/>
  <testcase classname="com.erudex.test.login.LoginTestRA" name="testLogin" time="0.31"/>
  <testcase classname="com.erudex.test.login.LoginTestRA" name="testLogin" time="0.312"/>
  <testcase classname="com.erudex.test.login.LoginTestRA" name="testLogin" time="0.306"/>
  <testcase classname="com.erudex.test.login.LoginTestRA" name="testLogin" time="0.314"/>
  <testcase classname="com.erudex.test.login.LoginTestRA" name="testLogin" time="0.309"/>
  <testcase classname="com.erudex.test.login.LoginTestRA" name="testLogin" time="0.319"/>
  <testcase classname="com.erudex.test.login.LoginTestRA" name="testLogin" time="0.311"/>
  <testcase classname="com.erudex.test.login.LoginTestRA" name="testLogin" time="0.313"/>
  <testcase classname="com.erudex.test.login.LoginTestRA" name="testLogin" time="0.321"/>
  <testcase classname="com.erudex.test.login.LoginTestRA" name="testLogin" time="0.313"/>
  <testcase classname="com.erudex.test.login.LoginTestRA" name="testLogin" time="0.317"/>
  <testcase classname="com.erudex.test.login.LoginTestRA" name="testLogin" time="0.31"/>
  <testcase classname="com.erudex.test.login.LoginTestRA" name="testLogin" time="0.317"/>
  <testcase classname="com.erudex.test.login.LoginTestRA" name="testLogin" time="0.317"/>
  <testcase classname="com.erudex.test.login.LoginTestRA" name="testLogin" time="0.313"/>
  <testcase classname="com.erudex.test.login.LoginTestRA" name="testLogin" time="0.303"/>
  <testcase classname="com.erudex.test.login.LoginTestRA" name="testLogin" time="0.32"/>
  <testcase classname="com.erudex.test.login.LoginTestRA" name="testLogin" time="0.313"/>
  <testcase classname="com.erudex.test.login.LoginTestRA" name="testLogin" time="0.316"/>
  <testcase classname="com.erudex.test.login.LoginTestRA" name="testLogin" time="0.321"/>
  <testcase classname="com.erudex.test.login.LoginTestRA" name="testLogin" time="0.319"/>
  <testcase classname="com.erudex.test.login.LoginTestRA" name="testLogin" time="0.314"/>
  <testcase classname="com.erudex.test.login.LoginTestRA" name="testLogin" time="0.32"/>
  <testcase classname="com.erudex.test.login.LoginTestRA" name="testLogin" time="0.306"/>
  <testcase classname="com.erudex.test.login.LoginTestRA" name="testLogin" time="0.303"/>
  <testcase classname="com.erudex.test.login.LoginTestRA" name="testLogin" time="0.317"/>
  <testcase classname="com.erudex.test.login.LoginTestRA" name="testLogin" time="0.318"/>
  <testcase classname="com.erudex.test.login.LoginTestRA" name="testLogin" time="0.312"/>
  <testcase classname="com.erudex.test.login.LoginTestRA" name="testLogin" time="0.319"/>
  <testcase classname="com.erudex.test.login.LoginTestRA" name="testLogin" time="0.305"/>
  <testcase classname="com.erudex.test.login.LoginTestRA" name="testLogin" time="0.308"/>
  <testcase classname="com.erudex.test.login.LoginTestRA" name="testLogin" time="0.31"/>
  <testcase classname="com.erudex.test.login.LoginTestRA" name="testLogin" time="0.318"/>
  <testcase classname="com.erudex.test.login.LoginTestRA" name="testLogin" time="0.315"/>
  <testcase classname="com.erudex.test.login.LoginTestRA" name="testLogin" time="0.327"/>
  <testcase classname="com.erudex.test.login.LoginTestRA" name="testLogin" time="0.311"/>
  <testcase classname="com.erudex.test.login.LoginTestRA" name="testLogin" time="0.311"/>
  <testcase classname="com.erudex.test.login.LoginTestRA" name="testLogin" time="0.312"/>
  <testcase classname="com.erudex.test.login.LoginTestRA" name="testLogin" time="0.314"/>
  <testcase classname="com.erudex.test.login.LoginTestRA" name="testLogin" time="0.323"/>
  <testcase classname="com.erudex.test.login.LoginTestRA" name="testLogin" time="0.307"/>
  <testcase classname="com.erudex.test.login.LoginTestRA" name="testLogin" time="0.381"/>
  <testcase classname="com.erudex.test.login.LoginTestRA" name="testLogin" time="0.363"/>
  <testcase classname="com.erudex.test.login.LoginTestRA" name="testLogin" time="0.36"/>
  <testcase classname="com.erudex.test.login.LoginTestRA" name="testLogin" time="0.31"/>
  <testcase classname="com.erudex.test.login.LoginTestRA" name="testLogin" time="0.324"/>
  <testcase classname="com.erudex.test.login.LoginTestRA" name="testLogin" time="0.303"/>
  <testcase classname="com.erudex.test.login.LoginTestRA" name="testLogin" time="0.312"/>
  <testcase classname="com.erudex.test.login.LoginTestRA" name="testLogin" time="0.321"/>
  <testcase classname="com.erudex.test.login.LoginTestRA" name="testLogin" time="0.315"/>
  <testcase classname="com.erudex.test.login.LoginTestRA" name="testLogin" time="0.316"/>
  <testcase classname="com.erudex.test.login.LoginTestRA" name="testLogin" time="0.316"/>
  <testcase classname="com.erudex.test.login.LoginTestRA" name="testLogin" time="0.318"/>
  <testcase classname="com.erudex.test.login.LoginTestRA" name="testLogin" time="0.316"/>
  <testcase classname="com.erudex.test.login.LoginTestRA" name="testLogin" time="0.319"/>
  <testcase classname="com.erudex.test.login.LoginTestRA" name="testLogin" time="0.317"/>
  <testcase classname="com.erudex.test.login.LoginTestRA" name="testLogin" time="0.304"/>
  <testcase classname="com.erudex.test.login.LoginTestRA" name="testLogin" time="0.312"/>
  <testcase classname="com.erudex.test.login.LoginTestRA" name="testLogin" time="0.319"/>
  <testcase classname="com.erudex.test.login.LoginTestRA" name="testLogin" time="0.313"/>
  <testcase classname="com.erudex.test.login.LoginTestRA" name="testLogin" time="0.311"/>
  <testcase classname="com.erudex.test.login.LoginTestRA" name="testLogin" time="0.312"/>
  <testcase classname="com.erudex.test.login.LoginTestRA" name="testLogin" time="0.313"/>
  <testcase classname="com.erudex.test.login.LoginTestRA" name="testLogin" time="0.308"/>
  <testcase classname="com.erudex.test.login.LoginTestRA" name="testLogin" time="0.311"/>
  <testcase classname="com.erudex.test.login.LoginTestRA" name="testLogin" time="0.329"/>
  <testcase classname="com.erudex.test.login.LoginTestRA" name="testLogin" time="0.321"/>
  <testcase classname="com.erudex.test.login.LoginTestRA" name="testLogin" time="0.308"/>
  <testcase classname="com.erudex.test.login.LoginTestRA" name="testLogin" time="0.318"/>
  <testcase classname="com.erudex.test.login.LoginTestRA" name="testLogin" time="0.323"/>
  <testcase classname="com.erudex.test.login.LoginTestRA" name="testLogin" time="0.341"/>
  <testcase classname="com.erudex.test.login.LoginTestRA" name="testLogin" time="0.313"/>
  <testcase classname="com.erudex.test.login.LoginTestRA" name="testLogin" time="0.317"/>
  <testcase classname="com.erudex.test.login.LoginTestRA" name="testLogin" time="0.314"/>
  <testcase classname="com.erudex.test.login.LoginTestRA" name="testLogin" time="0.309"/>
  <testcase classname="com.erudex.test.login.LoginTestRA" name="testLogin" time="0.309"/>
  <testcase classname="com.erudex.test.login.LoginTestRA" name="testLogin" time="0.315"/>
  <testcase classname="com.erudex.test.login.LoginTestRA" name="testLogin" time="0.318"/>
  <testcase classname="com.erudex.test.login.LoginTestRA" name="testLogin" time="0.324"/>
  <testcase classname="com.erudex.test.login.LoginTestRA" name="testLogin" time="0.317"/>
  <testcase classname="com.erudex.test.login.LoginTestRA" name="testLogin" time="0.312"/>
  <testcase classname="com.erudex.test.login.LoginTestRA" name="testLogin" time="0.315"/>
  <testcase classname="com.erudex.test.login.LoginTestRA" name="testLogin" time="0.322"/>
  <testcase classname="com.erudex.test.login.LoginTestRA" name="testLogin" time="0.321"/>
  <testcase classname="com.erudex.test.login.LoginTestRA" name="testLogin" time="0.307"/>
  <testcase classname="com.erudex.test.login.LoginTestRA" name="testLogin" time="0.31"/>
  <testcase classname="com.erudex.test.login.LoginTestRA" name="testLogin" time="0.321"/>
  <testcase classname="com.erudex.test.login.LoginTestRA" name="testLogin" time="0.307"/>
  <testcase classname="com.erudex.test.login.LoginTestRA" name="testLogin" time="0.327"/>
  <testcase classname="com.erudex.test.login.LoginTestRA" name="testLogin" time="0.313"/>
  <testcase classname="com.erudex.test.login.LoginTestRA" name="testLogin" time="0.335"/>
  <testcase classname="com.erudex.test.login.LoginTestRA" name="testLogin" time="0.318"/>
  <testcase classname="com.erudex.test.login.LoginTestRA" name="testLogin" time="0.321"/>
  <testcase classname="com.erudex.test.login.LoginTestRA" name="testLogin" time="0.314"/>
  <testcase classname="com.erudex.test.login.LoginTestRA" name="testLogin" time="0.321"/>
  <testcase classname="com.erudex.test.login.LoginTestRA" name="testLogin" time="0.31"/>
  <testcase classname="com.erudex.test.login.LoginTestRA" name="testLogin" time="0.318"/>
  <testcase classname="com.erudex.test.login.LoginTestRA" name="testLogin" time="0.309"/>
  <testcase classname="com.erudex.test.login.LoginTestRA" name="testLogin" time="0.306"/>
  <testcase classname="com.erudex.test.login.LoginTestRA" name="testLogin" time="0.313"/>
  <testcase classname="com.erudex.test.login.LoginTestRA" name="testLogin" time="0.31"/>
  <testcase classname="com.erudex.test.login.LoginTestRA" name="testLogin" time="0.316"/>
  <testcase classname="com.erudex.test.login.LoginTestRA" name="testLogin" time="0.318"/>
  <testcase classname="com.erudex.test.login.LoginTestRA" name="testLogin" time="0.706"/>
  <testcase classname="com.erudex.test.login.LoginTestRA" name="testLogin" time="0.317"/>
  <testcase classname="com.erudex.test.login.LoginTestRA" name="testLogin" time="0.332"/>
  <testcase classname="com.erudex.test.login.LoginTestRA" name="testLogin" time="0.32"/>
  <testcase classname="com.erudex.test.login.LoginTestRA" name="testLogin" time="0.314"/>
  <testcase classname="com.erudex.test.login.LoginTestRA" name="testLogin" time="0.314"/>
  <testcase classname="com.erudex.test.login.LoginTestRA" name="testLogin" time="0.319"/>
  <testcase classname="com.erudex.test.login.LoginTestRA" name="testLogin" time="0.31"/>
  <testcase classname="com.erudex.test.login.LoginTestRA" name="testLogin" time="0.32"/>
  <testcase classname="com.erudex.test.login.LoginTestRA" name="testLogin" time="0.304"/>
  <testcase classname="com.erudex.test.login.LoginTestRA" name="testLogin" time="0.311"/>
  <testcase classname="com.erudex.test.login.LoginTestRA" name="testLogin" time="0.329"/>
  <testcase classname="com.erudex.test.login.LoginTestRA" name="testLogin" time="0.332"/>
  <testcase classname="com.erudex.test.login.LoginTestRA" name="testLogin" time="0.334"/>
  <testcase classname="com.erudex.test.login.LoginTestRA" name="testLogin" time="0.307"/>
  <testcase classname="com.erudex.test.login.LoginTestRA" name="testLogin" time="0.316"/>
  <testcase classname="com.erudex.test.login.LoginTestRA" name="testLogin" time="0.325"/>
  <testcase classname="com.erudex.test.login.LoginTestRA" name="testLogin" time="0.311"/>
  <testcase classname="com.erudex.test.login.LoginTestRA" name="testLogin" time="0.317"/>
  <testcase classname="com.erudex.test.login.LoginTestRA" name="testLogin" time="0.316"/>
  <testcase classname="com.erudex.test.login.LoginTestRA" name="testLogin" time="0.318"/>
  <testcase classname="com.erudex.test.login.LoginTestRA" name="testLogin" time="0.308"/>
  <testcase classname="com.erudex.test.login.LoginTestRA" name="testLogin" time="0.314"/>
  <testcase classname="com.erudex.test.login.LoginTestRA" name="testLogin" time="0.306"/>
  <testcase classname="com.erudex.test.login.LoginTestRA" name="testLogin" time="0.312"/>
  <testcase classname="com.erudex.test.login.LoginTestRA" name="testLogin" time="0.312"/>
  <testcase classname="com.erudex.test.login.LoginTestRA" name="testLogin" time="0.338"/>
  <testcase classname="com.erudex.test.login.LoginTestRA" name="testLogin" time="0.332"/>
  <testcase classname="com.erudex.test.login.LoginTestRA" name="testLogin" time="0.31"/>
  <testcase classname="com.erudex.test.login.LoginTestRA" name="testLogin" time="0.314"/>
  <testcase classname="com.erudex.test.login.LoginTestRA" name="testLogin" time="0.307"/>
  <testcase classname="com.erudex.test.login.LoginTestRA" name="testLogin" time="0.317"/>
  <testcase classname="com.erudex.test.login.LoginTestRA" name="testLogin" time="0.303"/>
  <testcase classname="com.erudex.test.login.LoginTestRA" name="testLogin" time="0.695"/>
  <testcase classname="com.erudex.test.login.LoginTestRA" name="testLogin" time="0.306"/>
  <testcase classname="com.erudex.test.login.LoginTestRA" name="testLogin" time="0.323"/>
  <testcase classname="com.erudex.test.login.LoginTestRA" name="testLogin" time="0.315"/>
  <testcase classname="com.erudex.test.login.LoginTestRA" name="testLogin" time="0.313"/>
  <testcase classname="com.erudex.test.login.LoginTestRA" name="testLogin" time="0.307"/>
  <testcase classname="com.erudex.test.login.LoginTestRA" name="testLogin" time="0.311"/>
  <testcase classname="com.erudex.test.login.LoginTestRA" name="testLogin" time="0.299"/>
  <testcase classname="com.erudex.test.login.LoginTestRA" name="testLogin" time="0.323"/>
  <testcase classname="com.erudex.test.login.LoginTestRA" name="testLogin" time="0.316"/>
  <testcase classname="com.erudex.test.login.LoginTestRA" name="testLogin" time="0.318"/>
  <testcase classname="com.erudex.test.login.LoginTestRA" name="testLogin" time="0.32"/>
  <testcase classname="com.erudex.test.login.LoginTestRA" name="testLogin" time="0.309"/>
  <testcase classname="com.erudex.test.login.LoginTestRA" name="testLogin" time="0.322"/>
  <testcase classname="com.erudex.test.login.LoginTestRA" name="testLogin" time="0.319"/>
  <testcase classname="com.erudex.test.login.LoginTestRA" name="testLogin" time="0.309"/>
  <testcase classname="com.erudex.test.login.LoginTestRA" name="testLogin" time="0.318"/>
  <testcase classname="com.erudex.test.login.LoginTestRA" name="testLogin" time="0.328"/>
  <testcase classname="com.erudex.test.login.LoginTestRA" name="testLogin" time="0.309"/>
  <testcase classname="com.erudex.test.login.LoginTestRA" name="testLogin" time="0.308"/>
  <testcase classname="com.erudex.test.login.LoginTestRA" name="testLogin" time="0.321"/>
  <testcase classname="com.erudex.test.login.LoginTestRA" name="testLogin" time="0.329"/>
  <testcase classname="com.erudex.test.login.LoginTestRA" name="testLogin" time="0.322"/>
  <testcase classname="com.erudex.test.login.LoginTestRA" name="testLogin" time="0.325"/>
  <testcase classname="com.erudex.test.login.LoginTestRA" name="testLogin" time="0.311"/>
  <testcase classname="com.erudex.test.login.LoginTestRA" name="testLogin" time="0.706"/>
  <testcase classname="com.erudex.test.login.LoginTestRA" name="testLogin" time="0.311"/>
  <testcase classname="com.erudex.test.login.LoginTestRA" name="testLogin" time="0.317"/>
  <testcase classname="com.erudex.test.login.LoginTestRA" name="testLogin" time="0.314"/>
  <testcase classname="com.erudex.test.login.LoginTestRA" name="testLogin" time="0.302"/>
  <testcase classname="com.erudex.test.login.LoginTestRA" name="testLogin" time="0.309"/>
  <testcase classname="com.erudex.test.login.LoginTestRA" name="testLogin" time="0.316"/>
  <testcase classname="com.erudex.test.login.LoginTestRA" name="testLogin" time="0.312"/>
  <testcase classname="com.erudex.test.login.LoginTestRA" name="testLogin" time="0.304"/>
  <testcase classname="com.erudex.test.login.LoginTestRA" name="testLogin" time="0.309"/>
  <testcase classname="com.erudex.test.login.LoginTestRA" name="testLogin" time="0.313"/>
  <testcase classname="com.erudex.test.login.LoginTestRA" name="testLogin" time="0.306"/>
  <testcase classname="com.erudex.test.login.LoginTestRA" name="testLogin" time="0.316"/>
  <testcase classname="com.erudex.test.login.LoginTestRA" name="testLogin" time="0.318"/>
  <testcase classname="com.erudex.test.login.LoginTestRA" name="testLogin" time="0.331"/>
  <testcase classname="com.erudex.test.login.LoginTestRA" name="testLogin" time="0.319"/>
  <testcase classname="com.erudex.test.login.LoginTestRA" name="testLogin" time="0.31"/>
  <testcase classname="com.erudex.test.login.LoginTestRA" name="testLogin" time="0.305"/>
  <testcase classname="com.erudex.test.login.LoginTestRA" name="testLogin" time="0.308"/>
  <testcase classname="com.erudex.test.login.LoginTestRA" name="testLogin" time="0.311"/>
  <testcase classname="com.erudex.test.login.LoginTestRA" name="testLogin" time="0.319"/>
  <testcase classname="com.erudex.test.login.LoginTestRA" name="testLogin" time="0.314"/>
  <testcase classname="com.erudex.test.login.LoginTestRA" name="testLogin" time="0.307"/>
  <testcase classname="com.erudex.test.login.LoginTestRA" name="testLogin" time="0.329"/>
  <testcase classname="com.erudex.test.login.LoginTestRA" name="testLogin" time="0.323"/>
  <testcase classname="com.erudex.test.login.LoginTestRA" name="testLogin" time="0.331"/>
  <testcase classname="com.erudex.test.login.LoginTestRA" name="testLogin" time="0.343"/>
  <testcase classname="com.erudex.test.login.LoginTestRA" name="testLogin" time="0.334"/>
  <testcase classname="com.erudex.test.login.LoginTestRA" name="testLogin" time="0.329"/>
  <testcase classname="com.erudex.test.login.LoginTestRA" name="testLogin" time="0.319"/>
  <testcase classname="com.erudex.test.login.LoginTestRA" name="testLogin" time="0.309"/>
  <testcase classname="com.erudex.test.login.LoginTestRA" name="testLogin" time="0.325"/>
  <testcase classname="com.erudex.test.login.LoginTestRA" name="testLogin" time="0.317"/>
  <testcase classname="com.erudex.test.login.LoginTestRA" name="testLogin" time="0.316"/>
  <testcase classname="com.erudex.test.login.LoginTestRA" name="testLogin" time="0.324"/>
  <testcase classname="com.erudex.test.login.LoginTestRA" name="testLogin" time="0.311"/>
  <testcase classname="com.erudex.test.login.LoginTestRA" name="testLogin" time="0.725"/>
  <testcase classname="com.erudex.test.login.LoginTestRA" name="testLogin" time="0.31"/>
  <testcase classname="com.erudex.test.login.LoginTestRA" name="testLogin" time="0.725"/>
  <testcase classname="com.erudex.test.login.LoginTestRA" name="testLogin" time="0.32"/>
  <testcase classname="com.erudex.test.login.LoginTestRA" name="testLogin" time="0.316"/>
  <testcase classname="com.erudex.test.login.LoginTestRA" name="testLogin" time="0.696"/>
  <testcase classname="com.erudex.test.login.LoginTestRA" name="testLogin" time="0.304"/>
  <testcase classname="com.erudex.test.login.LoginTestRA" name="testLogin" time="0.317"/>
  <testcase classname="com.erudex.test.login.LoginTestRA" name="testLogin" time="0.32"/>
  <testcase classname="com.erudex.test.login.LoginTestRA" name="testLogin" time="0.319"/>
  <testcase classname="com.erudex.test.login.LoginTestRA" name="testLogin" time="0.328"/>
  <testcase classname="com.erudex.test.login.LoginTestRA" name="testLogin" time="0.309"/>
  <testcase classname="com.erudex.test.login.LoginTestRA" name="testLogin" time="0.317"/>
  <testcase classname="com.erudex.test.login.LoginTestRA" name="testLogin" time="0.303"/>
  <testcase classname="com.erudex.test.login.LoginTestRA" name="testLogin" time="0.311"/>
  <testcase classname="com.erudex.test.login.LoginTestRA" name="testLogin" time="0.311"/>
  <testcase classname="com.erudex.test.login.LoginTestRA" name="testLogin" time="0.329"/>
  <testcase classname="com.erudex.test.login.LoginTestRA" name="testLogin" time="0.328"/>
  <testcase classname="com.erudex.test.login.LoginTestRA" name="testLogin" time="0.314"/>
  <testcase classname="com.erudex.test.login.LoginTestRA" name="testLogin" time="0.319"/>
  <testcase classname="com.erudex.test.login.LoginTestRA" name="testLogin" time="0.317"/>
  <testcase classname="com.erudex.test.login.LoginTestRA" name="testLogin" time="0.318"/>
  <testcase classname="com.erudex.test.login.LoginTestRA" name="testLogin" time="0.318"/>
  <testcase classname="com.erudex.test.login.LoginTestRA" name="testLogin" time="0.307"/>
  <testcase classname="com.erudex.test.login.LoginTestRA" name="testLogin" time="0.307"/>
  <testcase classname="com.erudex.test.login.LoginTestRA" name="testLogin" time="0.318"/>
  <testcase classname="com.erudex.test.login.LoginTestRA" name="testLogin" time="0.329"/>
  <testcase classname="com.erudex.test.login.LoginTestRA" name="testLogin" time="0.327"/>
  <testcase classname="com.erudex.test.login.LoginTestRA" name="testLogin" time="0.318"/>
  <testcase classname="com.erudex.test.login.LoginTestRA" name="testLogin" time="0.327"/>
  <testcase classname="com.erudex.test.login.LoginTestRA" name="testLogin" time="0.31"/>
  <testcase classname="com.erudex.test.login.LoginTestRA" name="testLogin" time="0.325"/>
  <testcase classname="com.erudex.test.login.LoginTestRA" name="testLogin" time="0.305"/>
  <testcase classname="com.erudex.test.login.LoginTestRA" name="testLogin" time="0.316"/>
  <testcase classname="com.erudex.test.login.LoginTestRA" name="testLogin" time="0.312"/>
  <testcase classname="com.erudex.test.login.LoginTestRA" name="testLogin" time="0.307"/>
  <testcase classname="com.erudex.test.login.LoginTestRA" name="testLogin" time="0.308"/>
  <testcase classname="com.erudex.test.login.LoginTestRA" name="testLogin" time="0.309"/>
  <testcase classname="com.erudex.test.login.LoginTestRA" name="testLogin" time="0.315"/>
  <testcase classname="com.erudex.test.login.LoginTestRA" name="testLogin" time="0.308"/>
  <testcase classname="com.erudex.test.login.LoginTestRA" name="testLogin" time="0.319"/>
  <testcase classname="com.erudex.test.login.LoginTestRA" name="testLogin" time="0.311"/>
  <testcase classname="com.erudex.test.login.LoginTestRA" name="testLogin" time="0.314"/>
  <testcase classname="com.erudex.test.login.LoginTestRA" name="testLogin" time="0.313"/>
  <testcase classname="com.erudex.test.login.LoginTestRA" name="testLogin" time="0.387"/>
  <testcase classname="com.erudex.test.login.LoginTestRA" name="testLogin" time="0.374"/>
  <testcase classname="com.erudex.test.login.LoginTestRA" name="testLogin" time="0.369"/>
  <testcase classname="com.erudex.test.login.LoginTestRA" name="testLogin" time="0.318"/>
  <testcase classname="com.erudex.test.login.LoginTestRA" name="testLogin" time="0.325"/>
  <testcase classname="com.erudex.test.login.LoginTestRA" name="testLogin" time="0.326"/>
  <testcase classname="com.erudex.test.login.LoginTestRA" name="testLogin" time="0.319"/>
  <testcase classname="com.erudex.test.login.LoginTestRA" name="testLogin" time="0.317"/>
  <testcase classname="com.erudex.test.login.LoginTestRA" name="testLogin" time="0.487"/>
  <testcase classname="com.erudex.test.login.LoginTestRA" name="testLogin" time="0.315"/>
  <testcase classname="com.erudex.test.login.LoginTestRA" name="testLogin" time="0.311"/>
  <testcase classname="com.erudex.test.login.LoginTestRA" name="testLogin" time="0.311"/>
  <testcase classname="com.erudex.test.login.LoginTestRA" name="testLogin" time="0.32"/>
  <testcase classname="com.erudex.test.login.LoginTestRA" name="testLogin" time="0.319"/>
  <testcase classname="com.erudex.test.login.LoginTestRA" name="testLogin" time="0.331"/>
  <testcase classname="com.erudex.test.login.LoginTestRA" name="testLogin" time="0.322"/>
  <testcase classname="com.erudex.test.login.LoginTestRA" name="testLogin" time="0.318"/>
  <testcase classname="com.erudex.test.login.LoginTestRA" name="testLogin" time="0.316"/>
  <testcase classname="com.erudex.test.login.LoginTestRA" name="testLogin" time="0.708"/>
  <testcase classname="com.erudex.test.login.LoginTestRA" name="testLogin" time="0.313"/>
  <testcase classname="com.erudex.test.login.LoginTestRA" name="testLogin" time="0.318"/>
  <testcase classname="com.erudex.test.login.LoginTestRA" name="testLogin" time="0.303"/>
  <testcase classname="com.erudex.test.login.LoginTestRA" name="testLogin" time="0.319"/>
  <testcase classname="com.erudex.test.login.LoginTestRA" name="testLogin" time="0.308"/>
  <testcase classname="com.erudex.test.login.LoginTestRA" name="testLogin" time="0.307"/>
  <testcase classname="com.erudex.test.login.LoginTestRA" name="testLogin" time="0.314"/>
  <testcase classname="com.erudex.test.login.LoginTestRA" name="testLogin" time="0.324"/>
  <testcase classname="com.erudex.test.login.LoginTestRA" name="testLogin" time="0.32"/>
  <testcase classname="com.erudex.test.login.LoginTestRA" name="testLogin" time="0.337"/>
  <testcase classname="com.erudex.test.login.LoginTestRA" name="testLogin" time="0.31"/>
  <testcase classname="com.erudex.test.login.LoginTestRA" name="testLogin" time="0.302"/>
  <testcase classname="com.erudex.test.login.LoginTestRA" name="testLogin" time="0.306"/>
  <testcase classname="com.erudex.test.login.LoginTestRA" name="testLogin" time="0.329"/>
  <testcase classname="com.erudex.test.login.LoginTestRA" name="testLogin" time="0.316"/>
  <testcase classname="com.erudex.test.login.LoginTestRA" name="testLogin" time="0.323"/>
  <testcase classname="com.erudex.test.login.LoginTestRA" name="testLogin" time="0.322"/>
  <testcase classname="com.erudex.test.login.LoginTestRA" name="testLogin" time="0.319"/>
  <testcase classname="com.erudex.test.login.LoginTestRA" name="testLogin" time="0.302"/>
  <testcase classname="com.erudex.test.login.LoginTestRA" name="testLogin" time="0.306"/>
  <testcase classname="com.erudex.test.login.LoginTestRA" name="testLogin" time="0.307"/>
  <testcase classname="com.erudex.test.login.LoginTestRA" name="testLogin" time="0.312"/>
  <testcase classname="com.erudex.test.login.LoginTestRA" name="testLogin" time="0.306"/>
  <testcase classname="com.erudex.test.login.LoginTestRA" name="testLogin" time="0.31"/>
  <testcase classname="com.erudex.test.login.LoginTestRA" name="testLogin" time="0.321"/>
  <testcase classname="com.erudex.test.login.LoginTestRA" name="testLogin" time="0.319"/>
  <testcase classname="com.erudex.test.login.LoginTestRA" name="testLogin" time="0.314"/>
  <testcase classname="com.erudex.test.login.LoginTestRA" name="testLogin" time="0.312"/>
  <testcase classname="com.erudex.test.login.LoginTestRA" name="testLogin" time="0.317"/>
  <testcase classname="com.erudex.test.login.LoginTestRA" name="testLogin" time="0.298"/>
  <testcase classname="com.erudex.test.login.LoginTestRA" name="testLogin" time="0.307"/>
  <testcase classname="com.erudex.test.login.LoginTestRA" name="testLogin" time="0.311"/>
  <testcase classname="com.erudex.test.login.LoginTestRA" name="testLogin" time="0.31"/>
  <testcase classname="com.erudex.test.login.LoginTestRA" name="testLogin" time="0.313"/>
  <testcase classname="com.erudex.test.login.LoginTestRA" name="testLogin" time="0.316"/>
  <testcase classname="com.erudex.test.login.LoginTestRA" name="testLogin" time="0.316"/>
  <testcase classname="com.erudex.test.login.LoginTestRA" name="testLogin" time="0.325"/>
  <testcase classname="com.erudex.test.login.LoginTestRA" name="testLogin" time="0.311"/>
  <testcase classname="com.erudex.test.login.LoginTestRA" name="testLogin" time="0.315"/>
  <testcase classname="com.erudex.test.login.LoginTestRA" name="testLogin" time="0.313"/>
  <testcase classname="com.erudex.test.login.LoginTestRA" name="testLogin" time="0.32"/>
  <testcase classname="com.erudex.test.login.LoginTestRA" name="testLogin" time="0.306"/>
  <testcase classname="com.erudex.test.login.LoginTestRA" name="testLogin" time="0.315"/>
  <testcase classname="com.erudex.test.login.LoginTestRA" name="testLogin" time="0.316"/>
  <testcase classname="com.erudex.test.login.LoginTestRA" name="testLogin" time="0.313"/>
  <testcase classname="com.erudex.test.login.LoginTestRA" name="testLogin" time="0.711"/>
  <testcase classname="com.erudex.test.login.LoginTestRA" name="testLogin" time="0.307"/>
  <testcase classname="com.erudex.test.login.LoginTestRA" name="testLogin" time="0.705"/>
  <testcase classname="com.erudex.test.login.LoginTestRA" name="testLogin" time="0.305"/>
  <testcase classname="com.erudex.test.login.LoginTestRA" name="testLogin" time="0.312"/>
  <testcase classname="com.erudex.test.login.LoginTestRA" name="testLogin" time="0.319"/>
  <testcase classname="com.erudex.test.login.LoginTestRA" name="testLogin" time="0.312"/>
  <testcase classname="com.erudex.test.login.LoginTestRA" name="testLogin" time="0.313"/>
  <testcase classname="com.erudex.test.login.LoginTestRA" name="testLogin" time="0.312"/>
  <testcase classname="com.erudex.test.login.LoginTestRA" name="testLogin" time="0.312"/>
  <testcase classname="com.erudex.test.login.LoginTestRA" name="testLogin" time="0.306"/>
  <testcase classname="com.erudex.test.login.LoginTestRA" name="testLogin" time="0.31"/>
  <testcase classname="com.erudex.test.login.LoginTestRA" name="testLogin" time="0.317"/>
  <testcase classname="com.erudex.test.login.LoginTestRA" name="testLogin" time="0.314"/>
  <testcase classname="com.erudex.test.login.LoginTestRA" name="testLogin" time="0.312"/>
  <testcase classname="com.erudex.test.login.LoginTestRA" name="testLogin" time="0.327"/>
  <testcase classname="com.erudex.test.login.LoginTestRA" name="testLogin" time="0.316"/>
  <testcase classname="com.erudex.test.login.LoginTestRA" name="testLogin" time="0.317"/>
  <testcase classname="com.erudex.test.login.LoginTestRA" name="testLogin" time="0.315"/>
  <testcase classname="com.erudex.test.login.LoginTestRA" name="testLogin" time="0.332"/>
  <testcase classname="com.erudex.test.login.LoginTestRA" name="testLogin" time="0.313"/>
  <testcase classname="com.erudex.test.login.LoginTestRA" name="testLogin" time="0.303"/>
  <testcase classname="com.erudex.test.login.LoginTestRA" name="testLogin" time="0.31"/>
  <testcase classname="com.erudex.test.login.LoginTestRA" name="testLogin" time="0.327"/>
  <testcase classname="com.erudex.test.login.LoginTestRA" name="testLogin" time="0.312"/>
  <testcase classname="com.erudex.test.login.LoginTestRA" name="testLogin" time="0.317"/>
  <testcase classname="com.erudex.test.login.LoginTestRA" name="testLogin" time="0.319"/>
  <testcase classname="com.erudex.test.login.LoginTestRA" name="testLogin" time="0.315"/>
  <testcase classname="com.erudex.test.login.LoginTestRA" name="testLogin" time="0.316"/>
  <testcase classname="com.erudex.test.login.LoginTestRA" name="testLogin" time="0.324"/>
  <testcase classname="com.erudex.test.login.LoginTestRA" name="testLogin" time="0.313"/>
  <testcase classname="com.erudex.test.login.LoginTestRA" name="testLogin" time="0.311"/>
  <testcase classname="com.erudex.test.login.LoginTestRA" name="testLogin" time="0.306"/>
  <testcase classname="com.erudex.test.login.LoginTestRA" name="testLogin" time="0.324"/>
  <testcase classname="com.erudex.test.login.LoginTestRA" name="testLogin" time="0.322"/>
  <testcase classname="com.erudex.test.login.LoginTestRA" name="testLogin" time="0.322"/>
  <testcase classname="com.erudex.test.login.LoginTestRA" name="testLogin" time="0.312"/>
  <testcase classname="com.erudex.test.login.LoginTestRA" name="testLogin" time="0.324"/>
  <testcase classname="com.erudex.test.login.LoginTestRA" name="testLogin" time="0.314"/>
  <testcase classname="com.erudex.test.login.LoginTestRA" name="testLogin" time="0.311"/>
  <testcase classname="com.erudex.test.login.LoginTestRA" name="testLogin" time="0.321"/>
  <testcase classname="com.erudex.test.login.LoginTestRA" name="testLogin" time="0.32"/>
  <testcase classname="com.erudex.test.login.LoginTestRA" name="testLogin" time="0.71"/>
  <testcase classname="com.erudex.test.login.LoginTestRA" name="testLogin" time="0.319"/>
  <testcase classname="com.erudex.test.login.LoginTestRA" name="testLogin" time="0.317"/>
  <testcase classname="com.erudex.test.login.LoginTestRA" name="testLogin" time="0.317"/>
  <testcase classname="com.erudex.test.login.LoginTestRA" name="testLogin" time="0.312"/>
  <testcase classname="com.erudex.test.login.LoginTestRA" name="testLogin" time="0.311"/>
  <testcase classname="com.erudex.test.login.LoginTestRA" name="testLogin" time="0.316"/>
  <testcase classname="com.erudex.test.login.LoginTestRA" name="testLogin" time="0.316"/>
  <testcase classname="com.erudex.test.login.LoginTestRA" name="testLogin" time="0.321"/>
  <testcase classname="com.erudex.test.login.LoginTestRA" name="testLogin" time="0.313"/>
  <testcase classname="com.erudex.test.login.LoginTestRA" name="testLogin" time="0.307"/>
  <testcase classname="com.erudex.test.login.LoginTestRA" name="testLogin" time="0.321"/>
  <testcase classname="com.erudex.test.login.LoginTestRA" name="testLogin" time="0.311"/>
  <testcase classname="com.erudex.test.login.LoginTestRA" name="testLogin" time="0.321"/>
  <testcase classname="com.erudex.test.login.LoginTestRA" name="testLogin" time="0.315"/>
  <testcase classname="com.erudex.test.login.LoginTestRA" name="testLogin" time="0.325"/>
  <testcase classname="com.erudex.test.login.LoginTestRA" name="testLogin" time="0.318"/>
  <testcase classname="com.erudex.test.login.LoginTestRA" name="testLogin" time="0.308"/>
  <testcase classname="com.erudex.test.login.LoginTestRA" name="testLogin" time="0.309"/>
  <testcase classname="com.erudex.test.login.LoginTestRA" name="testLogin" time="0.312"/>
  <testcase classname="com.erudex.test.login.LoginTestRA" name="testLogin" time="0.308"/>
  <testcase classname="com.erudex.test.login.LoginTestRA" name="testLogin" time="0.305"/>
  <testcase classname="com.erudex.test.login.LoginTestRA" name="testLogin" time="0.313"/>
  <testcase classname="com.erudex.test.login.LoginTestRA" name="testLogin" time="0.314"/>
  <testcase classname="com.erudex.test.login.LoginTestRA" name="testLogin" time="0.312"/>
  <testcase classname="com.erudex.test.login.LoginTestRA" name="testLogin" time="0.318"/>
  <testcase classname="com.erudex.test.login.LoginTestRA" name="testLogin" time="0.316"/>
  <testcase classname="com.erudex.test.login.LoginTestRA" name="testLogin" time="0.307"/>
  <testcase classname="com.erudex.test.login.LoginTestRA" name="testLogin" time="0.318"/>
  <testcase classname="com.erudex.test.login.LoginTestRA" name="testLogin" time="0.306"/>
  <testcase classname="com.erudex.test.login.LoginTestRA" name="testLogin" time="0.306"/>
  <testcase classname="com.erudex.test.login.LoginTestRA" name="testLogin" time="0.324"/>
  <testcase classname="com.erudex.test.login.LoginTestRA" name="testLogin" time="0.309"/>
  <testcase classname="com.erudex.test.login.LoginTestRA" name="testLogin" time="0.3"/>
  <testcase classname="com.erudex.test.login.LoginTestRA" name="testLogin" time="0.304"/>
  <testcase classname="com.erudex.test.login.LoginTestRA" name="testLogin" time="0.311"/>
  <testcase classname="com.erudex.test.login.LoginTestRA" name="testLogin" time="0.32"/>
  <testcase classname="com.erudex.test.login.LoginTestRA" name="testLogin" time="0.311"/>
  <testcase classname="com.erudex.test.login.LoginTestRA" name="testLogin" time="0.31"/>
  <testcase classname="com.erudex.test.login.LoginTestRA" name="testLogin" time="0.303"/>
  <testcase classname="com.erudex.test.login.LoginTestRA" name="testLogin" time="0.311"/>
  <testcase classname="com.erudex.test.login.LoginTestRA" name="testLogin" time="0.314"/>
  <testcase classname="com.erudex.test.login.LoginTestRA" name="testLogin" time="0.3"/>
  <testcase classname="com.erudex.test.login.LoginTestRA" name="testLogin" time="0.311"/>
  <testcase classname="com.erudex.test.login.LoginTestRA" name="testLogin" time="0.305"/>
  <testcase classname="com.erudex.test.login.LoginTestRA" name="testLogin" time="0.313"/>
  <testcase classname="com.erudex.test.login.LoginTestRA" name="testLogin" time="0.312"/>
  <testcase classname="com.erudex.test.login.LoginTestRA" name="testLogin" time="0.311"/>
  <testcase classname="com.erudex.test.login.LoginTestRA" name="testLogin" time="0.302"/>
  <testcase classname="com.erudex.test.login.LoginTestRA" name="testLogin" time="0.325"/>
  <testcase classname="com.erudex.test.login.LoginTestRA" name="testLogin" time="0.317"/>
  <testcase classname="com.erudex.test.login.LoginTestRA" name="testLogin" time="0.323"/>
  <testcase classname="com.erudex.test.login.LoginTestRA" name="testLogin" time="0.328"/>
  <testcase classname="com.erudex.test.login.LoginTestRA" name="testLogin" time="0.318"/>
  <testcase classname="com.erudex.test.login.LoginTestRA" name="testLogin" time="0.323"/>
  <testcase classname="com.erudex.test.login.LoginTestRA" name="testLogin" time="0.323"/>
  <testcase classname="com.erudex.test.login.LoginTestRA" name="testLogin" time="0.316"/>
  <testcase classname="com.erudex.test.login.LoginTestRA" name="testLogin" time="0.313"/>
  <testcase classname="com.erudex.test.login.LoginTestRA" name="testLogin" time="0.335"/>
  <testcase classname="com.erudex.test.login.LoginTestRA" name="testLogin" time="0.311"/>
  <testcase classname="com.erudex.test.login.LoginTestRA" name="testLogin" time="0.308"/>
  <testcase classname="com.erudex.test.login.LoginTestRA" name="testLogin" time="0.317"/>
  <testcase classname="com.erudex.test.login.LoginTestRA" name="testLogin" time="0.317"/>
  <testcase classname="com.erudex.test.login.LoginTestRA" name="testLogin" time="0.325"/>
  <testcase classname="com.erudex.test.login.LoginTestRA" name="testLogin" time="0.322"/>
  <testcase classname="com.erudex.test.login.LoginTestRA" name="testLogin" time="0.312"/>
  <testcase classname="com.erudex.test.login.LoginTestRA" name="testLogin" time="0.327"/>
  <testcase classname="com.erudex.test.login.LoginTestRA" name="testLogin" time="0.317"/>
  <testcase classname="com.erudex.test.login.LoginTestRA" name="testLogin" time="0.303"/>
  <testcase classname="com.erudex.test.login.LoginTestRA" name="testLogin" time="0.302"/>
  <testcase classname="com.erudex.test.login.LoginTestRA" name="testLogin" time="0.31"/>
  <testcase classname="com.erudex.test.login.LoginTestRA" name="testLogin" time="0.307"/>
  <testcase classname="com.erudex.test.login.LoginTestRA" name="testLogin" time="0.317"/>
  <testcase classname="com.erudex.test.login.LoginTestRA" name="testLogin" time="0.326"/>
  <testcase classname="com.erudex.test.login.LoginTestRA" name="testLogin" time="0.308"/>
  <testcase classname="com.erudex.test.login.LoginTestRA" name="testLogin" time="0.316"/>
  <testcase classname="com.erudex.test.login.LoginTestRA" name="testLogin" time="0.306"/>
  <testcase classname="com.erudex.test.login.LoginTestRA" name="testLogin" time="0.303"/>
  <testcase classname="com.erudex.test.login.LoginTestRA" name="testLogin" time="0.317"/>
  <testcase classname="com.erudex.test.login.LoginTestRA" name="testLogin" time="0.305"/>
  <testcase classname="com.erudex.test.login.LoginTestRA" name="testLogin" time="0.306"/>
  <testcase classname="com.erudex.test.login.LoginTestRA" name="testLogin" time="0.313"/>
  <testcase classname="com.erudex.test.login.LoginTestRA" name="testLogin" time="0.315"/>
  <testcase classname="com.erudex.test.login.LoginTestRA" name="testLogin" time="0.317"/>
  <testcase classname="com.erudex.test.login.LoginTestRA" name="testLogin" time="0.32"/>
  <testcase classname="com.erudex.test.login.LoginTestRA" name="testLogin" time="0.31"/>
  <testcase classname="com.erudex.test.login.LoginTestRA" name="testLogin" time="0.305"/>
  <testcase classname="com.erudex.test.login.LoginTestRA" name="testLogin" time="0.306"/>
  <testcase classname="com.erudex.test.login.LoginTestRA" name="testLogin" time="0.697"/>
  <testcase classname="com.erudex.test.login.LoginTestRA" name="testLogin" time="0.317"/>
  <testcase classname="com.erudex.test.login.LoginTestRA" name="testLogin" time="0.313"/>
  <testcase classname="com.erudex.test.login.LoginTestRA" name="testLogin" time="0.311"/>
  <testcase classname="com.erudex.test.login.LoginTestRA" name="testLogin" time="0.314"/>
  <testcase classname="com.erudex.test.login.LoginTestRA" name="testLogin" time="0.319"/>
  <testcase classname="com.erudex.test.login.LoginTestRA" name="testLogin" time="0.3"/>
  <testcase classname="com.erudex.test.login.LoginTestRA" name="testLogin" time="0.325"/>
  <testcase classname="com.erudex.test.login.LoginTestRA" name="testLogin" time="0.318"/>
  <testcase classname="com.erudex.test.login.LoginTestRA" name="testLogin" time="0.313"/>
  <testcase classname="com.erudex.test.login.LoginTestRA" name="testLogin" time="0.307"/>
  <testcase classname="com.erudex.test.login.LoginTestRA" name="testLogin" time="0.308"/>
  <testcase classname="com.erudex.test.login.LoginTestRA" name="testLogin" time="0.306"/>
  <testcase classname="com.erudex.test.login.LoginTestRA" name="testLogin" time="0.302"/>
  <testcase classname="com.erudex.test.login.LoginTestRA" name="testLogin" time="0.292"/>
  <testcase classname="com.erudex.test.login.LoginTestRA" name="testLogin" time="0.316"/>
  <testcase classname="com.erudex.test.login.LoginTestRA" name="testLogin" time="0.319"/>
  <testcase classname="com.erudex.test.login.LoginTestRA" name="testLogin" time="0.308"/>
  <testcase classname="com.erudex.test.login.LoginTestRA" name="testLogin" time="0.307"/>
  <testcase classname="com.erudex.test.login.LoginTestRA" name="testLogin" time="0.304"/>
  <testcase classname="com.erudex.test.login.LoginTestRA" name="testLogin" time="0.306"/>
  <testcase classname="com.erudex.test.login.LoginTestRA" name="testLogin" time="0.318"/>
  <testcase classname="com.erudex.test.login.LoginTestRA" name="testLogin" time="0.316"/>
  <testcase classname="com.erudex.test.login.LoginTestRA" name="testLogin" time="0.308"/>
  <testcase classname="com.erudex.test.login.LoginTestRA" name="testLogin" time="0.319"/>
  <testcase classname="com.erudex.test.login.LoginTestRA" name="testLogin" time="0.306"/>
  <testcase classname="com.erudex.test.login.LoginTestRA" name="testLogin" time="0.321"/>
  <testcase classname="com.erudex.test.login.LoginTestRA" name="testLogin" time="0.313"/>
  <testcase classname="com.erudex.test.login.LoginTestRA" name="testLogin" time="0.304"/>
  <testcase classname="com.erudex.test.login.LoginTestRA" name="testLogin" time="0.32"/>
  <testcase classname="com.erudex.test.login.LoginTestRA" name="testLogin" time="0.311"/>
  <testcase classname="com.erudex.test.login.LoginTestRA" name="testLogin" time="0.312"/>
  <testcase classname="com.erudex.test.login.LoginTestRA" name="testLogin" time="0.322"/>
  <testcase classname="com.erudex.test.login.LoginTestRA" name="testLogin" time="0.326"/>
  <testcase classname="com.erudex.test.login.LoginTestRA" name="testLogin" time="0.32"/>
  <testcase classname="com.erudex.test.login.LoginTestRA" name="testLogin" time="0.325"/>
  <testcase classname="com.erudex.test.login.LoginTestRA" name="testLogin" time="0.314"/>
  <testcase classname="com.erudex.test.login.LoginTestRA" name="testLogin" time="0.317"/>
  <testcase classname="com.erudex.test.login.LoginTestRA" name="testLogin" time="0.304"/>
  <testcase classname="com.erudex.test.login.LoginTestRA" name="testLogin" time="0.322"/>
  <testcase classname="com.erudex.test.login.LoginTestRA" name="testLogin" time="0.314"/>
  <testcase classname="com.erudex.test.login.LoginTestRA" name="testLogin" time="0.325"/>
  <testcase classname="com.erudex.test.login.LoginTestRA" name="testLogin" time="0.309"/>
  <testcase classname="com.erudex.test.login.LoginTestRA" name="testLogin" time="0.314"/>
  <testcase classname="com.erudex.test.login.LoginTestRA" name="testLogin" time="0.321"/>
  <testcase classname="com.erudex.test.login.LoginTestRA" name="testLogin" time="0.308"/>
  <testcase classname="com.erudex.test.login.LoginTestRA" name="testLogin" time="0.303"/>
  <testcase classname="com.erudex.test.login.LoginTestRA" name="testLogin" time="0.313"/>
  <testcase classname="com.erudex.test.login.LoginTestRA" name="testLogin" time="0.315"/>
  <testcase classname="com.erudex.test.login.LoginTestRA" name="testLogin" time="0.322"/>
  <testcase classname="com.erudex.test.login.LoginTestRA" name="testLogin" time="0.307"/>
  <testcase classname="com.erudex.test.login.LoginTestRA" name="testLogin" time="0.306"/>
  <testcase classname="com.erudex.test.login.LoginTestRA" name="testLogin" time="0.305"/>
  <testcase classname="com.erudex.test.login.LoginTestRA" name="testLogin" time="0.318"/>
  <testcase classname="com.erudex.test.login.LoginTestRA" name="testLogin" time="0.31"/>
  <testcase classname="com.erudex.test.login.LoginTestRA" name="testLogin" time="0.311"/>
  <testcase classname="com.erudex.test.login.LoginTestRA" name="testLogin" time="0.319"/>
  <testcase classname="com.erudex.test.login.LoginTestRA" name="testLogin" time="0.308"/>
  <testcase classname="com.erudex.test.login.LoginTestRA" name="testLogin" time="0.314"/>
  <testcase classname="com.erudex.test.login.LoginTestRA" name="testLogin" time="0.304"/>
  <testcase classname="com.erudex.test.login.LoginTestRA" name="testLogin" time="0.306"/>
  <testcase classname="com.erudex.test.login.LoginTestRA" name="testLogin" time="0.308"/>
  <testcase classname="com.erudex.test.login.LoginTestRA" name="testLogin" time="0.32"/>
  <testcase classname="com.erudex.test.login.LoginTestRA" name="testLogin" time="0.3"/>
  <testcase classname="com.erudex.test.login.LoginTestRA" name="testLogin" time="0.302"/>
  <testcase classname="com.erudex.test.login.LoginTestRA" name="testLogin" time="0.332"/>
  <testcase classname="com.erudex.test.login.LoginTestRA" name="testLogin" time="0.313"/>
  <testcase classname="com.erudex.test.login.LoginTestRA" name="testLogin" time="0.316"/>
  <testcase classname="com.erudex.test.login.LoginTestRA" name="testLogin" time="0.718"/>
  <testcase classname="com.erudex.test.login.LoginTestRA" name="testLogin" time="0.316"/>
  <testcase classname="com.erudex.test.login.LoginTestRA" name="testLogin" time="0.318"/>
  <testcase classname="com.erudex.test.login.LoginTestRA" name="testLogin" time="0.308"/>
  <testcase classname="com.erudex.test.login.LoginTestRA" name="testLogin" time="0.318"/>
  <testcase classname="com.erudex.test.login.LoginTestRA" name="testLogin" time="0.31"/>
  <testcase classname="com.erudex.test.login.LoginTestRA" name="testLogin" time="0.307"/>
  <testcase classname="com.erudex.test.login.LoginTestRA" name="testLogin" time="0.309"/>
  <testcase classname="com.erudex.test.login.LoginTestRA" name="testLogin" time="0.32"/>
  <testcase classname="com.erudex.test.login.LoginTestRA" name="testLogin" time="0.31"/>
  <testcase classname="com.erudex.test.login.LoginTestRA" name="testLogin" time="0.322"/>
  <testcase classname="com.erudex.test.login.LoginTestRA" name="testLogin" time="0.326"/>
  <testcase classname="com.erudex.test.login.LoginTestRA" name="testLogin" time="0.307"/>
  <testcase classname="com.erudex.test.login.LoginTestRA" name="testLogin" time="0.307"/>
  <testcase classname="com.erudex.test.login.LoginTestRA" name="testLogin" time="0.315"/>
  <testcase classname="com.erudex.test.login.LoginTestRA" name="testLogin" time="0.315"/>
  <testcase classname="com.erudex.test.login.LoginTestRA" name="testLogin" time="0.308"/>
  <testcase classname="com.erudex.test.login.LoginTestRA" name="testLogin" time="0.31"/>
  <testcase classname="com.erudex.test.login.LoginTestRA" name="testLogin" time="0.303"/>
  <testcase classname="com.erudex.test.login.LoginTestRA" name="testLogin" time="0.705"/>
  <testcase classname="com.erudex.test.login.LoginTestRA" name="testLogin" time="0.309"/>
  <testcase classname="com.erudex.test.login.LoginTestRA" name="testLogin" time="0.324"/>
  <testcase classname="com.erudex.test.login.LoginTestRA" name="testLogin" time="0.317"/>
  <testcase classname="com.erudex.test.login.LoginTestRA" name="testLogin" time="0.307"/>
  <testcase classname="com.erudex.test.login.LoginTestRA" name="testLogin" time="0.304"/>
  <testcase classname="com.erudex.test.login.LoginTestRA" name="testLogin" time="0.319"/>
  <testcase classname="com.erudex.test.login.LoginTestRA" name="testLogin" time="0.308"/>
  <testcase classname="com.erudex.test.login.LoginTestRA" name="testLogin" time="0.301"/>
  <testcase classname="com.erudex.test.login.LoginTestRA" name="testLogin" time="0.318"/>
  <testcase classname="com.erudex.test.login.LoginTestRA" name="testLogin" time="0.318"/>
  <testcase classname="com.erudex.test.login.LoginTestRA" name="testLogin" time="0.302"/>
  <testcase classname="com.erudex.test.login.LoginTestRA" name="testLogin" time="0.328"/>
  <testcase classname="com.erudex.test.login.LoginTestRA" name="testLogin" time="0.309"/>
  <testcase classname="com.erudex.test.login.LoginTestRA" name="testLogin" time="0.316"/>
  <testcase classname="com.erudex.test.login.LoginTestRA" name="testLogin" time="0.323"/>
  <testcase classname="com.erudex.test.login.LoginTestRA" name="testLogin" time="0.308"/>
  <testcase classname="com.erudex.test.login.LoginTestRA" name="testLogin" time="0.308"/>
  <testcase classname="com.erudex.test.login.LoginTestRA" name="testLogin" time="0.308"/>
  <testcase classname="com.erudex.test.login.LoginTestRA" name="testLogin" time="0.296"/>
  <testcase classname="com.erudex.test.login.LoginTestRA" name="testLogin" time="0.313"/>
  <testcase classname="com.erudex.test.login.LoginTestRA" name="testLogin" time="0.319"/>
  <testcase classname="com.erudex.test.login.LoginTestRA" name="testLogin" time="0.318"/>
  <testcase classname="com.erudex.test.login.LoginTestRA" name="testLogin" time="0.317"/>
  <testcase classname="com.erudex.test.login.LoginTestRA" name="testLogin" time="0.32"/>
  <testcase classname="com.erudex.test.login.LoginTestRA" name="testLogin" time="0.319"/>
  <testcase classname="com.erudex.test.login.LoginTestRA" name="testLogin" time="0.317"/>
  <testcase classname="com.erudex.test.login.LoginTestRA" name="testLogin" time="0.321"/>
  <testcase classname="com.erudex.test.login.LoginTestRA" name="testLogin" time="0.313"/>
  <testcase classname="com.erudex.test.login.LoginTestRA" name="testLogin" time="0.312"/>
  <testcase classname="com.erudex.test.login.LoginTestRA" name="testLogin" time="0.324"/>
  <testcase classname="com.erudex.test.login.LoginTestRA" name="testLogin" time="0.39"/>
  <testcase classname="com.erudex.test.login.LoginTestRA" name="testLogin" time="0.32"/>
  <testcase classname="com.erudex.test.login.LoginTestRA" name="testLogin" time="0.311"/>
  <testcase classname="com.erudex.test.login.LoginTestRA" name="testLogin" time="0.314"/>
  <testcase classname="com.erudex.test.login.LoginTestRA" name="testLogin" time="0.316"/>
  <testcase classname="com.erudex.test.login.LoginTestRA" name="testLogin" time="0.306"/>
  <testcase classname="com.erudex.test.login.LoginTestRA" name="testLogin" time="0.311"/>
  <testcase classname="com.erudex.test.login.LoginTestRA" name="testLogin" time="0.309"/>
  <testcase classname="com.erudex.test.login.LoginTestRA" name="testLogin" time="0.337"/>
  <testcase classname="com.erudex.test.login.LoginTestRA" name="testLogin" time="0.319"/>
  <testcase classname="com.erudex.test.login.LoginTestRA" name="testLogin" time="0.308"/>
  <testcase classname="com.erudex.test.login.LoginTestRA" name="testLogin" time="0.306"/>
  <testcase classname="com.erudex.test.login.LoginTestRA" name="testLogin" time="0.311"/>
  <testcase classname="com.erudex.test.login.LoginTestRA" name="testLogin" time="0.3"/>
  <testcase classname="com.erudex.test.login.LoginTestRA" name="testLogin" time="0.316"/>
  <testcase classname="com.erudex.test.login.LoginTestRA" name="testLogin" time="0.318"/>
  <testcase classname="com.erudex.test.login.LoginTestRA" name="testLogin" time="0.317"/>
  <testcase classname="com.erudex.test.login.LoginTestRA" name="testLogin" time="0.313"/>
  <testcase classname="com.erudex.test.login.LoginTestRA" name="testLogin" time="0.313"/>
  <testcase classname="com.erudex.test.login.LoginTestRA" name="testLogin" time="0.298"/>
  <testcase classname="com.erudex.test.login.LoginTestRA" name="testLogin" time="0.305"/>
  <testcase classname="com.erudex.test.login.LoginTestRA" name="testLogin" time="0.318"/>
  <testcase classname="com.erudex.test.login.LoginTestRA" name="testLogin" time="0.317"/>
  <testcase classname="com.erudex.test.login.LoginTestRA" name="testLogin" time="0.323"/>
[...]
  <testcase classname="com.erudex.test.login.LoginTestRA" name="testLogoutWithSession" time="0.3"/>
  <testcase classname="com.erudex.test.login.LoginTestRA" name="testLogoutWithSession" time="0.308"/>
  <testcase classname="com.erudex.test.login.LoginTestRA" name="testLogoutWithSession" time="0.308"/>
  <testcase classname="com.erudex.test.login.LoginTestRA" name="testLogoutWithSession" time="0.314"/>
  <testcase classname="com.erudex.test.login.LoginTestRA" name="testLogoutWithSession" time="0.297"/>
  <testcase classname="com.erudex.test.login.LoginTestRA" name="testLogoutWithSession" time="0.306"/>
  <testcase classname="com.erudex.test.login.LoginTestRA" name="testLogoutWithSession" time="0.702"/>
  <testcase classname="com.erudex.test.login.LoginTestRA" name="testLogoutWithSession" time="0.299"/>
  <testcase classname="com.erudex.test.login.LoginTestRA" name="testLogoutWithSession" time="0.307"/>
  <testcase classname="com.erudex.test.login.LoginTestRA" name="testLogoutWithSession" time="0.307"/>
  <testcase classname="com.erudex.test.login.LoginTestRA" name="testLogoutWithSession" time="0.295"/>
  <testcase classname="com.erudex.test.login.LoginTestRA" name="testLogoutWithSession" time="0.3"/>
  <testcase classname="com.erudex.test.login.LoginTestRA" name="testLogoutWithSession" time="0.303"/>
  <testcase classname="com.erudex.test.login.LoginTestRA" name="testLogoutWithSession" time="0.305"/>
  <testcase classname="com.erudex.test.login.LoginTestRA" name="testLogoutWithSession" time="0.3"/>
  <testcase classname="com.erudex.test.login.LoginTestRA" name="testLogoutWithSession" time="0.299"/>
  <testcase classname="com.erudex.test.login.LoginTestRA" name="testLogoutWithSession" time="0.301"/>
  <testcase classname="com.erudex.test.login.LoginTestRA" name="testLogoutWithSession" time="0.307"/>
  <testcase classname="com.erudex.test.login.LoginTestRA" name="testLogoutWithSession" time="0.313"/>
  <testcase classname="com.erudex.test.login.LoginTestRA" name="testLogoutWithSession" time="0.303"/>
  <testcase classname="com.erudex.test.login.LoginTestRA" name="testLogoutWithSession" time="0.298"/>
  <testcase classname="com.erudex.test.login.LoginTestRA" name="testLogoutWithSession" time="0.303"/>
  <testcase classname="com.erudex.test.login.LoginTestRA" name="testLogoutWithSession" time="0.306"/>
  <testcase classname="com.erudex.test.login.LoginTestRA" name="testLogoutWithSession" time="0.298"/>
  <testcase classname="com.erudex.test.login.LoginTestRA" name="testLogoutWithSession" time="0.308"/>
  <testcase classname="com.erudex.test.login.LoginTestRA" name="testLogoutWithSession" time="0.305"/>
  <testcase classname="com.erudex.test.login.LoginTestRA" name="testLogoutWithSession" time="0.31"/>
  <testcase classname="com.erudex.test.login.LoginTestRA" name="testLogoutWithSession" time="0.303"/>
  <testcase classname="com.erudex.test.login.LoginTestRA" name="testLogoutWithSession" time="0.303"/>
  <testcase classname="com.erudex.test.login.LoginTestRA" name="testLogoutWithSession" time="0.317"/>
  <testcase classname="com.erudex.test.login.LoginTestRA" name="testLogoutWithSession" time="0.315"/>
  <testcase classname="com.erudex.test.login.LoginTestRA" name="testLogoutWithSession" time="0.308"/>
  <testcase classname="com.erudex.test.login.LoginTestRA" name="testLogoutWithSession" time="0.296"/>
  <testcase classname="com.erudex.test.login.LoginTestRA" name="testLogoutWithSession" time="0.298"/>
  <testcase classname="com.erudex.test.login.LoginTestRA" name="testLogoutWithSession" time="0.296"/>
  <testcase classname="com.erudex.test.login.LoginTestRA" name="testLogoutWithSession" time="0.307"/>
  <testcase classname="com.erudex.test.login.LoginTestRA" name="testLogoutWithSession" time="0.306"/>
  <testcase classname="com.erudex.test.login.LoginTestRA" name="testLogoutWithSession" time="0.311"/>
  <testcase classname="com.erudex.test.login.LoginTestRA" name="testLogoutWithSession" time="0.302"/>
  <testcase classname="com.erudex.test.login.LoginTestRA" name="testLogoutWithSession" time="0.311"/>
  <testcase classname="com.erudex.test.login.LoginTestRA" name="testLogoutWithSession" time="0.301"/>
  <testcase classname="com.erudex.test.login.LoginTestRA" name="testLogoutWithSession" time="0.302"/>
  <testcase classname="com.erudex.test.login.LoginTestRA" name="testLogoutWithSession" time="0.303"/>
  <testcase classname="com.erudex.test.login.LoginTestRA" name="testLogoutWithSession" time="0.298"/>
  <testcase classname="com.erudex.test.login.LoginTestRA" name="testLogoutWithSession" time="0.297"/>
  <testcase classname="com.erudex.test.login.LoginTestRA" name="testLogoutWithSession" time="0.301"/>
  <testcase classname="com.erudex.test.login.LoginTestRA" name="testLogoutWithSession" time="0.296"/>
  <testcase classname="com.erudex.test.login.LoginTestRA" name="testLogoutWithSession" time="0.313"/>
  <testcase classname="com.erudex.test.login.LoginTestRA" name="testLogoutWithSession" time="0.3"/>
  <testcase classname="com.erudex.test.login.LoginTestRA" name="testLogoutWithSession" time="0.292"/>
  <testcase classname="com.erudex.test.login.LoginTestRA" name="testLogoutWithSession" time="0.3"/>
  <testcase classname="com.erudex.test.login.LoginTestRA" name="testLogoutWithSession" time="0.299"/>
  <testcase classname="com.erudex.test.login.LoginTestRA" name="testLogoutWithSession" time="0.296"/>
  <testcase classname="com.erudex.test.login.LoginTestRA" name="testLogoutWithSession" time="0.297"/>
  <testcase classname="com.erudex.test.login.LoginTestRA" name="testLogoutWithSession" time="0.296"/>
  <testcase classname="com.erudex.test.login.LoginTestRA" name="testLogoutWithSession" time="0.298"/>
  <testcase classname="com.erudex.test.login.LoginTestRA" name="testLogoutWithSession" time="0.305"/>
  <testcase classname="com.erudex.test.login.LoginTestRA" name="testLogoutWithSession" time="0.298"/>
  <testcase classname="com.erudex.test.login.LoginTestRA" name="testLogoutWithSession" time="0.288"/>
  <testcase classname="com.erudex.test.login.LoginTestRA" name="testLogoutWithSession" time="0.297"/>
  <testcase classname="com.erudex.test.login.LoginTestRA" name="testLogoutWithSession" time="0.303"/>
  <testcase classname="com.erudex.test.login.LoginTestRA" name="testLogoutWithSession" time="0.306"/>
  <testcase classname="com.erudex.test.login.LoginTestRA" name="testLogoutWithSession" time="0.298"/>
  <testcase classname="com.erudex.test.login.LoginTestRA" name="testLogoutWithSession" time="0.299"/>
  <testcase classname="com.erudex.test.login.LoginTestRA" name="testLogoutWithSession" time="0.294"/>
  <testcase classname="com.erudex.test.login.LoginTestRA" name="testLogoutWithSession" time="0.296"/>
  <testcase classname="com.erudex.test.login.LoginTestRA" name="testLogoutWithSession" time="0.302"/>
  <testcase classname="com.erudex.test.login.LoginTestRA" name="testLogoutWithSession" time="0.302"/>
  <testcase classname="com.erudex.test.login.LoginTestRA" name="testLogoutWithSession" time="0.291"/>
  <testcase classname="com.erudex.test.login.LoginTestRA" name="testLogoutWithSession" time="0.317"/>
  <testcase classname="com.erudex.test.login.LoginTestRA" name="testLogoutWithSession" time="0.308"/>
  <testcase classname="com.erudex.test.login.LoginTestRA" name="testLogoutWithSession" time="0.298"/>
  <testcase classname="com.erudex.test.login.LoginTestRA" name="testLogoutWithSession" time="0.301"/>
  <testcase classname="com.erudex.test.login.LoginTestRA" name="testLogoutWithSession" time="0.295"/>
  <testcase classname="com.erudex.test.login.LoginTestRA" name="testLogoutWithSession" time="0.302"/>
  <testcase classname="com.erudex.test.login.LoginTestRA" name="testLogoutWithSession" time="0.298"/>
  <testcase classname="com.erudex.test.login.LoginTestRA" name="testLogoutWithSession" time="0.317"/>
  <testcase classname="com.erudex.test.login.LoginTestRA" name="testLogoutWithSession" time="0.309"/>
  <testcase classname="com.erudex.test.login.LoginTestRA" name="testLogoutWithSession" time="0.307"/>
  <testcase classname="com.erudex.test.login.LoginTestRA" name="testLogoutWithSession" time="0.313"/>
  <testcase classname="com.erudex.test.login.LoginTestRA" name="testLogoutWithSession" time="0.304"/>
  <testcase classname="com.erudex.test.login.LoginTestRA" name="testLogoutWithSession" time="0.315"/>
  <testcase classname="com.erudex.test.login.LoginTestRA" name="testLogoutWithSession" time="0.315"/>
  <testcase classname="com.erudex.test.login.LoginTestRA" name="testLogoutWithSession" time="0.31"/>
  <testcase classname="com.erudex.test.login.LoginTestRA" name="testLogoutWithSession" time="0.318"/>
  <testcase classname="com.erudex.test.login.LoginTestRA" name="testLogoutWithSession" time="0.3"/>
  <testcase classname="com.erudex.test.login.LoginTestRA" name="testLogoutWithSession" time="0.301"/>
  <testcase classname="com.erudex.test.login.LoginTestRA" name="testLogoutWithSession" time="0.306"/>
  <testcase classname="com.erudex.test.login.LoginTestRA" name="testLogoutWithSession" time="0.3"/>
  <testcase classname="com.erudex.test.login.LoginTestRA" name="testLogoutWithSession" time="0.299"/>
  <testcase classname="com.erudex.test.login.LoginTestRA" name="testLogoutWithSession" time="0.306"/>
  <testcase classname="com.erudex.test.login.LoginTestRA" name="testLogoutWithSession" time="0.309"/>
  <testcase classname="com.erudex.test.login.LoginTestRA" name="testLogoutWithSession" time="0.304"/>
  <testcase classname="com.erudex.test.login.LoginTestRA" name="testLogoutWithSession" time="0.307"/>
  <testcase classname="com.erudex.test.login.LoginTestRA" name="testLogoutWithSession" time="0.297"/>
  <testcase classname="com.erudex.test.login.LoginTestRA" name="testLogoutWithSession" time="0.301"/>
  <testcase classname="com.erudex.test.login.LoginTestRA" name="testLogoutWithSession" time="0.304"/>
  <testcase classname="com.erudex.test.login.LoginTestRA" name="testLogoutWithSession" time="0.292"/>
  <testcase classname="com.erudex.test.login.LoginTestRA" name="testLogoutWithSession" time="0.303"/>
  <testcase classname="com.erudex.test.login.LoginTestRA" name="testLogoutWithSession" time="0.306"/>
  <testcase classname="com.erudex.test.login.LoginTestRA" name="testLogoutWithSession" time="0.302"/>
  <testcase classname="com.erudex.test.login.LoginTestRA" name="testLogoutWithSession" time="0.308"/>
  <testcase classname="com.erudex.test.login.LoginTestRA" name="testLogoutWithSession" time="0.305"/>
  <testcase classname="com.erudex.test.login.LoginTestRA" name="testLogoutWithSession" time="0.297"/>
  <testcase classname="com.erudex.test.login.LoginTestRA" name="testLogoutWithSession" time="0.296"/>
  <testcase classname="com.erudex.test.login.LoginTestRA" name="testLogoutWithSession" time="0.294"/>
  <testcase classname="com.erudex.test.login.LoginTestRA" name="testLogoutWithSession" time="0.293"/>
  <testcase classname="com.erudex.test.login.LoginTestRA" name="testLogoutWithSession" time="0.295"/>
  <testcase classname="com.erudex.test.login.LoginTestRA" name="testLogoutWithSession" time="0.3"/>
  <testcase classname="com.erudex.test.login.LoginTestRA" name="testLogoutWithSession" time="0.294"/>
  <testcase classname="com.erudex.test.login.LoginTestRA" name="testLogoutWithSession" time="0.306"/>
  <testcase classname="com.erudex.test.login.LoginTestRA" name="testLogoutWithSession" time="0.302"/>
  <testcase classname="com.erudex.test.login.LoginTestRA" name="testLogoutWithSession" time="0.301"/>
  <testcase classname="com.erudex.test.login.LoginTestRA" name="testLogoutWithSession" time="0.295"/>
  <testcase classname="com.erudex.test.login.LoginTestRA" name="testLogoutWithSession" time="0.302"/>
  <testcase classname="com.erudex.test.login.LoginTestRA" name="testLogoutWithSession" time="0.301"/>
  <testcase classname="com.erudex.test.login.LoginTestRA" name="testLogoutWithSession" time="0.305"/>
  <testcase classname="com.erudex.test.login.LoginTestRA" name="testLogoutWithSession" time="0.309"/>
  <testcase classname="com.erudex.test.login.LoginTestRA" name="testLogoutWithSession" time="0.297"/>
  <testcase classname="com.erudex.test.login.LoginTestRA" name="testLogoutWithSession" time="0.308"/>
  <testcase classname="com.erudex.test.login.LoginTestRA" name="testLogoutWithSession" time="0.305"/>
  <testcase classname="com.erudex.test.login.LoginTestRA" name="testLogoutWithSession" time="0.306"/>
  <testcase classname="com.erudex.test.login.LoginTestRA" name="testLogoutWithSession" time="0.304"/>
  <testcase classname="com.erudex.test.login.LoginTestRA" name="testLogoutWithSession" time="0.295"/>
  <testcase classname="com.erudex.test.login.LoginTestRA" name="testLogoutWithSession" time="0.317"/>
  <testcase classname="com.erudex.test.login.LoginTestRA" name="testLogoutWithSession" time="0.3"/>
  <testcase classname="com.erudex.test.login.LoginTestRA" name="testLogoutWithSession" time="0.307"/>
  <testcase classname="com.erudex.test.login.LoginTestRA" name="testLogoutWithSession" time="0.297"/>
  <testcase classname="com.erudex.test.login.LoginTestRA" name="testLogoutWithSession" time="0.299"/>
  <testcase classname="com.erudex.test.login.LoginTestRA" name="testLogoutWithSession" time="0.296"/>
  <testcase classname="com.erudex.test.login.LoginTestRA" name="testLogoutWithSession" time="0.296"/>
  <testcase classname="com.erudex.test.login.LoginTestRA" name="testLogoutWithSession" time="0.689"/>
  <testcase classname="com.erudex.test.login.LoginTestRA" name="testLogoutWithSession" time="0.306"/>
  <testcase classname="com.erudex.test.login.LoginTestRA" name="testLogoutWithSession" time="0.295"/>
  <testcase classname="com.erudex.test.login.LoginTestRA" name="testLogoutWithSession" time="0.304"/>
  <testcase classname="com.erudex.test.login.LoginTestRA" name="testLogoutWithSession" time="0.311"/>
  <testcase classname="com.erudex.test.login.LoginTestRA" name="testLogoutWithSession" time="0.301"/>
  <testcase classname="com.erudex.test.login.LoginTestRA" name="testLogoutWithSession" time="0.293"/>
  <testcase classname="com.erudex.test.login.LoginTestRA" name="testLogoutWithSession" time="0.301"/>
  <testcase classname="com.erudex.test.login.LoginTestRA" name="testLogoutWithSession" time="0.295"/>
  <testcase classname="com.erudex.test.login.LoginTestRA" name="testLogoutWithSession" time="0.295"/>
  <testcase classname="com.erudex.test.login.LoginTestRA" name="testLogoutWithSession" time="0.308"/>
  <testcase classname="com.erudex.test.login.LoginTestRA" name="testLogoutWithSession" time="0.302"/>
  <testcase classname="com.erudex.test.login.LoginTestRA" name="testLogoutWithSession" time="0.306"/>
  <testcase classname="com.erudex.test.login.LoginTestRA" name="testLogoutWithSession" time="0.298"/>
  <testcase classname="com.erudex.test.login.LoginTestRA" name="testLogoutWithSession" time="0.309"/>
  <testcase classname="com.erudex.test.login.LoginTestRA" name="testLogoutWithSession" time="0.308"/>
  <testcase classname="com.erudex.test.login.LoginTestRA" name="testLogoutWithSession" time="0.31"/>
  <testcase classname="com.erudex.test.login.LoginTestRA" name="testLogoutWithSession" time="0.305"/>
  <testcase classname="com.erudex.test.login.LoginTestRA" name="testLogoutWithSession" time="0.311"/>
  <testcase classname="com.erudex.test.login.LoginTestRA" name="testLogoutWithSession" time="0.3"/>
  <testcase classname="com.erudex.test.login.LoginTestRA" name="testLogoutWithSession" time="0.297"/>
  <testcase classname="com.erudex.test.login.LoginTestRA" name="testLogoutWithSession" time="0.315"/>
  <testcase classname="com.erudex.test.login.LoginTestRA" name="testLogoutWithSession" time="0.305"/>
  <testcase classname="com.erudex.test.login.LoginTestRA" name="testLogoutWithSession" time="0.303"/>
  <testcase classname="com.erudex.test.login.LoginTestRA" name="testLogoutWithSession" time="0.306"/>
  <testcase classname="com.erudex.test.login.LoginTestRA" name="testLogoutWithSession" time="0.314"/>
  <testcase classname="com.erudex.test.login.LoginTestRA" name="testLogoutWithSession" time="0.32"/>
  <testcase classname="com.erudex.test.login.LoginTestRA" name="testLogoutWithSession" time="0.314"/>
  <testcase classname="com.erudex.test.login.LoginTestRA" name="testLogoutWithSession" time="0.304"/>
  <testcase classname="com.erudex.test.login.LoginTestRA" name="testLogoutWithSession" time="0.316"/>
  <testcase classname="com.erudex.test.login.LoginTestRA" name="testLogoutWithSession" time="0.305"/>
  <testcase classname="com.erudex.test.login.LoginTestRA" name="testLogoutWithSession" time="0.298"/>
  <testcase classname="com.erudex.test.login.LoginTestRA" name="testLogoutWithSession" time="0.304"/>
  <testcase classname="com.erudex.test.login.LoginTestRA" name="testLogoutWithSession" time="0.304"/>
  <testcase classname="com.erudex.test.login.LoginTestRA" name="testLogoutWithSession" time="0.302"/>
  <testcase classname="com.erudex.test.login.LoginTestRA" name="testLogoutWithSession" time="0.307"/>
  <testcase classname="com.erudex.test.login.LoginTestRA" name="testLogoutWithSession" time="0.309"/>
  <testcase classname="com.erudex.test.login.LoginTestRA" name="testLogoutWithSession" time="0.306"/>
  <testcase classname="com.erudex.test.login.LoginTestRA" name="testLogoutWithSession" time="0.327"/>
  <testcase classname="com.erudex.test.login.LoginTestRA" name="testLogoutWithSession" time="0.293"/>
  <testcase classname="com.erudex.test.login.LoginTestRA" name="testLogoutWithSession" time="0.295"/>
  <testcase classname="com.erudex.test.login.LoginTestRA" name="testLogoutWithSession" time="0.3"/>
  <testcase classname="com.erudex.test.login.LoginTestRA" name="testLogoutWithSession" time="0.702"/>
  <testcase classname="com.erudex.test.login.LoginTestRA" name="testLogoutWithSession" time="0.31"/>
  <testcase classname="com.erudex.test.login.LoginTestRA" name="testLogoutWithSession" time="0.295"/>
  <testcase classname="com.erudex.test.login.LoginTestRA" name="testLogoutWithSession" time="0.299"/>
  <testcase classname="com.erudex.test.login.LoginTestRA" name="testLogoutWithSession" time="0.302"/>
  <testcase classname="com.erudex.test.login.LoginTestRA" name="testLogoutWithSession" time="0.312"/>
  <testcase classname="com.erudex.test.login.LoginTestRA" name="testLogoutWithSession" time="0.305"/>
  <testcase classname="com.erudex.test.login.LoginTestRA" name="testLogoutWithSession" time="0.294"/>
  <testcase classname="com.erudex.test.login.LoginTestRA" name="testLogoutWithSession" time="0.298"/>
  <testcase classname="com.erudex.test.login.LoginTestRA" name="testLogoutWithSession" time="0.297"/>
  <testcase classname="com.erudex.test.login.LoginTestRA" name="testLogoutWithSession" time="0.305"/>
  <testcase classname="com.erudex.test.login.LoginTestRA" name="testLogoutWithSession" time="0.305"/>
  <testcase classname="com.erudex.test.login.LoginTestRA" name="testLogoutWithSession" time="0.321"/>
  <testcase classname="com.erudex.test.login.LoginTestRA" name="testLogoutWithSession" time="0.301"/>
  <testcase classname="com.erudex.test.login.LoginTestRA" name="testLogoutWithSession" time="0.3"/>
  <testcase classname="com.erudex.test.login.LoginTestRA" name="testLogoutWithSession" time="0.304"/>
  <testcase classname="com.erudex.test.login.LoginTestRA" name="testLogoutWithSession" time="0.309"/>
  <testcase classname="com.erudex.test.login.LoginTestRA" name="testLogoutWithSession" time="0.294"/>
  <testcase classname="com.erudex.test.login.LoginTestRA" name="testLogoutWithSession" time="0.303"/>
  <testcase classname="com.erudex.test.login.LoginTestRA" name="testLogoutWithSession" time="0.303"/>
</testsuite> <!-- Erudex Rest Assured  Login API  Tests -->
